In file included from zlasdtest/exercise1/simpletest.cpp:6:
zlasdtest/exercise1/../container/container.hpp:11:12: error: variable or field 'Empty' declared void
 void Empty(uint&, uint&, const lasd::Container&, bool);
            ^~~~
zlasdtest/exercise1/../container/container.hpp:11:12: error: 'uint' was not declared in this scope
zlasdtest/exercise1/../container/container.hpp:11:12: note: suggested alternative: 'int'
 void Empty(uint&, uint&, const lasd::Container&, bool);
            ^~~~
            int
zlasdtest/exercise1/../container/container.hpp:11:17: error: expected primary-expression before ',' token
 void Empty(uint&, uint&, const lasd::Container&, bool);
                 ^
zlasdtest/exercise1/../container/container.hpp:11:19: error: 'uint' was not declared in this scope
 void Empty(uint&, uint&, const lasd::Container&, bool);
                   ^~~~
zlasdtest/exercise1/../container/container.hpp:11:19: note: suggested alternative: 'int'
 void Empty(uint&, uint&, const lasd::Container&, bool);
                   ^~~~
                   int
zlasdtest/exercise1/../container/container.hpp:11:24: error: expected primary-expression before ',' token
 void Empty(uint&, uint&, const lasd::Container&, bool);
                        ^
zlasdtest/exercise1/../container/container.hpp:11:26: error: expected primary-expression before 'const'
 void Empty(uint&, uint&, const lasd::Container&, bool);
                          ^~~~~
zlasdtest/exercise1/../container/container.hpp:11:50: error: expected primary-expression before 'bool'
 void Empty(uint&, uint&, const lasd::Container&, bool);
                                                  ^~~~
zlasdtest/exercise1/../container/container.hpp:13:11: error: variable or field 'Size' declared void
 void Size(uint&, uint&, const lasd::Container&, bool, ulong);
           ^~~~
zlasdtest/exercise1/../container/container.hpp:13:11: error: 'uint' was not declared in this scope
zlasdtest/exercise1/../container/container.hpp:13:11: note: suggested alternative: 'int'
 void Size(uint&, uint&, const lasd::Container&, bool, ulong);
           ^~~~
           int
zlasdtest/exercise1/../container/container.hpp:13:16: error: expected primary-expression before ',' token
 void Size(uint&, uint&, const lasd::Container&, bool, ulong);
                ^
zlasdtest/exercise1/../container/container.hpp:13:18: error: 'uint' was not declared in this scope
 void Size(uint&, uint&, const lasd::Container&, bool, ulong);
                  ^~~~
zlasdtest/exercise1/../container/container.hpp:13:18: note: suggested alternative: 'int'
 void Size(uint&, uint&, const lasd::Container&, bool, ulong);
                  ^~~~
                  int
zlasdtest/exercise1/../container/container.hpp:13:23: error: expected primary-expression before ',' token
 void Size(uint&, uint&, const lasd::Container&, bool, ulong);
                       ^
zlasdtest/exercise1/../container/container.hpp:13:25: error: expected primary-expression before 'const'
 void Size(uint&, uint&, const lasd::Container&, bool, ulong);
                         ^~~~~
zlasdtest/exercise1/../container/container.hpp:13:49: error: expected primary-expression before 'bool'
 void Size(uint&, uint&, const lasd::Container&, bool, ulong);
                                                 ^~~~
zlasdtest/exercise1/../container/container.hpp:13:55: error: 'ulong' was not declared in this scope
 void Size(uint&, uint&, const lasd::Container&, bool, ulong);
                                                       ^~~~~
zlasdtest/exercise1/../container/container.hpp:13:55: note: suggested alternative: 'long'
 void Size(uint&, uint&, const lasd::Container&, bool, ulong);
                                                       ^~~~~
                                                       long
zlasdtest/exercise1/../container/container.hpp:20:15: error: variable or field 'GetFront' declared void
 void GetFront(uint& testnum, uint& testerr, const lasd::LinearContainer<Data>& con, bool chk, const Data& val) {
               ^~~~
zlasdtest/exercise1/../container/container.hpp:20:15: error: 'uint' was not declared in this scope
zlasdtest/exercise1/../container/container.hpp:20:15: note: suggested alternative: 'int'
 void GetFront(uint& testnum, uint& testerr, const lasd::LinearContainer<Data>& con, bool chk, const Data& val) {
               ^~~~
               int
zlasdtest/exercise1/../container/container.hpp:20:21: error: 'testnum' was not declared in this scope
 void GetFront(uint& testnum, uint& testerr, const lasd::LinearContainer<Data>& con, bool chk, const Data& val) {
                     ^~~~~~~
zlasdtest/exercise1/../container/container.hpp:20:21: note: suggested alternative: 'tempnam'
 void GetFront(uint& testnum, uint& testerr, const lasd::LinearContainer<Data>& con, bool chk, const Data& val) {
                     ^~~~~~~
                     tempnam
zlasdtest/exercise1/../container/container.hpp:20:30: error: 'uint' was not declared in this scope
 void GetFront(uint& testnum, uint& testerr, const lasd::LinearContainer<Data>& con, bool chk, const Data& val) {
                              ^~~~
zlasdtest/exercise1/../container/container.hpp:20:30: note: suggested alternative: 'int'
 void GetFront(uint& testnum, uint& testerr, const lasd::LinearContainer<Data>& con, bool chk, const Data& val) {
                              ^~~~
                              int
zlasdtest/exercise1/../container/container.hpp:20:36: error: 'testerr' was not declared in this scope
 void GetFront(uint& testnum, uint& testerr, const lasd::LinearContainer<Data>& con, bool chk, const Data& val) {
                                    ^~~~~~~
zlasdtest/exercise1/../container/container.hpp:20:36: note: suggested alternative: 'stderr'
 void GetFront(uint& testnum, uint& testerr, const lasd::LinearContainer<Data>& con, bool chk, const Data& val) {
                                    ^~~~~~~
                                    stderr
zlasdtest/exercise1/../container/container.hpp:20:45: error: expected primary-expression before 'const'
 void GetFront(uint& testnum, uint& testerr, const lasd::LinearContainer<Data>& con, bool chk, const Data& val) {
                                             ^~~~~
zlasdtest/exercise1/../container/container.hpp:20:85: error: expected primary-expression before 'bool'
 void GetFront(uint& testnum, uint& testerr, const lasd::LinearContainer<Data>& con, bool chk, const Data& val) {
                                                                                     ^~~~
zlasdtest/exercise1/../container/container.hpp:20:95: error: expected primary-expression before 'const'
 void GetFront(uint& testnum, uint& testerr, const lasd::LinearContainer<Data>& con, bool chk, const Data& val) {
                                                                                               ^~~~~
zlasdtest/exercise1/../container/container.hpp:36:15: error: variable or field 'SetFront' declared void
 void SetFront(uint& testnum, uint& testerr, const lasd::LinearContainer<Data>& con, bool chk, const Data& val) {
               ^~~~
zlasdtest/exercise1/../container/container.hpp:36:15: error: 'uint' was not declared in this scope
zlasdtest/exercise1/../container/container.hpp:36:15: note: suggested alternative: 'int'
 void SetFront(uint& testnum, uint& testerr, const lasd::LinearContainer<Data>& con, bool chk, const Data& val) {
               ^~~~
               int
zlasdtest/exercise1/../container/container.hpp:36:21: error: 'testnum' was not declared in this scope
 void SetFront(uint& testnum, uint& testerr, const lasd::LinearContainer<Data>& con, bool chk, const Data& val) {
                     ^~~~~~~
zlasdtest/exercise1/../container/container.hpp:36:21: note: suggested alternative: 'tempnam'
 void SetFront(uint& testnum, uint& testerr, const lasd::LinearContainer<Data>& con, bool chk, const Data& val) {
                     ^~~~~~~
                     tempnam
zlasdtest/exercise1/../container/container.hpp:36:30: error: 'uint' was not declared in this scope
 void SetFront(uint& testnum, uint& testerr, const lasd::LinearContainer<Data>& con, bool chk, const Data& val) {
                              ^~~~
zlasdtest/exercise1/../container/container.hpp:36:30: note: suggested alternative: 'int'
 void SetFront(uint& testnum, uint& testerr, const lasd::LinearContainer<Data>& con, bool chk, const Data& val) {
                              ^~~~
                              int
zlasdtest/exercise1/../container/container.hpp:36:36: error: 'testerr' was not declared in this scope
 void SetFront(uint& testnum, uint& testerr, const lasd::LinearContainer<Data>& con, bool chk, const Data& val) {
                                    ^~~~~~~
zlasdtest/exercise1/../container/container.hpp:36:36: note: suggested alternative: 'stderr'
 void SetFront(uint& testnum, uint& testerr, const lasd::LinearContainer<Data>& con, bool chk, const Data& val) {
                                    ^~~~~~~
                                    stderr
zlasdtest/exercise1/../container/container.hpp:36:45: error: expected primary-expression before 'const'
 void SetFront(uint& testnum, uint& testerr, const lasd::LinearContainer<Data>& con, bool chk, const Data& val) {
                                             ^~~~~
zlasdtest/exercise1/../container/container.hpp:36:85: error: expected primary-expression before 'bool'
 void SetFront(uint& testnum, uint& testerr, const lasd::LinearContainer<Data>& con, bool chk, const Data& val) {
                                                                                     ^~~~
zlasdtest/exercise1/../container/container.hpp:36:95: error: expected primary-expression before 'const'
 void SetFront(uint& testnum, uint& testerr, const lasd::LinearContainer<Data>& con, bool chk, const Data& val) {
                                                                                               ^~~~~
zlasdtest/exercise1/../container/container.hpp:53:14: error: variable or field 'GetBack' declared void
 void GetBack(uint& testnum, uint& testerr, const lasd::LinearContainer<Data>& con, bool chk, const Data& val) {
              ^~~~
zlasdtest/exercise1/../container/container.hpp:53:14: error: 'uint' was not declared in this scope
zlasdtest/exercise1/../container/container.hpp:53:14: note: suggested alternative: 'int'
 void GetBack(uint& testnum, uint& testerr, const lasd::LinearContainer<Data>& con, bool chk, const Data& val) {
              ^~~~
              int
zlasdtest/exercise1/../container/container.hpp:53:20: error: 'testnum' was not declared in this scope
 void GetBack(uint& testnum, uint& testerr, const lasd::LinearContainer<Data>& con, bool chk, const Data& val) {
                    ^~~~~~~
zlasdtest/exercise1/../container/container.hpp:53:20: note: suggested alternative: 'tempnam'
 void GetBack(uint& testnum, uint& testerr, const lasd::LinearContainer<Data>& con, bool chk, const Data& val) {
                    ^~~~~~~
                    tempnam
zlasdtest/exercise1/../container/container.hpp:53:29: error: 'uint' was not declared in this scope
 void GetBack(uint& testnum, uint& testerr, const lasd::LinearContainer<Data>& con, bool chk, const Data& val) {
                             ^~~~
zlasdtest/exercise1/../container/container.hpp:53:29: note: suggested alternative: 'int'
 void GetBack(uint& testnum, uint& testerr, const lasd::LinearContainer<Data>& con, bool chk, const Data& val) {
                             ^~~~
                             int
zlasdtest/exercise1/../container/container.hpp:53:35: error: 'testerr' was not declared in this scope
 void GetBack(uint& testnum, uint& testerr, const lasd::LinearContainer<Data>& con, bool chk, const Data& val) {
                                   ^~~~~~~
zlasdtest/exercise1/../container/container.hpp:53:35: note: suggested alternative: 'stderr'
 void GetBack(uint& testnum, uint& testerr, const lasd::LinearContainer<Data>& con, bool chk, const Data& val) {
                                   ^~~~~~~
                                   stderr
zlasdtest/exercise1/../container/container.hpp:53:44: error: expected primary-expression before 'const'
 void GetBack(uint& testnum, uint& testerr, const lasd::LinearContainer<Data>& con, bool chk, const Data& val) {
                                            ^~~~~
zlasdtest/exercise1/../container/container.hpp:53:84: error: expected primary-expression before 'bool'
 void GetBack(uint& testnum, uint& testerr, const lasd::LinearContainer<Data>& con, bool chk, const Data& val) {
                                                                                    ^~~~
zlasdtest/exercise1/../container/container.hpp:53:94: error: expected primary-expression before 'const'
 void GetBack(uint& testnum, uint& testerr, const lasd::LinearContainer<Data>& con, bool chk, const Data& val) {
                                                                                              ^~~~~
zlasdtest/exercise1/../container/container.hpp:69:14: error: variable or field 'SetBack' declared void
 void SetBack(uint& testnum, uint& testerr, const lasd::LinearContainer<Data>& con, bool chk, const Data& val) {
              ^~~~
zlasdtest/exercise1/../container/container.hpp:69:14: error: 'uint' was not declared in this scope
zlasdtest/exercise1/../container/container.hpp:69:14: note: suggested alternative: 'int'
 void SetBack(uint& testnum, uint& testerr, const lasd::LinearContainer<Data>& con, bool chk, const Data& val) {
              ^~~~
              int
zlasdtest/exercise1/../container/container.hpp:69:20: error: 'testnum' was not declared in this scope
 void SetBack(uint& testnum, uint& testerr, const lasd::LinearContainer<Data>& con, bool chk, const Data& val) {
                    ^~~~~~~
zlasdtest/exercise1/../container/container.hpp:69:20: note: suggested alternative: 'tempnam'
 void SetBack(uint& testnum, uint& testerr, const lasd::LinearContainer<Data>& con, bool chk, const Data& val) {
                    ^~~~~~~
                    tempnam
zlasdtest/exercise1/../container/container.hpp:69:29: error: 'uint' was not declared in this scope
 void SetBack(uint& testnum, uint& testerr, const lasd::LinearContainer<Data>& con, bool chk, const Data& val) {
                             ^~~~
zlasdtest/exercise1/../container/container.hpp:69:29: note: suggested alternative: 'int'
 void SetBack(uint& testnum, uint& testerr, const lasd::LinearContainer<Data>& con, bool chk, const Data& val) {
                             ^~~~
                             int
zlasdtest/exercise1/../container/container.hpp:69:35: error: 'testerr' was not declared in this scope
 void SetBack(uint& testnum, uint& testerr, const lasd::LinearContainer<Data>& con, bool chk, const Data& val) {
                                   ^~~~~~~
zlasdtest/exercise1/../container/container.hpp:69:35: note: suggested alternative: 'stderr'
 void SetBack(uint& testnum, uint& testerr, const lasd::LinearContainer<Data>& con, bool chk, const Data& val) {
                                   ^~~~~~~
                                   stderr
zlasdtest/exercise1/../container/container.hpp:69:44: error: expected primary-expression before 'const'
 void SetBack(uint& testnum, uint& testerr, const lasd::LinearContainer<Data>& con, bool chk, const Data& val) {
                                            ^~~~~
zlasdtest/exercise1/../container/container.hpp:69:84: error: expected primary-expression before 'bool'
 void SetBack(uint& testnum, uint& testerr, const lasd::LinearContainer<Data>& con, bool chk, const Data& val) {
                                                                                    ^~~~
zlasdtest/exercise1/../container/container.hpp:69:94: error: expected primary-expression before 'const'
 void SetBack(uint& testnum, uint& testerr, const lasd::LinearContainer<Data>& con, bool chk, const Data& val) {
                                                                                              ^~~~~
zlasdtest/exercise1/../container/container.hpp:86:12: error: variable or field 'SetAt' declared void
 void SetAt(uint& testnum, uint& testerr, lasd::LinearContainer<Data>& con, bool chk, const ulong& ind, const Data& val) {
            ^~~~
zlasdtest/exercise1/../container/container.hpp:86:12: error: 'uint' was not declared in this scope
zlasdtest/exercise1/../container/container.hpp:86:12: note: suggested alternative: 'int'
 void SetAt(uint& testnum, uint& testerr, lasd::LinearContainer<Data>& con, bool chk, const ulong& ind, const Data& val) {
            ^~~~
            int
zlasdtest/exercise1/../container/container.hpp:86:18: error: 'testnum' was not declared in this scope
 void SetAt(uint& testnum, uint& testerr, lasd::LinearContainer<Data>& con, bool chk, const ulong& ind, const Data& val) {
                  ^~~~~~~
zlasdtest/exercise1/../container/container.hpp:86:18: note: suggested alternative: 'tempnam'
 void SetAt(uint& testnum, uint& testerr, lasd::LinearContainer<Data>& con, bool chk, const ulong& ind, const Data& val) {
                  ^~~~~~~
                  tempnam
zlasdtest/exercise1/../container/container.hpp:86:27: error: 'uint' was not declared in this scope
 void SetAt(uint& testnum, uint& testerr, lasd::LinearContainer<Data>& con, bool chk, const ulong& ind, const Data& val) {
                           ^~~~
zlasdtest/exercise1/../container/container.hpp:86:27: note: suggested alternative: 'int'
 void SetAt(uint& testnum, uint& testerr, lasd::LinearContainer<Data>& con, bool chk, const ulong& ind, const Data& val) {
                           ^~~~
                           int
zlasdtest/exercise1/../container/container.hpp:86:33: error: 'testerr' was not declared in this scope
 void SetAt(uint& testnum, uint& testerr, lasd::LinearContainer<Data>& con, bool chk, const ulong& ind, const Data& val) {
                                 ^~~~~~~
zlasdtest/exercise1/../container/container.hpp:86:33: note: suggested alternative: 'stderr'
 void SetAt(uint& testnum, uint& testerr, lasd::LinearContainer<Data>& con, bool chk, const ulong& ind, const Data& val) {
                                 ^~~~~~~
                                 stderr
zlasdtest/exercise1/../container/container.hpp:86:69: error: expected primary-expression before '&' token
 void SetAt(uint& testnum, uint& testerr, lasd::LinearContainer<Data>& con, bool chk, const ulong& ind, const Data& val) {
                                                                     ^
zlasdtest/exercise1/../container/container.hpp:86:71: error: 'con' was not declared in this scope
 void SetAt(uint& testnum, uint& testerr, lasd::LinearContainer<Data>& con, bool chk, const ulong& ind, const Data& val) {
                                                                       ^~~
zlasdtest/exercise1/../container/container.hpp:86:71: note: suggested alternative: 'lconv'
 void SetAt(uint& testnum, uint& testerr, lasd::LinearContainer<Data>& con, bool chk, const ulong& ind, const Data& val) {
                                                                       ^~~
                                                                       lconv
zlasdtest/exercise1/../container/container.hpp:86:76: error: expected primary-expression before 'bool'
 void SetAt(uint& testnum, uint& testerr, lasd::LinearContainer<Data>& con, bool chk, const ulong& ind, const Data& val) {
                                                                            ^~~~
zlasdtest/exercise1/../container/container.hpp:86:86: error: expected primary-expression before 'const'
 void SetAt(uint& testnum, uint& testerr, lasd::LinearContainer<Data>& con, bool chk, const ulong& ind, const Data& val) {
                                                                                      ^~~~~
zlasdtest/exercise1/../container/container.hpp:86:104: error: expected primary-expression before 'const'
 void SetAt(uint& testnum, uint& testerr, lasd::LinearContainer<Data>& con, bool chk, const ulong& ind, const Data& val) {
                                                                                                        ^~~~~
zlasdtest/exercise1/../container/container.hpp:103:12: error: variable or field 'GetAt' declared void
 void GetAt(uint& testnum, uint& testerr, lasd::LinearContainer<Data>& con, bool chk, const ulong& ind, const Data& val) {
            ^~~~
zlasdtest/exercise1/../container/container.hpp:103:12: error: 'uint' was not declared in this scope
zlasdtest/exercise1/../container/container.hpp:103:12: note: suggested alternative: 'int'
 void GetAt(uint& testnum, uint& testerr, lasd::LinearContainer<Data>& con, bool chk, const ulong& ind, const Data& val) {
            ^~~~
            int
zlasdtest/exercise1/../container/container.hpp:103:18: error: 'testnum' was not declared in this scope
 void GetAt(uint& testnum, uint& testerr, lasd::LinearContainer<Data>& con, bool chk, const ulong& ind, const Data& val) {
                  ^~~~~~~
zlasdtest/exercise1/../container/container.hpp:103:18: note: suggested alternative: 'tempnam'
 void GetAt(uint& testnum, uint& testerr, lasd::LinearContainer<Data>& con, bool chk, const ulong& ind, const Data& val) {
                  ^~~~~~~
                  tempnam
zlasdtest/exercise1/../container/container.hpp:103:27: error: 'uint' was not declared in this scope
 void GetAt(uint& testnum, uint& testerr, lasd::LinearContainer<Data>& con, bool chk, const ulong& ind, const Data& val) {
                           ^~~~
zlasdtest/exercise1/../container/container.hpp:103:27: note: suggested alternative: 'int'
 void GetAt(uint& testnum, uint& testerr, lasd::LinearContainer<Data>& con, bool chk, const ulong& ind, const Data& val) {
                           ^~~~
                           int
zlasdtest/exercise1/../container/container.hpp:103:33: error: 'testerr' was not declared in this scope
 void GetAt(uint& testnum, uint& testerr, lasd::LinearContainer<Data>& con, bool chk, const ulong& ind, const Data& val) {
                                 ^~~~~~~
zlasdtest/exercise1/../container/container.hpp:103:33: note: suggested alternative: 'stderr'
 void GetAt(uint& testnum, uint& testerr, lasd::LinearContainer<Data>& con, bool chk, const ulong& ind, const Data& val) {
                                 ^~~~~~~
                                 stderr
zlasdtest/exercise1/../container/container.hpp:103:69: error: expected primary-expression before '&' token
 void GetAt(uint& testnum, uint& testerr, lasd::LinearContainer<Data>& con, bool chk, const ulong& ind, const Data& val) {
                                                                     ^
zlasdtest/exercise1/../container/container.hpp:103:71: error: 'con' was not declared in this scope
 void GetAt(uint& testnum, uint& testerr, lasd::LinearContainer<Data>& con, bool chk, const ulong& ind, const Data& val) {
                                                                       ^~~
zlasdtest/exercise1/../container/container.hpp:103:71: note: suggested alternative: 'lconv'
 void GetAt(uint& testnum, uint& testerr, lasd::LinearContainer<Data>& con, bool chk, const ulong& ind, const Data& val) {
                                                                       ^~~
                                                                       lconv
zlasdtest/exercise1/../container/container.hpp:103:76: error: expected primary-expression before 'bool'
 void GetAt(uint& testnum, uint& testerr, lasd::LinearContainer<Data>& con, bool chk, const ulong& ind, const Data& val) {
                                                                            ^~~~
zlasdtest/exercise1/../container/container.hpp:103:86: error: expected primary-expression before 'const'
 void GetAt(uint& testnum, uint& testerr, lasd::LinearContainer<Data>& con, bool chk, const ulong& ind, const Data& val) {
                                                                                      ^~~~~
zlasdtest/exercise1/../container/container.hpp:103:104: error: expected primary-expression before 'const'
 void GetAt(uint& testnum, uint& testerr, lasd::LinearContainer<Data>& con, bool chk, const ulong& ind, const Data& val) {
                                                                                                        ^~~~~
In file included from zlasdtest/exercise1/simpletest.cpp:6:
zlasdtest/exercise1/../container/container.hpp:123:13: error: variable or field 'Exists' declared void
 void Exists(uint& testnum, uint& testerr, const lasd::TestableContainer<Data>& con, bool chk, const Data& val) {
             ^~~~
zlasdtest/exercise1/../container/container.hpp:123:13: error: 'uint' was not declared in this scope
zlasdtest/exercise1/../container/container.hpp:123:13: note: suggested alternative: 'int'
 void Exists(uint& testnum, uint& testerr, const lasd::TestableContainer<Data>& con, bool chk, const Data& val) {
             ^~~~
             int
zlasdtest/exercise1/../container/container.hpp:123:19: error: 'testnum' was not declared in this scope
 void Exists(uint& testnum, uint& testerr, const lasd::TestableContainer<Data>& con, bool chk, const Data& val) {
                   ^~~~~~~
zlasdtest/exercise1/../container/container.hpp:123:19: note: suggested alternative: 'tempnam'
 void Exists(uint& testnum, uint& testerr, const lasd::TestableContainer<Data>& con, bool chk, const Data& val) {
                   ^~~~~~~
                   tempnam
zlasdtest/exercise1/../container/container.hpp:123:28: error: 'uint' was not declared in this scope
 void Exists(uint& testnum, uint& testerr, const lasd::TestableContainer<Data>& con, bool chk, const Data& val) {
                            ^~~~
zlasdtest/exercise1/../container/container.hpp:123:28: note: suggested alternative: 'int'
 void Exists(uint& testnum, uint& testerr, const lasd::TestableContainer<Data>& con, bool chk, const Data& val) {
                            ^~~~
                            int
zlasdtest/exercise1/../container/container.hpp:123:34: error: 'testerr' was not declared in this scope
 void Exists(uint& testnum, uint& testerr, const lasd::TestableContainer<Data>& con, bool chk, const Data& val) {
                                  ^~~~~~~
zlasdtest/exercise1/../container/container.hpp:123:34: note: suggested alternative: 'stderr'
 void Exists(uint& testnum, uint& testerr, const lasd::TestableContainer<Data>& con, bool chk, const Data& val) {
                                  ^~~~~~~
                                  stderr
zlasdtest/exercise1/../container/container.hpp:123:43: error: expected primary-expression before 'const'
 void Exists(uint& testnum, uint& testerr, const lasd::TestableContainer<Data>& con, bool chk, const Data& val) {
                                           ^~~~~
zlasdtest/exercise1/../container/container.hpp:123:85: error: expected primary-expression before 'bool'
 void Exists(uint& testnum, uint& testerr, const lasd::TestableContainer<Data>& con, bool chk, const Data& val) {
                                                                                     ^~~~
zlasdtest/exercise1/../container/container.hpp:123:95: error: expected primary-expression before 'const'
 void Exists(uint& testnum, uint& testerr, const lasd::TestableContainer<Data>& con, bool chk, const Data& val) {
                                                                                               ^~~~~
zlasdtest/exercise1/../container/container.hpp:136:18: error: variable or field 'MapPreOrder' declared void
 void MapPreOrder(uint& testnum, uint& testerr, lasd::MappableContainer<Data>& con, bool chk, typename lasd::MappableContainer<Data>::MapFunctor fun, const Parameter& inipar) {
                  ^~~~
zlasdtest/exercise1/../container/container.hpp:136:18: error: 'uint' was not declared in this scope
zlasdtest/exercise1/../container/container.hpp:136:18: note: suggested alternative: 'int'
 void MapPreOrder(uint& testnum, uint& testerr, lasd::MappableContainer<Data>& con, bool chk, typename lasd::MappableContainer<Data>::MapFunctor fun, const Parameter& inipar) {
                  ^~~~
                  int
zlasdtest/exercise1/../container/container.hpp:136:24: error: 'testnum' was not declared in this scope
 void MapPreOrder(uint& testnum, uint& testerr, lasd::MappableContainer<Data>& con, bool chk, typename lasd::MappableContainer<Data>::MapFunctor fun, const Parameter& inipar) {
                        ^~~~~~~
zlasdtest/exercise1/../container/container.hpp:136:24: note: suggested alternative: 'tempnam'
 void MapPreOrder(uint& testnum, uint& testerr, lasd::MappableContainer<Data>& con, bool chk, typename lasd::MappableContainer<Data>::MapFunctor fun, const Parameter& inipar) {
                        ^~~~~~~
                        tempnam
zlasdtest/exercise1/../container/container.hpp:136:33: error: 'uint' was not declared in this scope
 void MapPreOrder(uint& testnum, uint& testerr, lasd::MappableContainer<Data>& con, bool chk, typename lasd::MappableContainer<Data>::MapFunctor fun, const Parameter& inipar) {
                                 ^~~~
zlasdtest/exercise1/../container/container.hpp:136:33: note: suggested alternative: 'int'
 void MapPreOrder(uint& testnum, uint& testerr, lasd::MappableContainer<Data>& con, bool chk, typename lasd::MappableContainer<Data>::MapFunctor fun, const Parameter& inipar) {
                                 ^~~~
                                 int
zlasdtest/exercise1/../container/container.hpp:136:39: error: 'testerr' was not declared in this scope
 void MapPreOrder(uint& testnum, uint& testerr, lasd::MappableContainer<Data>& con, bool chk, typename lasd::MappableContainer<Data>::MapFunctor fun, const Parameter& inipar) {
                                       ^~~~~~~
zlasdtest/exercise1/../container/container.hpp:136:39: note: suggested alternative: 'stderr'
 void MapPreOrder(uint& testnum, uint& testerr, lasd::MappableContainer<Data>& con, bool chk, typename lasd::MappableContainer<Data>::MapFunctor fun, const Parameter& inipar) {
                                       ^~~~~~~
                                       stderr
zlasdtest/exercise1/../container/container.hpp:136:77: error: expected primary-expression before '&' token
 void MapPreOrder(uint& testnum, uint& testerr, lasd::MappableContainer<Data>& con, bool chk, typename lasd::MappableContainer<Data>::MapFunctor fun, const Parameter& inipar) {
                                                                             ^
zlasdtest/exercise1/../container/container.hpp:136:79: error: 'con' was not declared in this scope
 void MapPreOrder(uint& testnum, uint& testerr, lasd::MappableContainer<Data>& con, bool chk, typename lasd::MappableContainer<Data>::MapFunctor fun, const Parameter& inipar) {
                                                                               ^~~
zlasdtest/exercise1/../container/container.hpp:136:79: note: suggested alternative: 'lconv'
 void MapPreOrder(uint& testnum, uint& testerr, lasd::MappableContainer<Data>& con, bool chk, typename lasd::MappableContainer<Data>::MapFunctor fun, const Parameter& inipar) {
                                                                               ^~~
                                                                               lconv
zlasdtest/exercise1/../container/container.hpp:136:84: error: expected primary-expression before 'bool'
 void MapPreOrder(uint& testnum, uint& testerr, lasd::MappableContainer<Data>& con, bool chk, typename lasd::MappableContainer<Data>::MapFunctor fun, const Parameter& inipar) {
                                                                                    ^~~~
zlasdtest/exercise1/../container/container.hpp:136:145: error: expected '(' before 'fun'
 void MapPreOrder(uint& testnum, uint& testerr, lasd::MappableContainer<Data>& con, bool chk, typename lasd::MappableContainer<Data>::MapFunctor fun, const Parameter& inipar) {
                                                                                                                                                 ^~~
                                                                                                                                                 (
zlasdtest/exercise1/../container/container.hpp:136:150: error: expected primary-expression before 'const'
 void MapPreOrder(uint& testnum, uint& testerr, lasd::MappableContainer<Data>& con, bool chk, typename lasd::MappableContainer<Data>::MapFunctor fun, const Parameter& inipar) {
                                                                                                                                                      ^~~~~
zlasdtest/exercise1/../container/container.hpp:151:19: error: variable or field 'MapPostOrder' declared void
 void MapPostOrder(uint& testnum, uint& testerr, lasd::MappableContainer<Data>& con, bool chk, typename lasd::MappableContainer<Data>::MapFunctor fun, const Parameter& inipar) {
                   ^~~~
zlasdtest/exercise1/../container/container.hpp:151:19: error: 'uint' was not declared in this scope
zlasdtest/exercise1/../container/container.hpp:151:19: note: suggested alternative: 'int'
 void MapPostOrder(uint& testnum, uint& testerr, lasd::MappableContainer<Data>& con, bool chk, typename lasd::MappableContainer<Data>::MapFunctor fun, const Parameter& inipar) {
                   ^~~~
                   int
zlasdtest/exercise1/../container/container.hpp:151:25: error: 'testnum' was not declared in this scope
 void MapPostOrder(uint& testnum, uint& testerr, lasd::MappableContainer<Data>& con, bool chk, typename lasd::MappableContainer<Data>::MapFunctor fun, const Parameter& inipar) {
                         ^~~~~~~
zlasdtest/exercise1/../container/container.hpp:151:25: note: suggested alternative: 'tempnam'
 void MapPostOrder(uint& testnum, uint& testerr, lasd::MappableContainer<Data>& con, bool chk, typename lasd::MappableContainer<Data>::MapFunctor fun, const Parameter& inipar) {
                         ^~~~~~~
                         tempnam
zlasdtest/exercise1/../container/container.hpp:151:34: error: 'uint' was not declared in this scope
 void MapPostOrder(uint& testnum, uint& testerr, lasd::MappableContainer<Data>& con, bool chk, typename lasd::MappableContainer<Data>::MapFunctor fun, const Parameter& inipar) {
                                  ^~~~
zlasdtest/exercise1/../container/container.hpp:151:34: note: suggested alternative: 'int'
 void MapPostOrder(uint& testnum, uint& testerr, lasd::MappableContainer<Data>& con, bool chk, typename lasd::MappableContainer<Data>::MapFunctor fun, const Parameter& inipar) {
                                  ^~~~
                                  int
zlasdtest/exercise1/../container/container.hpp:151:40: error: 'testerr' was not declared in this scope
 void MapPostOrder(uint& testnum, uint& testerr, lasd::MappableContainer<Data>& con, bool chk, typename lasd::MappableContainer<Data>::MapFunctor fun, const Parameter& inipar) {
                                        ^~~~~~~
zlasdtest/exercise1/../container/container.hpp:151:40: note: suggested alternative: 'stderr'
 void MapPostOrder(uint& testnum, uint& testerr, lasd::MappableContainer<Data>& con, bool chk, typename lasd::MappableContainer<Data>::MapFunctor fun, const Parameter& inipar) {
                                        ^~~~~~~
                                        stderr
zlasdtest/exercise1/../container/container.hpp:151:78: error: expected primary-expression before '&' token
 void MapPostOrder(uint& testnum, uint& testerr, lasd::MappableContainer<Data>& con, bool chk, typename lasd::MappableContainer<Data>::MapFunctor fun, const Parameter& inipar) {
                                                                              ^
zlasdtest/exercise1/../container/container.hpp:151:80: error: 'con' was not declared in this scope
 void MapPostOrder(uint& testnum, uint& testerr, lasd::MappableContainer<Data>& con, bool chk, typename lasd::MappableContainer<Data>::MapFunctor fun, const Parameter& inipar) {
                                                                                ^~~
zlasdtest/exercise1/../container/container.hpp:151:80: note: suggested alternative: 'lconv'
 void MapPostOrder(uint& testnum, uint& testerr, lasd::MappableContainer<Data>& con, bool chk, typename lasd::MappableContainer<Data>::MapFunctor fun, const Parameter& inipar) {
                                                                                ^~~
                                                                                lconv
zlasdtest/exercise1/../container/container.hpp:151:85: error: expected primary-expression before 'bool'
 void MapPostOrder(uint& testnum, uint& testerr, lasd::MappableContainer<Data>& con, bool chk, typename lasd::MappableContainer<Data>::MapFunctor fun, const Parameter& inipar) {
                                                                                     ^~~~
zlasdtest/exercise1/../container/container.hpp:151:146: error: expected '(' before 'fun'
 void MapPostOrder(uint& testnum, uint& testerr, lasd::MappableContainer<Data>& con, bool chk, typename lasd::MappableContainer<Data>::MapFunctor fun, const Parameter& inipar) {
                                                                                                                                                  ^~~
                                                                                                                                                  (
zlasdtest/exercise1/../container/container.hpp:151:151: error: expected primary-expression before 'const'
 void MapPostOrder(uint& testnum, uint& testerr, lasd::MappableContainer<Data>& con, bool chk, typename lasd::MappableContainer<Data>::MapFunctor fun, const Parameter& inipar) {
                                                                                                                                                       ^~~~~
zlasdtest/exercise1/../container/container.hpp:212:19: error: variable or field 'FoldPreOrder' declared void
 void FoldPreOrder(uint& testnum, uint& testerr, const lasd::FoldableContainer<Data>& con, bool chk, typename lasd::FoldableContainer<Data>::FoldFunctor fun, const Parameter& inipar, const Value& inival, const Value& finval) {
                   ^~~~
zlasdtest/exercise1/../container/container.hpp:212:19: error: 'uint' was not declared in this scope
zlasdtest/exercise1/../container/container.hpp:212:19: note: suggested alternative: 'int'
 void FoldPreOrder(uint& testnum, uint& testerr, const lasd::FoldableContainer<Data>& con, bool chk, typename lasd::FoldableContainer<Data>::FoldFunctor fun, const Parameter& inipar, const Value& inival, const Value& finval) {
                   ^~~~
                   int
zlasdtest/exercise1/../container/container.hpp:212:25: error: 'testnum' was not declared in this scope
 void FoldPreOrder(uint& testnum, uint& testerr, const lasd::FoldableContainer<Data>& con, bool chk, typename lasd::FoldableContainer<Data>::FoldFunctor fun, const Parameter& inipar, const Value& inival, const Value& finval) {
                         ^~~~~~~
zlasdtest/exercise1/../container/container.hpp:212:25: note: suggested alternative: 'tempnam'
 void FoldPreOrder(uint& testnum, uint& testerr, const lasd::FoldableContainer<Data>& con, bool chk, typename lasd::FoldableContainer<Data>::FoldFunctor fun, const Parameter& inipar, const Value& inival, const Value& finval) {
                         ^~~~~~~
                         tempnam
zlasdtest/exercise1/../container/container.hpp:212:34: error: 'uint' was not declared in this scope
 void FoldPreOrder(uint& testnum, uint& testerr, const lasd::FoldableContainer<Data>& con, bool chk, typename lasd::FoldableContainer<Data>::FoldFunctor fun, const Parameter& inipar, const Value& inival, const Value& finval) {
                                  ^~~~
zlasdtest/exercise1/../container/container.hpp:212:34: note: suggested alternative: 'int'
 void FoldPreOrder(uint& testnum, uint& testerr, const lasd::FoldableContainer<Data>& con, bool chk, typename lasd::FoldableContainer<Data>::FoldFunctor fun, const Parameter& inipar, const Value& inival, const Value& finval) {
                                  ^~~~
                                  int
zlasdtest/exercise1/../container/container.hpp:212:40: error: 'testerr' was not declared in this scope
 void FoldPreOrder(uint& testnum, uint& testerr, const lasd::FoldableContainer<Data>& con, bool chk, typename lasd::FoldableContainer<Data>::FoldFunctor fun, const Parameter& inipar, const Value& inival, const Value& finval) {
                                        ^~~~~~~
zlasdtest/exercise1/../container/container.hpp:212:40: note: suggested alternative: 'stderr'
 void FoldPreOrder(uint& testnum, uint& testerr, const lasd::FoldableContainer<Data>& con, bool chk, typename lasd::FoldableContainer<Data>::FoldFunctor fun, const Parameter& inipar, const Value& inival, const Value& finval) {
                                        ^~~~~~~
                                        stderr
zlasdtest/exercise1/../container/container.hpp:212:49: error: expected primary-expression before 'const'
 void FoldPreOrder(uint& testnum, uint& testerr, const lasd::FoldableContainer<Data>& con, bool chk, typename lasd::FoldableContainer<Data>::FoldFunctor fun, const Parameter& inipar, const Value& inival, const Value& finval) {
                                                 ^~~~~
zlasdtest/exercise1/../container/container.hpp:212:91: error: expected primary-expression before 'bool'
 void FoldPreOrder(uint& testnum, uint& testerr, const lasd::FoldableContainer<Data>& con, bool chk, typename lasd::FoldableContainer<Data>::FoldFunctor fun, const Parameter& inipar, const Value& inival, const Value& finval) {
                                                                                           ^~~~
zlasdtest/exercise1/../container/container.hpp:212:153: error: expected '(' before 'fun'
 void FoldPreOrder(uint& testnum, uint& testerr, const lasd::FoldableContainer<Data>& con, bool chk, typename lasd::FoldableContainer<Data>::FoldFunctor fun, const Parameter& inipar, const Value& inival, const Value& finval) {
                                                                                                                                                         ^~~
                                                                                                                                                         (
zlasdtest/exercise1/../container/container.hpp:212:158: error: expected primary-expression before 'const'
 void FoldPreOrder(uint& testnum, uint& testerr, const lasd::FoldableContainer<Data>& con, bool chk, typename lasd::FoldableContainer<Data>::FoldFunctor fun, const Parameter& inipar, const Value& inival, const Value& finval) {
                                                                                                                                                              ^~~~~
zlasdtest/exercise1/../container/container.hpp:212:183: error: expected primary-expression before 'const'
 void FoldPreOrder(uint& testnum, uint& testerr, const lasd::FoldableContainer<Data>& con, bool chk, typename lasd::FoldableContainer<Data>::FoldFunctor fun, const Parameter& inipar, const Value& inival, const Value& finval) {
                                                                                                                                                                                       ^~~~~
zlasdtest/exercise1/../container/container.hpp:212:204: error: expected primary-expression before 'const'
 void FoldPreOrder(uint& testnum, uint& testerr, const lasd::FoldableContainer<Data>& con, bool chk, typename lasd::FoldableContainer<Data>::FoldFunctor fun, const Parameter& inipar, const Value& inival, const Value& finval) {
                                                                                                                                                                                                            ^~~~~
zlasdtest/exercise1/../container/container.hpp:229:20: error: variable or field 'FoldPostOrder' declared void
 void FoldPostOrder(uint& testnum, uint& testerr, const lasd::FoldableContainer<Data>& con, bool chk, typename lasd::FoldableContainer<Data>::FoldFunctor fun, const Parameter& inipar, const Value& inival, const Value& finval) {
                    ^~~~
zlasdtest/exercise1/../container/container.hpp:229:20: error: 'uint' was not declared in this scope
zlasdtest/exercise1/../container/container.hpp:229:20: note: suggested alternative: 'int'
 void FoldPostOrder(uint& testnum, uint& testerr, const lasd::FoldableContainer<Data>& con, bool chk, typename lasd::FoldableContainer<Data>::FoldFunctor fun, const Parameter& inipar, const Value& inival, const Value& finval) {
                    ^~~~
                    int
zlasdtest/exercise1/../container/container.hpp:229:26: error: 'testnum' was not declared in this scope
 void FoldPostOrder(uint& testnum, uint& testerr, const lasd::FoldableContainer<Data>& con, bool chk, typename lasd::FoldableContainer<Data>::FoldFunctor fun, const Parameter& inipar, const Value& inival, const Value& finval) {
                          ^~~~~~~
zlasdtest/exercise1/../container/container.hpp:229:26: note: suggested alternative: 'tempnam'
 void FoldPostOrder(uint& testnum, uint& testerr, const lasd::FoldableContainer<Data>& con, bool chk, typename lasd::FoldableContainer<Data>::FoldFunctor fun, const Parameter& inipar, const Value& inival, const Value& finval) {
                          ^~~~~~~
                          tempnam
zlasdtest/exercise1/../container/container.hpp:229:35: error: 'uint' was not declared in this scope
 void FoldPostOrder(uint& testnum, uint& testerr, const lasd::FoldableContainer<Data>& con, bool chk, typename lasd::FoldableContainer<Data>::FoldFunctor fun, const Parameter& inipar, const Value& inival, const Value& finval) {
                                   ^~~~
zlasdtest/exercise1/../container/container.hpp:229:35: note: suggested alternative: 'int'
 void FoldPostOrder(uint& testnum, uint& testerr, const lasd::FoldableContainer<Data>& con, bool chk, typename lasd::FoldableContainer<Data>::FoldFunctor fun, const Parameter& inipar, const Value& inival, const Value& finval) {
                                   ^~~~
                                   int
zlasdtest/exercise1/../container/container.hpp:229:41: error: 'testerr' was not declared in this scope
 void FoldPostOrder(uint& testnum, uint& testerr, const lasd::FoldableContainer<Data>& con, bool chk, typename lasd::FoldableContainer<Data>::FoldFunctor fun, const Parameter& inipar, const Value& inival, const Value& finval) {
                                         ^~~~~~~
zlasdtest/exercise1/../container/container.hpp:229:41: note: suggested alternative: 'stderr'
 void FoldPostOrder(uint& testnum, uint& testerr, const lasd::FoldableContainer<Data>& con, bool chk, typename lasd::FoldableContainer<Data>::FoldFunctor fun, const Parameter& inipar, const Value& inival, const Value& finval) {
                                         ^~~~~~~
                                         stderr
zlasdtest/exercise1/../container/container.hpp:229:50: error: expected primary-expression before 'const'
 void FoldPostOrder(uint& testnum, uint& testerr, const lasd::FoldableContainer<Data>& con, bool chk, typename lasd::FoldableContainer<Data>::FoldFunctor fun, const Parameter& inipar, const Value& inival, const Value& finval) {
                                                  ^~~~~
zlasdtest/exercise1/../container/container.hpp:229:92: error: expected primary-expression before 'bool'
 void FoldPostOrder(uint& testnum, uint& testerr, const lasd::FoldableContainer<Data>& con, bool chk, typename lasd::FoldableContainer<Data>::FoldFunctor fun, const Parameter& inipar, const Value& inival, const Value& finval) {
                                                                                            ^~~~
zlasdtest/exercise1/../container/container.hpp:229:154: error: expected '(' before 'fun'
 void FoldPostOrder(uint& testnum, uint& testerr, const lasd::FoldableContainer<Data>& con, bool chk, typename lasd::FoldableContainer<Data>::FoldFunctor fun, const Parameter& inipar, const Value& inival, const Value& finval) {
                                                                                                                                                          ^~~
                                                                                                                                                          (
zlasdtest/exercise1/../container/container.hpp:229:159: error: expected primary-expression before 'const'
 void FoldPostOrder(uint& testnum, uint& testerr, const lasd::FoldableContainer<Data>& con, bool chk, typename lasd::FoldableContainer<Data>::FoldFunctor fun, const Parameter& inipar, const Value& inival, const Value& finval) {
                                                                                                                                                               ^~~~~
zlasdtest/exercise1/../container/container.hpp:229:184: error: expected primary-expression before 'const'
 void FoldPostOrder(uint& testnum, uint& testerr, const lasd::FoldableContainer<Data>& con, bool chk, typename lasd::FoldableContainer<Data>::FoldFunctor fun, const Parameter& inipar, const Value& inival, const Value& finval) {
                                                                                                                                                                                        ^~~~~
zlasdtest/exercise1/../container/container.hpp:229:205: error: expected primary-expression before 'const'
 void FoldPostOrder(uint& testnum, uint& testerr, const lasd::FoldableContainer<Data>& con, bool chk, typename lasd::FoldableContainer<Data>::FoldFunctor fun, const Parameter& inipar, const Value& inival, const Value& finval) {
                                                                                                                                                                                                             ^~~~~
zlasdtest/exercise1/../container/container.hpp:264:17: error: variable or field 'MapBreadth' declared void
 void MapBreadth(uint& testnum, uint& testerr, lasd::BreadthMappableContainer<Data>& con, bool chk, typename lasd::BreadthMappableContainer<Data>::MapFunctor fun, const Parameter& inipar) {
                 ^~~~
zlasdtest/exercise1/../container/container.hpp:264:17: error: 'uint' was not declared in this scope
zlasdtest/exercise1/../container/container.hpp:264:17: note: suggested alternative: 'int'
 void MapBreadth(uint& testnum, uint& testerr, lasd::BreadthMappableContainer<Data>& con, bool chk, typename lasd::BreadthMappableContainer<Data>::MapFunctor fun, const Parameter& inipar) {
                 ^~~~
                 int
zlasdtest/exercise1/../container/container.hpp:264:23: error: 'testnum' was not declared in this scope
 void MapBreadth(uint& testnum, uint& testerr, lasd::BreadthMappableContainer<Data>& con, bool chk, typename lasd::BreadthMappableContainer<Data>::MapFunctor fun, const Parameter& inipar) {
                       ^~~~~~~
zlasdtest/exercise1/../container/container.hpp:264:23: note: suggested alternative: 'tempnam'
 void MapBreadth(uint& testnum, uint& testerr, lasd::BreadthMappableContainer<Data>& con, bool chk, typename lasd::BreadthMappableContainer<Data>::MapFunctor fun, const Parameter& inipar) {
                       ^~~~~~~
                       tempnam
zlasdtest/exercise1/../container/container.hpp:264:32: error: 'uint' was not declared in this scope
 void MapBreadth(uint& testnum, uint& testerr, lasd::BreadthMappableContainer<Data>& con, bool chk, typename lasd::BreadthMappableContainer<Data>::MapFunctor fun, const Parameter& inipar) {
                                ^~~~
zlasdtest/exercise1/../container/container.hpp:264:32: note: suggested alternative: 'int'
 void MapBreadth(uint& testnum, uint& testerr, lasd::BreadthMappableContainer<Data>& con, bool chk, typename lasd::BreadthMappableContainer<Data>::MapFunctor fun, const Parameter& inipar) {
                                ^~~~
                                int
zlasdtest/exercise1/../container/container.hpp:264:38: error: 'testerr' was not declared in this scope
 void MapBreadth(uint& testnum, uint& testerr, lasd::BreadthMappableContainer<Data>& con, bool chk, typename lasd::BreadthMappableContainer<Data>::MapFunctor fun, const Parameter& inipar) {
                                      ^~~~~~~
zlasdtest/exercise1/../container/container.hpp:264:38: note: suggested alternative: 'stderr'
 void MapBreadth(uint& testnum, uint& testerr, lasd::BreadthMappableContainer<Data>& con, bool chk, typename lasd::BreadthMappableContainer<Data>::MapFunctor fun, const Parameter& inipar) {
                                      ^~~~~~~
                                      stderr
zlasdtest/exercise1/../container/container.hpp:264:83: error: expected primary-expression before '&' token
 void MapBreadth(uint& testnum, uint& testerr, lasd::BreadthMappableContainer<Data>& con, bool chk, typename lasd::BreadthMappableContainer<Data>::MapFunctor fun, const Parameter& inipar) {
                                                                                   ^
zlasdtest/exercise1/../container/container.hpp:264:85: error: 'con' was not declared in this scope
 void MapBreadth(uint& testnum, uint& testerr, lasd::BreadthMappableContainer<Data>& con, bool chk, typename lasd::BreadthMappableContainer<Data>::MapFunctor fun, const Parameter& inipar) {
                                                                                     ^~~
zlasdtest/exercise1/../container/container.hpp:264:85: note: suggested alternative: 'lconv'
 void MapBreadth(uint& testnum, uint& testerr, lasd::BreadthMappableContainer<Data>& con, bool chk, typename lasd::BreadthMappableContainer<Data>::MapFunctor fun, const Parameter& inipar) {
                                                                                     ^~~
                                                                                     lconv
zlasdtest/exercise1/../container/container.hpp:264:90: error: expected primary-expression before 'bool'
 void MapBreadth(uint& testnum, uint& testerr, lasd::BreadthMappableContainer<Data>& con, bool chk, typename lasd::BreadthMappableContainer<Data>::MapFunctor fun, const Parameter& inipar) {
                                                                                          ^~~~
zlasdtest/exercise1/../container/container.hpp:264:158: error: expected '(' before 'fun'
 void MapBreadth(uint& testnum, uint& testerr, lasd::BreadthMappableContainer<Data>& con, bool chk, typename lasd::BreadthMappableContainer<Data>::MapFunctor fun, const Parameter& inipar) {
                                                                                                                                                              ^~~
                                                                                                                                                              (
zlasdtest/exercise1/../container/container.hpp:264:163: error: expected primary-expression before 'const'
 void MapBreadth(uint& testnum, uint& testerr, lasd::BreadthMappableContainer<Data>& con, bool chk, typename lasd::BreadthMappableContainer<Data>::MapFunctor fun, const Parameter& inipar) {
                                                                                                                                                                   ^~~~~
zlasdtest/exercise1/../container/container.hpp:283:18: error: variable or field 'FoldBreadth' declared void
 void FoldBreadth(uint& testnum, uint& testerr, const lasd::BreadthFoldableContainer<Data>& con, bool chk, typename lasd::BreadthFoldableContainer<Data>::FoldFunctor fun, const Parameter& inipar, const Value& inival, const Value& finval) {
                  ^~~~
zlasdtest/exercise1/../container/container.hpp:283:18: error: 'uint' was not declared in this scope
zlasdtest/exercise1/../container/container.hpp:283:18: note: suggested alternative: 'int'
 void FoldBreadth(uint& testnum, uint& testerr, const lasd::BreadthFoldableContainer<Data>& con, bool chk, typename lasd::BreadthFoldableContainer<Data>::FoldFunctor fun, const Parameter& inipar, const Value& inival, const Value& finval) {
                  ^~~~
                  int
zlasdtest/exercise1/../container/container.hpp:283:24: error: 'testnum' was not declared in this scope
 void FoldBreadth(uint& testnum, uint& testerr, const lasd::BreadthFoldableContainer<Data>& con, bool chk, typename lasd::BreadthFoldableContainer<Data>::FoldFunctor fun, const Parameter& inipar, const Value& inival, const Value& finval) {
                        ^~~~~~~
zlasdtest/exercise1/../container/container.hpp:283:24: note: suggested alternative: 'tempnam'
 void FoldBreadth(uint& testnum, uint& testerr, const lasd::BreadthFoldableContainer<Data>& con, bool chk, typename lasd::BreadthFoldableContainer<Data>::FoldFunctor fun, const Parameter& inipar, const Value& inival, const Value& finval) {
                        ^~~~~~~
                        tempnam
zlasdtest/exercise1/../container/container.hpp:283:33: error: 'uint' was not declared in this scope
 void FoldBreadth(uint& testnum, uint& testerr, const lasd::BreadthFoldableContainer<Data>& con, bool chk, typename lasd::BreadthFoldableContainer<Data>::FoldFunctor fun, const Parameter& inipar, const Value& inival, const Value& finval) {
                                 ^~~~
zlasdtest/exercise1/../container/container.hpp:283:33: note: suggested alternative: 'int'
 void FoldBreadth(uint& testnum, uint& testerr, const lasd::BreadthFoldableContainer<Data>& con, bool chk, typename lasd::BreadthFoldableContainer<Data>::FoldFunctor fun, const Parameter& inipar, const Value& inival, const Value& finval) {
                                 ^~~~
                                 int
zlasdtest/exercise1/../container/container.hpp:283:39: error: 'testerr' was not declared in this scope
 void FoldBreadth(uint& testnum, uint& testerr, const lasd::BreadthFoldableContainer<Data>& con, bool chk, typename lasd::BreadthFoldableContainer<Data>::FoldFunctor fun, const Parameter& inipar, const Value& inival, const Value& finval) {
                                       ^~~~~~~
zlasdtest/exercise1/../container/container.hpp:283:39: note: suggested alternative: 'stderr'
 void FoldBreadth(uint& testnum, uint& testerr, const lasd::BreadthFoldableContainer<Data>& con, bool chk, typename lasd::BreadthFoldableContainer<Data>::FoldFunctor fun, const Parameter& inipar, const Value& inival, const Value& finval) {
                                       ^~~~~~~
                                       stderr
zlasdtest/exercise1/../container/container.hpp:283:48: error: expected primary-expression before 'const'
 void FoldBreadth(uint& testnum, uint& testerr, const lasd::BreadthFoldableContainer<Data>& con, bool chk, typename lasd::BreadthFoldableContainer<Data>::FoldFunctor fun, const Parameter& inipar, const Value& inival, const Value& finval) {
                                                ^~~~~
zlasdtest/exercise1/../container/container.hpp:283:97: error: expected primary-expression before 'bool'
 void FoldBreadth(uint& testnum, uint& testerr, const lasd::BreadthFoldableContainer<Data>& con, bool chk, typename lasd::BreadthFoldableContainer<Data>::FoldFunctor fun, const Parameter& inipar, const Value& inival, const Value& finval) {
                                                                                                 ^~~~
zlasdtest/exercise1/../container/container.hpp:283:166: error: expected '(' before 'fun'
 void FoldBreadth(uint& testnum, uint& testerr, const lasd::BreadthFoldableContainer<Data>& con, bool chk, typename lasd::BreadthFoldableContainer<Data>::FoldFunctor fun, const Parameter& inipar, const Value& inival, const Value& finval) {
                                                                                                                                                                      ^~~
                                                                                                                                                                      (
zlasdtest/exercise1/../container/container.hpp:283:171: error: expected primary-expression before 'const'
 void FoldBreadth(uint& testnum, uint& testerr, const lasd::BreadthFoldableContainer<Data>& con, bool chk, typename lasd::BreadthFoldableContainer<Data>::FoldFunctor fun, const Parameter& inipar, const Value& inival, const Value& finval) {
                                                                                                                                                                           ^~~~~
zlasdtest/exercise1/../container/container.hpp:283:196: error: expected primary-expression before 'const'
 void FoldBreadth(uint& testnum, uint& testerr, const lasd::BreadthFoldableContainer<Data>& con, bool chk, typename lasd::BreadthFoldableContainer<Data>::FoldFunctor fun, const Parameter& inipar, const Value& inival, const Value& finval) {
                                                                                                                                                                                                    ^~~~~
zlasdtest/exercise1/../container/container.hpp:283:217: error: expected primary-expression before 'const'
 void FoldBreadth(uint& testnum, uint& testerr, const lasd::BreadthFoldableContainer<Data>& con, bool chk, typename lasd::BreadthFoldableContainer<Data>::FoldFunctor fun, const Parameter& inipar, const Value& inival, const Value& finval) {
                                                                                                                                                                                                                         ^~~~~
In file included from zlasdtest/exercise1/simpletest.cpp:8:
zlasdtest/exercise1/../vector/vector.hpp:10:18: error: variable or field 'EqualVector' declared void
 void EqualVector(uint& testnum, uint& testerr, const lasd::Vector<Data>& vec1, const lasd::Vector<Data>& vec2, bool chk) {
                  ^~~~
zlasdtest/exercise1/../vector/vector.hpp:10:18: error: 'uint' was not declared in this scope
zlasdtest/exercise1/../vector/vector.hpp:10:18: note: suggested alternative: 'int'
 void EqualVector(uint& testnum, uint& testerr, const lasd::Vector<Data>& vec1, const lasd::Vector<Data>& vec2, bool chk) {
                  ^~~~
                  int
zlasdtest/exercise1/../vector/vector.hpp:10:24: error: 'testnum' was not declared in this scope
 void EqualVector(uint& testnum, uint& testerr, const lasd::Vector<Data>& vec1, const lasd::Vector<Data>& vec2, bool chk) {
                        ^~~~~~~
zlasdtest/exercise1/../vector/vector.hpp:10:24: note: suggested alternative: 'tempnam'
 void EqualVector(uint& testnum, uint& testerr, const lasd::Vector<Data>& vec1, const lasd::Vector<Data>& vec2, bool chk) {
                        ^~~~~~~
                        tempnam
zlasdtest/exercise1/../vector/vector.hpp:10:33: error: 'uint' was not declared in this scope
 void EqualVector(uint& testnum, uint& testerr, const lasd::Vector<Data>& vec1, const lasd::Vector<Data>& vec2, bool chk) {
                                 ^~~~
zlasdtest/exercise1/../vector/vector.hpp:10:33: note: suggested alternative: 'int'
 void EqualVector(uint& testnum, uint& testerr, const lasd::Vector<Data>& vec1, const lasd::Vector<Data>& vec2, bool chk) {
                                 ^~~~
                                 int
zlasdtest/exercise1/../vector/vector.hpp:10:39: error: 'testerr' was not declared in this scope
 void EqualVector(uint& testnum, uint& testerr, const lasd::Vector<Data>& vec1, const lasd::Vector<Data>& vec2, bool chk) {
                                       ^~~~~~~
zlasdtest/exercise1/../vector/vector.hpp:10:39: note: suggested alternative: 'stderr'
 void EqualVector(uint& testnum, uint& testerr, const lasd::Vector<Data>& vec1, const lasd::Vector<Data>& vec2, bool chk) {
                                       ^~~~~~~
                                       stderr
zlasdtest/exercise1/../vector/vector.hpp:10:48: error: expected primary-expression before 'const'
 void EqualVector(uint& testnum, uint& testerr, const lasd::Vector<Data>& vec1, const lasd::Vector<Data>& vec2, bool chk) {
                                                ^~~~~
zlasdtest/exercise1/../vector/vector.hpp:10:80: error: expected primary-expression before 'const'
 void EqualVector(uint& testnum, uint& testerr, const lasd::Vector<Data>& vec1, const lasd::Vector<Data>& vec2, bool chk) {
                                                                                ^~~~~
zlasdtest/exercise1/../vector/vector.hpp:10:112: error: expected primary-expression before 'bool'
 void EqualVector(uint& testnum, uint& testerr, const lasd::Vector<Data>& vec1, const lasd::Vector<Data>& vec2, bool chk) {
                                                                                                                ^~~~
zlasdtest/exercise1/../vector/vector.hpp:23:21: error: variable or field 'NonEqualVector' declared void
 void NonEqualVector(uint& testnum, uint& testerr, const lasd::Vector<Data>& vec1, const lasd::Vector<Data>& vec2, bool chk) {
                     ^~~~
zlasdtest/exercise1/../vector/vector.hpp:23:21: error: 'uint' was not declared in this scope
zlasdtest/exercise1/../vector/vector.hpp:23:21: note: suggested alternative: 'int'
 void NonEqualVector(uint& testnum, uint& testerr, const lasd::Vector<Data>& vec1, const lasd::Vector<Data>& vec2, bool chk) {
                     ^~~~
                     int
zlasdtest/exercise1/../vector/vector.hpp:23:27: error: 'testnum' was not declared in this scope
 void NonEqualVector(uint& testnum, uint& testerr, const lasd::Vector<Data>& vec1, const lasd::Vector<Data>& vec2, bool chk) {
                           ^~~~~~~
zlasdtest/exercise1/../vector/vector.hpp:23:27: note: suggested alternative: 'tempnam'
 void NonEqualVector(uint& testnum, uint& testerr, const lasd::Vector<Data>& vec1, const lasd::Vector<Data>& vec2, bool chk) {
                           ^~~~~~~
                           tempnam
zlasdtest/exercise1/../vector/vector.hpp:23:36: error: 'uint' was not declared in this scope
 void NonEqualVector(uint& testnum, uint& testerr, const lasd::Vector<Data>& vec1, const lasd::Vector<Data>& vec2, bool chk) {
                                    ^~~~
zlasdtest/exercise1/../vector/vector.hpp:23:36: note: suggested alternative: 'int'
 void NonEqualVector(uint& testnum, uint& testerr, const lasd::Vector<Data>& vec1, const lasd::Vector<Data>& vec2, bool chk) {
                                    ^~~~
                                    int
zlasdtest/exercise1/../vector/vector.hpp:23:42: error: 'testerr' was not declared in this scope
 void NonEqualVector(uint& testnum, uint& testerr, const lasd::Vector<Data>& vec1, const lasd::Vector<Data>& vec2, bool chk) {
                                          ^~~~~~~
zlasdtest/exercise1/../vector/vector.hpp:23:42: note: suggested alternative: 'stderr'
 void NonEqualVector(uint& testnum, uint& testerr, const lasd::Vector<Data>& vec1, const lasd::Vector<Data>& vec2, bool chk) {
                                          ^~~~~~~
                                          stderr
zlasdtest/exercise1/../vector/vector.hpp:23:51: error: expected primary-expression before 'const'
 void NonEqualVector(uint& testnum, uint& testerr, const lasd::Vector<Data>& vec1, const lasd::Vector<Data>& vec2, bool chk) {
                                                   ^~~~~
zlasdtest/exercise1/../vector/vector.hpp:23:83: error: expected primary-expression before 'const'
 void NonEqualVector(uint& testnum, uint& testerr, const lasd::Vector<Data>& vec1, const lasd::Vector<Data>& vec2, bool chk) {
                                                                                   ^~~~~
zlasdtest/exercise1/../vector/vector.hpp:23:115: error: expected primary-expression before 'bool'
 void NonEqualVector(uint& testnum, uint& testerr, const lasd::Vector<Data>& vec1, const lasd::Vector<Data>& vec2, bool chk) {
                                                                                                                   ^~~~
In file included from zlasdtest/exercise1/simpletest.cpp:10:
zlasdtest/exercise1/../list/list.hpp:10:20: error: variable or field 'InsertAtFront' declared void
 void InsertAtFront(uint& testnum, uint& testerr, lasd::List<Data>& lst, bool chk, const Data& val) {
                    ^~~~
zlasdtest/exercise1/../list/list.hpp:10:20: error: 'uint' was not declared in this scope
zlasdtest/exercise1/../list/list.hpp:10:20: note: suggested alternative: 'int'
 void InsertAtFront(uint& testnum, uint& testerr, lasd::List<Data>& lst, bool chk, const Data& val) {
                    ^~~~
                    int
zlasdtest/exercise1/../list/list.hpp:10:26: error: 'testnum' was not declared in this scope
 void InsertAtFront(uint& testnum, uint& testerr, lasd::List<Data>& lst, bool chk, const Data& val) {
                          ^~~~~~~
zlasdtest/exercise1/../list/list.hpp:10:26: note: suggested alternative: 'tempnam'
 void InsertAtFront(uint& testnum, uint& testerr, lasd::List<Data>& lst, bool chk, const Data& val) {
                          ^~~~~~~
                          tempnam
zlasdtest/exercise1/../list/list.hpp:10:35: error: 'uint' was not declared in this scope
 void InsertAtFront(uint& testnum, uint& testerr, lasd::List<Data>& lst, bool chk, const Data& val) {
                                   ^~~~
zlasdtest/exercise1/../list/list.hpp:10:35: note: suggested alternative: 'int'
 void InsertAtFront(uint& testnum, uint& testerr, lasd::List<Data>& lst, bool chk, const Data& val) {
                                   ^~~~
                                   int
zlasdtest/exercise1/../list/list.hpp:10:41: error: 'testerr' was not declared in this scope
 void InsertAtFront(uint& testnum, uint& testerr, lasd::List<Data>& lst, bool chk, const Data& val) {
                                         ^~~~~~~
zlasdtest/exercise1/../list/list.hpp:10:41: note: suggested alternative: 'stderr'
 void InsertAtFront(uint& testnum, uint& testerr, lasd::List<Data>& lst, bool chk, const Data& val) {
                                         ^~~~~~~
                                         stderr
zlasdtest/exercise1/../list/list.hpp:10:66: error: expected primary-expression before '&' token
 void InsertAtFront(uint& testnum, uint& testerr, lasd::List<Data>& lst, bool chk, const Data& val) {
                                                                  ^
zlasdtest/exercise1/../list/list.hpp:10:68: error: 'lst' was not declared in this scope
 void InsertAtFront(uint& testnum, uint& testerr, lasd::List<Data>& lst, bool chk, const Data& val) {
                                                                    ^~~
zlasdtest/exercise1/../list/list.hpp:10:68: note: suggested alternative: 'lasd'
 void InsertAtFront(uint& testnum, uint& testerr, lasd::List<Data>& lst, bool chk, const Data& val) {
                                                                    ^~~
                                                                    lasd
zlasdtest/exercise1/../list/list.hpp:10:73: error: expected primary-expression before 'bool'
 void InsertAtFront(uint& testnum, uint& testerr, lasd::List<Data>& lst, bool chk, const Data& val) {
                                                                         ^~~~
zlasdtest/exercise1/../list/list.hpp:10:83: error: expected primary-expression before 'const'
 void InsertAtFront(uint& testnum, uint& testerr, lasd::List<Data>& lst, bool chk, const Data& val) {
                                                                                   ^~~~~
zlasdtest/exercise1/../list/list.hpp:24:22: error: variable or field 'RemoveFromFront' declared void
 void RemoveFromFront(uint& testnum, uint& testerr, lasd::List<Data>& lst, bool chk) {
                      ^~~~
zlasdtest/exercise1/../list/list.hpp:24:22: error: 'uint' was not declared in this scope
zlasdtest/exercise1/../list/list.hpp:24:22: note: suggested alternative: 'int'
 void RemoveFromFront(uint& testnum, uint& testerr, lasd::List<Data>& lst, bool chk) {
                      ^~~~
                      int
zlasdtest/exercise1/../list/list.hpp:24:28: error: 'testnum' was not declared in this scope
 void RemoveFromFront(uint& testnum, uint& testerr, lasd::List<Data>& lst, bool chk) {
                            ^~~~~~~
zlasdtest/exercise1/../list/list.hpp:24:28: note: suggested alternative: 'tempnam'
 void RemoveFromFront(uint& testnum, uint& testerr, lasd::List<Data>& lst, bool chk) {
                            ^~~~~~~
                            tempnam
zlasdtest/exercise1/../list/list.hpp:24:37: error: 'uint' was not declared in this scope
 void RemoveFromFront(uint& testnum, uint& testerr, lasd::List<Data>& lst, bool chk) {
                                     ^~~~
zlasdtest/exercise1/../list/list.hpp:24:37: note: suggested alternative: 'int'
 void RemoveFromFront(uint& testnum, uint& testerr, lasd::List<Data>& lst, bool chk) {
                                     ^~~~
                                     int
zlasdtest/exercise1/../list/list.hpp:24:43: error: 'testerr' was not declared in this scope
 void RemoveFromFront(uint& testnum, uint& testerr, lasd::List<Data>& lst, bool chk) {
                                           ^~~~~~~
zlasdtest/exercise1/../list/list.hpp:24:43: note: suggested alternative: 'stderr'
 void RemoveFromFront(uint& testnum, uint& testerr, lasd::List<Data>& lst, bool chk) {
                                           ^~~~~~~
                                           stderr
zlasdtest/exercise1/../list/list.hpp:24:68: error: expected primary-expression before '&' token
 void RemoveFromFront(uint& testnum, uint& testerr, lasd::List<Data>& lst, bool chk) {
                                                                    ^
zlasdtest/exercise1/../list/list.hpp:24:70: error: 'lst' was not declared in this scope
 void RemoveFromFront(uint& testnum, uint& testerr, lasd::List<Data>& lst, bool chk) {
                                                                      ^~~
zlasdtest/exercise1/../list/list.hpp:24:70: note: suggested alternative: 'lasd'
 void RemoveFromFront(uint& testnum, uint& testerr, lasd::List<Data>& lst, bool chk) {
                                                                      ^~~
                                                                      lasd
zlasdtest/exercise1/../list/list.hpp:24:75: error: expected primary-expression before 'bool'
 void RemoveFromFront(uint& testnum, uint& testerr, lasd::List<Data>& lst, bool chk) {
                                                                           ^~~~
zlasdtest/exercise1/../list/list.hpp:41:19: error: variable or field 'FrontNRemove' declared void
 void FrontNRemove(uint& testnum, uint& testerr, lasd::List<Data>& lst, bool chk, const Data& val) {
                   ^~~~
zlasdtest/exercise1/../list/list.hpp:41:19: error: 'uint' was not declared in this scope
zlasdtest/exercise1/../list/list.hpp:41:19: note: suggested alternative: 'int'
 void FrontNRemove(uint& testnum, uint& testerr, lasd::List<Data>& lst, bool chk, const Data& val) {
                   ^~~~
                   int
zlasdtest/exercise1/../list/list.hpp:41:25: error: 'testnum' was not declared in this scope
 void FrontNRemove(uint& testnum, uint& testerr, lasd::List<Data>& lst, bool chk, const Data& val) {
                         ^~~~~~~
zlasdtest/exercise1/../list/list.hpp:41:25: note: suggested alternative: 'tempnam'
 void FrontNRemove(uint& testnum, uint& testerr, lasd::List<Data>& lst, bool chk, const Data& val) {
                         ^~~~~~~
                         tempnam
zlasdtest/exercise1/../list/list.hpp:41:34: error: 'uint' was not declared in this scope
 void FrontNRemove(uint& testnum, uint& testerr, lasd::List<Data>& lst, bool chk, const Data& val) {
                                  ^~~~
zlasdtest/exercise1/../list/list.hpp:41:34: note: suggested alternative: 'int'
 void FrontNRemove(uint& testnum, uint& testerr, lasd::List<Data>& lst, bool chk, const Data& val) {
                                  ^~~~
                                  int
zlasdtest/exercise1/../list/list.hpp:41:40: error: 'testerr' was not declared in this scope
 void FrontNRemove(uint& testnum, uint& testerr, lasd::List<Data>& lst, bool chk, const Data& val) {
                                        ^~~~~~~
zlasdtest/exercise1/../list/list.hpp:41:40: note: suggested alternative: 'stderr'
 void FrontNRemove(uint& testnum, uint& testerr, lasd::List<Data>& lst, bool chk, const Data& val) {
                                        ^~~~~~~
                                        stderr
zlasdtest/exercise1/../list/list.hpp:41:65: error: expected primary-expression before '&' token
 void FrontNRemove(uint& testnum, uint& testerr, lasd::List<Data>& lst, bool chk, const Data& val) {
                                                                 ^
zlasdtest/exercise1/../list/list.hpp:41:67: error: 'lst' was not declared in this scope
 void FrontNRemove(uint& testnum, uint& testerr, lasd::List<Data>& lst, bool chk, const Data& val) {
                                                                   ^~~
zlasdtest/exercise1/../list/list.hpp:41:67: note: suggested alternative: 'lasd'
 void FrontNRemove(uint& testnum, uint& testerr, lasd::List<Data>& lst, bool chk, const Data& val) {
                                                                   ^~~
                                                                   lasd
zlasdtest/exercise1/../list/list.hpp:41:72: error: expected primary-expression before 'bool'
 void FrontNRemove(uint& testnum, uint& testerr, lasd::List<Data>& lst, bool chk, const Data& val) {
                                                                        ^~~~
zlasdtest/exercise1/../list/list.hpp:41:82: error: expected primary-expression before 'const'
 void FrontNRemove(uint& testnum, uint& testerr, lasd::List<Data>& lst, bool chk, const Data& val) {
                                                                                  ^~~~~
zlasdtest/exercise1/../list/list.hpp:57:19: error: variable or field 'InsertAtBack' declared void
 void InsertAtBack(uint& testnum, uint& testerr, lasd::List<Data>& lst, bool chk, const Data& val) {
                   ^~~~
zlasdtest/exercise1/../list/list.hpp:57:19: error: 'uint' was not declared in this scope
zlasdtest/exercise1/../list/list.hpp:57:19: note: suggested alternative: 'int'
 void InsertAtBack(uint& testnum, uint& testerr, lasd::List<Data>& lst, bool chk, const Data& val) {
                   ^~~~
                   int
zlasdtest/exercise1/../list/list.hpp:57:25: error: 'testnum' was not declared in this scope
 void InsertAtBack(uint& testnum, uint& testerr, lasd::List<Data>& lst, bool chk, const Data& val) {
                         ^~~~~~~
zlasdtest/exercise1/../list/list.hpp:57:25: note: suggested alternative: 'tempnam'
 void InsertAtBack(uint& testnum, uint& testerr, lasd::List<Data>& lst, bool chk, const Data& val) {
                         ^~~~~~~
                         tempnam
zlasdtest/exercise1/../list/list.hpp:57:34: error: 'uint' was not declared in this scope
 void InsertAtBack(uint& testnum, uint& testerr, lasd::List<Data>& lst, bool chk, const Data& val) {
                                  ^~~~
zlasdtest/exercise1/../list/list.hpp:57:34: note: suggested alternative: 'int'
 void InsertAtBack(uint& testnum, uint& testerr, lasd::List<Data>& lst, bool chk, const Data& val) {
                                  ^~~~
                                  int
zlasdtest/exercise1/../list/list.hpp:57:40: error: 'testerr' was not declared in this scope
 void InsertAtBack(uint& testnum, uint& testerr, lasd::List<Data>& lst, bool chk, const Data& val) {
                                        ^~~~~~~
zlasdtest/exercise1/../list/list.hpp:57:40: note: suggested alternative: 'stderr'
 void InsertAtBack(uint& testnum, uint& testerr, lasd::List<Data>& lst, bool chk, const Data& val) {
                                        ^~~~~~~
                                        stderr
zlasdtest/exercise1/../list/list.hpp:57:65: error: expected primary-expression before '&' token
 void InsertAtBack(uint& testnum, uint& testerr, lasd::List<Data>& lst, bool chk, const Data& val) {
                                                                 ^
zlasdtest/exercise1/../list/list.hpp:57:67: error: 'lst' was not declared in this scope
 void InsertAtBack(uint& testnum, uint& testerr, lasd::List<Data>& lst, bool chk, const Data& val) {
                                                                   ^~~
zlasdtest/exercise1/../list/list.hpp:57:67: note: suggested alternative: 'lasd'
 void InsertAtBack(uint& testnum, uint& testerr, lasd::List<Data>& lst, bool chk, const Data& val) {
                                                                   ^~~
                                                                   lasd
zlasdtest/exercise1/../list/list.hpp:57:72: error: expected primary-expression before 'bool'
 void InsertAtBack(uint& testnum, uint& testerr, lasd::List<Data>& lst, bool chk, const Data& val) {
                                                                        ^~~~
zlasdtest/exercise1/../list/list.hpp:57:82: error: expected primary-expression before 'const'
 void InsertAtBack(uint& testnum, uint& testerr, lasd::List<Data>& lst, bool chk, const Data& val) {
                                                                                  ^~~~~
zlasdtest/exercise1/../list/list.hpp:71:16: error: variable or field 'EqualList' declared void
 void EqualList(uint& testnum, uint& testerr, const lasd::List<Data>& lst1, const lasd::List<Data>& lst2, bool chk) {
                ^~~~
zlasdtest/exercise1/../list/list.hpp:71:16: error: 'uint' was not declared in this scope
zlasdtest/exercise1/../list/list.hpp:71:16: note: suggested alternative: 'int'
 void EqualList(uint& testnum, uint& testerr, const lasd::List<Data>& lst1, const lasd::List<Data>& lst2, bool chk) {
                ^~~~
                int
zlasdtest/exercise1/../list/list.hpp:71:22: error: 'testnum' was not declared in this scope
 void EqualList(uint& testnum, uint& testerr, const lasd::List<Data>& lst1, const lasd::List<Data>& lst2, bool chk) {
                      ^~~~~~~
zlasdtest/exercise1/../list/list.hpp:71:22: note: suggested alternative: 'tempnam'
 void EqualList(uint& testnum, uint& testerr, const lasd::List<Data>& lst1, const lasd::List<Data>& lst2, bool chk) {
                      ^~~~~~~
                      tempnam
zlasdtest/exercise1/../list/list.hpp:71:31: error: 'uint' was not declared in this scope
 void EqualList(uint& testnum, uint& testerr, const lasd::List<Data>& lst1, const lasd::List<Data>& lst2, bool chk) {
                               ^~~~
zlasdtest/exercise1/../list/list.hpp:71:31: note: suggested alternative: 'int'
 void EqualList(uint& testnum, uint& testerr, const lasd::List<Data>& lst1, const lasd::List<Data>& lst2, bool chk) {
                               ^~~~
                               int
zlasdtest/exercise1/../list/list.hpp:71:37: error: 'testerr' was not declared in this scope
 void EqualList(uint& testnum, uint& testerr, const lasd::List<Data>& lst1, const lasd::List<Data>& lst2, bool chk) {
                                     ^~~~~~~
zlasdtest/exercise1/../list/list.hpp:71:37: note: suggested alternative: 'stderr'
 void EqualList(uint& testnum, uint& testerr, const lasd::List<Data>& lst1, const lasd::List<Data>& lst2, bool chk) {
                                     ^~~~~~~
                                     stderr
zlasdtest/exercise1/../list/list.hpp:71:46: error: expected primary-expression before 'const'
 void EqualList(uint& testnum, uint& testerr, const lasd::List<Data>& lst1, const lasd::List<Data>& lst2, bool chk) {
                                              ^~~~~
zlasdtest/exercise1/../list/list.hpp:71:76: error: expected primary-expression before 'const'
 void EqualList(uint& testnum, uint& testerr, const lasd::List<Data>& lst1, const lasd::List<Data>& lst2, bool chk) {
                                                                            ^~~~~
zlasdtest/exercise1/../list/list.hpp:71:106: error: expected primary-expression before 'bool'
 void EqualList(uint& testnum, uint& testerr, const lasd::List<Data>& lst1, const lasd::List<Data>& lst2, bool chk) {
                                                                                                          ^~~~
zlasdtest/exercise1/../list/list.hpp:84:19: error: variable or field 'NonEqualList' declared void
 void NonEqualList(uint& testnum, uint& testerr, const lasd::List<Data>& lst1, const lasd::List<Data>& lst2, bool chk) {
                   ^~~~
zlasdtest/exercise1/../list/list.hpp:84:19: error: 'uint' was not declared in this scope
zlasdtest/exercise1/../list/list.hpp:84:19: note: suggested alternative: 'int'
 void NonEqualList(uint& testnum, uint& testerr, const lasd::List<Data>& lst1, const lasd::List<Data>& lst2, bool chk) {
                   ^~~~
                   int
zlasdtest/exercise1/../list/list.hpp:84:25: error: 'testnum' was not declared in this scope
 void NonEqualList(uint& testnum, uint& testerr, const lasd::List<Data>& lst1, const lasd::List<Data>& lst2, bool chk) {
                         ^~~~~~~
zlasdtest/exercise1/../list/list.hpp:84:25: note: suggested alternative: 'tempnam'
 void NonEqualList(uint& testnum, uint& testerr, const lasd::List<Data>& lst1, const lasd::List<Data>& lst2, bool chk) {
                         ^~~~~~~
                         tempnam
zlasdtest/exercise1/../list/list.hpp:84:34: error: 'uint' was not declared in this scope
 void NonEqualList(uint& testnum, uint& testerr, const lasd::List<Data>& lst1, const lasd::List<Data>& lst2, bool chk) {
                                  ^~~~
zlasdtest/exercise1/../list/list.hpp:84:34: note: suggested alternative: 'int'
 void NonEqualList(uint& testnum, uint& testerr, const lasd::List<Data>& lst1, const lasd::List<Data>& lst2, bool chk) {
                                  ^~~~
                                  int
zlasdtest/exercise1/../list/list.hpp:84:40: error: 'testerr' was not declared in this scope
 void NonEqualList(uint& testnum, uint& testerr, const lasd::List<Data>& lst1, const lasd::List<Data>& lst2, bool chk) {
                                        ^~~~~~~
zlasdtest/exercise1/../list/list.hpp:84:40: note: suggested alternative: 'stderr'
 void NonEqualList(uint& testnum, uint& testerr, const lasd::List<Data>& lst1, const lasd::List<Data>& lst2, bool chk) {
                                        ^~~~~~~
                                        stderr
zlasdtest/exercise1/../list/list.hpp:84:49: error: expected primary-expression before 'const'
 void NonEqualList(uint& testnum, uint& testerr, const lasd::List<Data>& lst1, const lasd::List<Data>& lst2, bool chk) {
                                                 ^~~~~
zlasdtest/exercise1/../list/list.hpp:84:79: error: expected primary-expression before 'const'
 void NonEqualList(uint& testnum, uint& testerr, const lasd::List<Data>& lst1, const lasd::List<Data>& lst2, bool chk) {
                                                                               ^~~~~
zlasdtest/exercise1/../list/list.hpp:84:109: error: expected primary-expression before 'bool'
 void NonEqualList(uint& testnum, uint& testerr, const lasd::List<Data>& lst1, const lasd::List<Data>& lst2, bool chk) {
                                                                                                             ^~~~
zlasdtest/exercise1/simpletest.cpp:18:21: error: variable or field 'stestVectorInt' declared void
 void stestVectorInt(uint& testnum, uint& testerr) {
                     ^~~~
zlasdtest/exercise1/simpletest.cpp:18:21: error: 'uint' was not declared in this scope
zlasdtest/exercise1/simpletest.cpp:18:21: note: suggested alternative: 'int'
 void stestVectorInt(uint& testnum, uint& testerr) {
                     ^~~~
                     int
zlasdtest/exercise1/simpletest.cpp:18:27: error: 'testnum' was not declared in this scope
 void stestVectorInt(uint& testnum, uint& testerr) {
                           ^~~~~~~
zlasdtest/exercise1/simpletest.cpp:18:27: note: suggested alternative: 'tempnam'
 void stestVectorInt(uint& testnum, uint& testerr) {
                           ^~~~~~~
                           tempnam
zlasdtest/exercise1/simpletest.cpp:18:36: error: 'uint' was not declared in this scope
 void stestVectorInt(uint& testnum, uint& testerr) {
                                    ^~~~
zlasdtest/exercise1/simpletest.cpp:18:36: note: suggested alternative: 'int'
 void stestVectorInt(uint& testnum, uint& testerr) {
                                    ^~~~
                                    int
zlasdtest/exercise1/simpletest.cpp:18:42: error: 'testerr' was not declared in this scope
 void stestVectorInt(uint& testnum, uint& testerr) {
                                          ^~~~~~~
zlasdtest/exercise1/simpletest.cpp:18:42: note: suggested alternative: 'stderr'
 void stestVectorInt(uint& testnum, uint& testerr) {
                                          ^~~~~~~
                                          stderr
zlasdtest/exercise1/simpletest.cpp:73:24: error: variable or field 'stestVectorDouble' declared void
 void stestVectorDouble(uint& testnum, uint& testerr) {
                        ^~~~
zlasdtest/exercise1/simpletest.cpp:73:24: error: 'uint' was not declared in this scope
zlasdtest/exercise1/simpletest.cpp:73:24: note: suggested alternative: 'int'
 void stestVectorDouble(uint& testnum, uint& testerr) {
                        ^~~~
                        int
zlasdtest/exercise1/simpletest.cpp:73:30: error: 'testnum' was not declared in this scope
 void stestVectorDouble(uint& testnum, uint& testerr) {
                              ^~~~~~~
zlasdtest/exercise1/simpletest.cpp:73:30: note: suggested alternative: 'tempnam'
 void stestVectorDouble(uint& testnum, uint& testerr) {
                              ^~~~~~~
                              tempnam
zlasdtest/exercise1/simpletest.cpp:73:39: error: 'uint' was not declared in this scope
 void stestVectorDouble(uint& testnum, uint& testerr) {
                                       ^~~~
zlasdtest/exercise1/simpletest.cpp:73:39: note: suggested alternative: 'int'
 void stestVectorDouble(uint& testnum, uint& testerr) {
                                       ^~~~
                                       int
zlasdtest/exercise1/simpletest.cpp:73:45: error: 'testerr' was not declared in this scope
 void stestVectorDouble(uint& testnum, uint& testerr) {
                                             ^~~~~~~
zlasdtest/exercise1/simpletest.cpp:73:45: note: suggested alternative: 'stderr'
 void stestVectorDouble(uint& testnum, uint& testerr) {
                                             ^~~~~~~
                                             stderr
zlasdtest/exercise1/simpletest.cpp:101:24: error: variable or field 'stestVectorString' declared void
 void stestVectorString(uint& testnum, uint& testerr) {
                        ^~~~
zlasdtest/exercise1/simpletest.cpp:101:24: error: 'uint' was not declared in this scope
zlasdtest/exercise1/simpletest.cpp:101:24: note: suggested alternative: 'int'
 void stestVectorString(uint& testnum, uint& testerr) {
                        ^~~~
                        int
zlasdtest/exercise1/simpletest.cpp:101:30: error: 'testnum' was not declared in this scope
 void stestVectorString(uint& testnum, uint& testerr) {
                              ^~~~~~~
zlasdtest/exercise1/simpletest.cpp:101:30: note: suggested alternative: 'tempnam'
 void stestVectorString(uint& testnum, uint& testerr) {
                              ^~~~~~~
                              tempnam
zlasdtest/exercise1/simpletest.cpp:101:39: error: 'uint' was not declared in this scope
 void stestVectorString(uint& testnum, uint& testerr) {
                                       ^~~~
zlasdtest/exercise1/simpletest.cpp:101:39: note: suggested alternative: 'int'
 void stestVectorString(uint& testnum, uint& testerr) {
                                       ^~~~
                                       int
zlasdtest/exercise1/simpletest.cpp:101:45: error: 'testerr' was not declared in this scope
 void stestVectorString(uint& testnum, uint& testerr) {
                                             ^~~~~~~
zlasdtest/exercise1/simpletest.cpp:101:45: note: suggested alternative: 'stderr'
 void stestVectorString(uint& testnum, uint& testerr) {
                                             ^~~~~~~
                                             stderr
zlasdtest/exercise1/simpletest.cpp:149:18: error: variable or field 'stestVector' declared void
 void stestVector(uint& testnum, uint& testerr) {
                  ^~~~
zlasdtest/exercise1/simpletest.cpp:149:18: error: 'uint' was not declared in this scope
zlasdtest/exercise1/simpletest.cpp:149:18: note: suggested alternative: 'int'
 void stestVector(uint& testnum, uint& testerr) {
                  ^~~~
                  int
zlasdtest/exercise1/simpletest.cpp:149:24: error: 'testnum' was not declared in this scope
 void stestVector(uint& testnum, uint& testerr) {
                        ^~~~~~~
zlasdtest/exercise1/simpletest.cpp:149:24: note: suggested alternative: 'tempnam'
 void stestVector(uint& testnum, uint& testerr) {
                        ^~~~~~~
                        tempnam
zlasdtest/exercise1/simpletest.cpp:149:33: error: 'uint' was not declared in this scope
 void stestVector(uint& testnum, uint& testerr) {
                                 ^~~~
zlasdtest/exercise1/simpletest.cpp:149:33: note: suggested alternative: 'int'
 void stestVector(uint& testnum, uint& testerr) {
                                 ^~~~
                                 int
zlasdtest/exercise1/simpletest.cpp:149:39: error: 'testerr' was not declared in this scope
 void stestVector(uint& testnum, uint& testerr) {
                                       ^~~~~~~
zlasdtest/exercise1/simpletest.cpp:149:39: note: suggested alternative: 'stderr'
 void stestVector(uint& testnum, uint& testerr) {
                                       ^~~~~~~
                                       stderr
zlasdtest/exercise1/simpletest.cpp:161:19: error: variable or field 'stestListInt' declared void
 void stestListInt(uint& testnum, uint& testerr) {
                   ^~~~
zlasdtest/exercise1/simpletest.cpp:161:19: error: 'uint' was not declared in this scope
zlasdtest/exercise1/simpletest.cpp:161:19: note: suggested alternative: 'int'
 void stestListInt(uint& testnum, uint& testerr) {
                   ^~~~
                   int
zlasdtest/exercise1/simpletest.cpp:161:25: error: 'testnum' was not declared in this scope
 void stestListInt(uint& testnum, uint& testerr) {
                         ^~~~~~~
zlasdtest/exercise1/simpletest.cpp:161:25: note: suggested alternative: 'tempnam'
 void stestListInt(uint& testnum, uint& testerr) {
                         ^~~~~~~
                         tempnam
zlasdtest/exercise1/simpletest.cpp:161:34: error: 'uint' was not declared in this scope
 void stestListInt(uint& testnum, uint& testerr) {
                                  ^~~~
zlasdtest/exercise1/simpletest.cpp:161:34: note: suggested alternative: 'int'
 void stestListInt(uint& testnum, uint& testerr) {
                                  ^~~~
                                  int
zlasdtest/exercise1/simpletest.cpp:161:40: error: 'testerr' was not declared in this scope
 void stestListInt(uint& testnum, uint& testerr) {
                                        ^~~~~~~
zlasdtest/exercise1/simpletest.cpp:161:40: note: suggested alternative: 'stderr'
 void stestListInt(uint& testnum, uint& testerr) {
                                        ^~~~~~~
                                        stderr
zlasdtest/exercise1/simpletest.cpp:240:22: error: variable or field 'stestListDouble' declared void
 void stestListDouble(uint& testnum, uint& testerr) {
                      ^~~~
zlasdtest/exercise1/simpletest.cpp:240:22: error: 'uint' was not declared in this scope
zlasdtest/exercise1/simpletest.cpp:240:22: note: suggested alternative: 'int'
 void stestListDouble(uint& testnum, uint& testerr) {
                      ^~~~
                      int
zlasdtest/exercise1/simpletest.cpp:240:28: error: 'testnum' was not declared in this scope
 void stestListDouble(uint& testnum, uint& testerr) {
                            ^~~~~~~
zlasdtest/exercise1/simpletest.cpp:240:28: note: suggested alternative: 'tempnam'
 void stestListDouble(uint& testnum, uint& testerr) {
                            ^~~~~~~
                            tempnam
zlasdtest/exercise1/simpletest.cpp:240:37: error: 'uint' was not declared in this scope
 void stestListDouble(uint& testnum, uint& testerr) {
                                     ^~~~
zlasdtest/exercise1/simpletest.cpp:240:37: note: suggested alternative: 'int'
 void stestListDouble(uint& testnum, uint& testerr) {
                                     ^~~~
                                     int
zlasdtest/exercise1/simpletest.cpp:240:43: error: 'testerr' was not declared in this scope
 void stestListDouble(uint& testnum, uint& testerr) {
                                           ^~~~~~~
zlasdtest/exercise1/simpletest.cpp:240:43: note: suggested alternative: 'stderr'
 void stestListDouble(uint& testnum, uint& testerr) {
                                           ^~~~~~~
                                           stderr
zlasdtest/exercise1/simpletest.cpp:276:22: error: variable or field 'stestListString' declared void
 void stestListString(uint& testnum, uint& testerr) {
                      ^~~~
zlasdtest/exercise1/simpletest.cpp:276:22: error: 'uint' was not declared in this scope
zlasdtest/exercise1/simpletest.cpp:276:22: note: suggested alternative: 'int'
 void stestListString(uint& testnum, uint& testerr) {
                      ^~~~
                      int
zlasdtest/exercise1/simpletest.cpp:276:28: error: 'testnum' was not declared in this scope
 void stestListString(uint& testnum, uint& testerr) {
                            ^~~~~~~
zlasdtest/exercise1/simpletest.cpp:276:28: note: suggested alternative: 'tempnam'
 void stestListString(uint& testnum, uint& testerr) {
                            ^~~~~~~
                            tempnam
zlasdtest/exercise1/simpletest.cpp:276:37: error: 'uint' was not declared in this scope
 void stestListString(uint& testnum, uint& testerr) {
                                     ^~~~
zlasdtest/exercise1/simpletest.cpp:276:37: note: suggested alternative: 'int'
 void stestListString(uint& testnum, uint& testerr) {
                                     ^~~~
                                     int
zlasdtest/exercise1/simpletest.cpp:276:43: error: 'testerr' was not declared in this scope
 void stestListString(uint& testnum, uint& testerr) {
                                           ^~~~~~~
zlasdtest/exercise1/simpletest.cpp:276:43: note: suggested alternative: 'stderr'
 void stestListString(uint& testnum, uint& testerr) {
                                           ^~~~~~~
                                           stderr
zlasdtest/exercise1/simpletest.cpp:321:16: error: variable or field 'stestList' declared void
 void stestList(uint& testnum, uint& testerr) {
                ^~~~
zlasdtest/exercise1/simpletest.cpp:321:16: error: 'uint' was not declared in this scope
zlasdtest/exercise1/simpletest.cpp:321:16: note: suggested alternative: 'int'
 void stestList(uint& testnum, uint& testerr) {
                ^~~~
                int
zlasdtest/exercise1/simpletest.cpp:321:22: error: 'testnum' was not declared in this scope
 void stestList(uint& testnum, uint& testerr) {
                      ^~~~~~~
zlasdtest/exercise1/simpletest.cpp:321:22: note: suggested alternative: 'tempnam'
 void stestList(uint& testnum, uint& testerr) {
                      ^~~~~~~
                      tempnam
zlasdtest/exercise1/simpletest.cpp:321:31: error: 'uint' was not declared in this scope
 void stestList(uint& testnum, uint& testerr) {
                               ^~~~
zlasdtest/exercise1/simpletest.cpp:321:31: note: suggested alternative: 'int'
 void stestList(uint& testnum, uint& testerr) {
                               ^~~~
                               int
zlasdtest/exercise1/simpletest.cpp:321:37: error: 'testerr' was not declared in this scope
 void stestList(uint& testnum, uint& testerr) {
                                     ^~~~~~~
zlasdtest/exercise1/simpletest.cpp:321:37: note: suggested alternative: 'stderr'
 void stestList(uint& testnum, uint& testerr) {
                                     ^~~~~~~
                                     stderr
zlasdtest/exercise1/simpletest.cpp:333:25: error: variable or field 'stestVectorListInt' declared void
 void stestVectorListInt(uint& testnum, uint& testerr) {
                         ^~~~
zlasdtest/exercise1/simpletest.cpp:333:25: error: 'uint' was not declared in this scope
zlasdtest/exercise1/simpletest.cpp:333:25: note: suggested alternative: 'int'
 void stestVectorListInt(uint& testnum, uint& testerr) {
                         ^~~~
                         int
zlasdtest/exercise1/simpletest.cpp:333:31: error: 'testnum' was not declared in this scope
 void stestVectorListInt(uint& testnum, uint& testerr) {
                               ^~~~~~~
zlasdtest/exercise1/simpletest.cpp:333:31: note: suggested alternative: 'tempnam'
 void stestVectorListInt(uint& testnum, uint& testerr) {
                               ^~~~~~~
                               tempnam
zlasdtest/exercise1/simpletest.cpp:333:40: error: 'uint' was not declared in this scope
 void stestVectorListInt(uint& testnum, uint& testerr) {
                                        ^~~~
zlasdtest/exercise1/simpletest.cpp:333:40: note: suggested alternative: 'int'
 void stestVectorListInt(uint& testnum, uint& testerr) {
                                        ^~~~
                                        int
zlasdtest/exercise1/simpletest.cpp:333:46: error: 'testerr' was not declared in this scope
 void stestVectorListInt(uint& testnum, uint& testerr) {
                                              ^~~~~~~
zlasdtest/exercise1/simpletest.cpp:333:46: note: suggested alternative: 'stderr'
 void stestVectorListInt(uint& testnum, uint& testerr) {
                                              ^~~~~~~
                                              stderr
zlasdtest/exercise1/simpletest.cpp:365:28: error: variable or field 'stestVectorListDouble' declared void
 void stestVectorListDouble(uint& testnum, uint& testerr) {
                            ^~~~
zlasdtest/exercise1/simpletest.cpp:365:28: error: 'uint' was not declared in this scope
zlasdtest/exercise1/simpletest.cpp:365:28: note: suggested alternative: 'int'
 void stestVectorListDouble(uint& testnum, uint& testerr) {
                            ^~~~
                            int
zlasdtest/exercise1/simpletest.cpp:365:34: error: 'testnum' was not declared in this scope
 void stestVectorListDouble(uint& testnum, uint& testerr) {
                                  ^~~~~~~
zlasdtest/exercise1/simpletest.cpp:365:34: note: suggested alternative: 'tempnam'
 void stestVectorListDouble(uint& testnum, uint& testerr) {
                                  ^~~~~~~
                                  tempnam
zlasdtest/exercise1/simpletest.cpp:365:43: error: 'uint' was not declared in this scope
 void stestVectorListDouble(uint& testnum, uint& testerr) {
                                           ^~~~
zlasdtest/exercise1/simpletest.cpp:365:43: note: suggested alternative: 'int'
 void stestVectorListDouble(uint& testnum, uint& testerr) {
                                           ^~~~
                                           int
zlasdtest/exercise1/simpletest.cpp:365:49: error: 'testerr' was not declared in this scope
 void stestVectorListDouble(uint& testnum, uint& testerr) {
                                                 ^~~~~~~
zlasdtest/exercise1/simpletest.cpp:365:49: note: suggested alternative: 'stderr'
 void stestVectorListDouble(uint& testnum, uint& testerr) {
                                                 ^~~~~~~
                                                 stderr
zlasdtest/exercise1/simpletest.cpp:397:28: error: variable or field 'stestVectorListString' declared void
 void stestVectorListString(uint& testnum, uint& testerr) {
                            ^~~~
zlasdtest/exercise1/simpletest.cpp:397:28: error: 'uint' was not declared in this scope
zlasdtest/exercise1/simpletest.cpp:397:28: note: suggested alternative: 'int'
 void stestVectorListString(uint& testnum, uint& testerr) {
                            ^~~~
                            int
zlasdtest/exercise1/simpletest.cpp:397:34: error: 'testnum' was not declared in this scope
 void stestVectorListString(uint& testnum, uint& testerr) {
                                  ^~~~~~~
zlasdtest/exercise1/simpletest.cpp:397:34: note: suggested alternative: 'tempnam'
 void stestVectorListString(uint& testnum, uint& testerr) {
                                  ^~~~~~~
                                  tempnam
zlasdtest/exercise1/simpletest.cpp:397:43: error: 'uint' was not declared in this scope
 void stestVectorListString(uint& testnum, uint& testerr) {
                                           ^~~~
zlasdtest/exercise1/simpletest.cpp:397:43: note: suggested alternative: 'int'
 void stestVectorListString(uint& testnum, uint& testerr) {
                                           ^~~~
                                           int
zlasdtest/exercise1/simpletest.cpp:397:49: error: 'testerr' was not declared in this scope
 void stestVectorListString(uint& testnum, uint& testerr) {
                                                 ^~~~~~~
zlasdtest/exercise1/simpletest.cpp:397:49: note: suggested alternative: 'stderr'
 void stestVectorListString(uint& testnum, uint& testerr) {
                                                 ^~~~~~~
                                                 stderr
zlasdtest/exercise1/simpletest.cpp:429:22: error: variable or field 'stestVectorList' declared void
 void stestVectorList(uint& testnum, uint& testerr) {
                      ^~~~
zlasdtest/exercise1/simpletest.cpp:429:22: error: 'uint' was not declared in this scope
zlasdtest/exercise1/simpletest.cpp:429:22: note: suggested alternative: 'int'
 void stestVectorList(uint& testnum, uint& testerr) {
                      ^~~~
                      int
zlasdtest/exercise1/simpletest.cpp:429:28: error: 'testnum' was not declared in this scope
 void stestVectorList(uint& testnum, uint& testerr) {
                            ^~~~~~~
zlasdtest/exercise1/simpletest.cpp:429:28: note: suggested alternative: 'tempnam'
 void stestVectorList(uint& testnum, uint& testerr) {
                            ^~~~~~~
                            tempnam
zlasdtest/exercise1/simpletest.cpp:429:37: error: 'uint' was not declared in this scope
 void stestVectorList(uint& testnum, uint& testerr) {
                                     ^~~~
zlasdtest/exercise1/simpletest.cpp:429:37: note: suggested alternative: 'int'
 void stestVectorList(uint& testnum, uint& testerr) {
                                     ^~~~
                                     int
zlasdtest/exercise1/simpletest.cpp:429:43: error: 'testerr' was not declared in this scope
 void stestVectorList(uint& testnum, uint& testerr) {
                                           ^~~~~~~
zlasdtest/exercise1/simpletest.cpp:429:43: note: suggested alternative: 'stderr'
 void stestVectorList(uint& testnum, uint& testerr) {
                                           ^~~~~~~
                                           stderr
zlasdtest/exercise1/simpletest.cpp: In function 'void testSimpleExercise1()':
zlasdtest/exercise1/simpletest.cpp:442:3: error: 'uint' was not declared in this scope
   uint testnum = 0, testerr = 0;
   ^~~~
zlasdtest/exercise1/simpletest.cpp:442:3: note: suggested alternative: 'int'
   uint testnum = 0, testerr = 0;
   ^~~~
   int
zlasdtest/exercise1/simpletest.cpp:443:15: error: 'testnum' was not declared in this scope
   stestVector(testnum, testerr);
               ^~~~~~~
zlasdtest/exercise1/simpletest.cpp:443:15: note: suggested alternative: 'tempnam'
   stestVector(testnum, testerr);
               ^~~~~~~
               tempnam
zlasdtest/exercise1/simpletest.cpp:443:24: error: 'testerr' was not declared in this scope
   stestVector(testnum, testerr);
                        ^~~~~~~
zlasdtest/exercise1/simpletest.cpp:443:24: note: suggested alternative: 'stderr'
   stestVector(testnum, testerr);
                        ^~~~~~~
                        stderr
zlasdtest/exercise1/simpletest.cpp:443:3: error: 'stestVector' was not declared in this scope
   stestVector(testnum, testerr);
   ^~~~~~~~~~~
zlasdtest/exercise1/simpletest.cpp:444:3: error: 'stestList' was not declared in this scope
   stestList(testnum, testerr);
   ^~~~~~~~~
zlasdtest/exercise1/simpletest.cpp:445:3: error: 'stestVectorList' was not declared in this scope
   stestVectorList(testnum, testerr);
   ^~~~~~~~~~~~~~~
In file included from zlasdtest/exercise2/simpletest.cpp:6:
zlasdtest/exercise2/../container/container.hpp:11:12: error: variable or field 'Empty' declared void
 void Empty(uint&, uint&, const lasd::Container&, bool);
            ^~~~
zlasdtest/exercise2/../container/container.hpp:11:12: error: 'uint' was not declared in this scope
zlasdtest/exercise2/../container/container.hpp:11:12: note: suggested alternative: 'int'
 void Empty(uint&, uint&, const lasd::Container&, bool);
            ^~~~
            int
zlasdtest/exercise2/../container/container.hpp:11:17: error: expected primary-expression before ',' token
 void Empty(uint&, uint&, const lasd::Container&, bool);
                 ^
zlasdtest/exercise2/../container/container.hpp:11:19: error: 'uint' was not declared in this scope
 void Empty(uint&, uint&, const lasd::Container&, bool);
                   ^~~~
zlasdtest/exercise2/../container/container.hpp:11:19: note: suggested alternative: 'int'
 void Empty(uint&, uint&, const lasd::Container&, bool);
                   ^~~~
                   int
zlasdtest/exercise2/../container/container.hpp:11:24: error: expected primary-expression before ',' token
 void Empty(uint&, uint&, const lasd::Container&, bool);
                        ^
zlasdtest/exercise2/../container/container.hpp:11:26: error: expected primary-expression before 'const'
 void Empty(uint&, uint&, const lasd::Container&, bool);
                          ^~~~~
zlasdtest/exercise2/../container/container.hpp:11:50: error: expected primary-expression before 'bool'
 void Empty(uint&, uint&, const lasd::Container&, bool);
                                                  ^~~~
zlasdtest/exercise2/../container/container.hpp:13:11: error: variable or field 'Size' declared void
 void Size(uint&, uint&, const lasd::Container&, bool, ulong);
           ^~~~
zlasdtest/exercise2/../container/container.hpp:13:11: error: 'uint' was not declared in this scope
zlasdtest/exercise2/../container/container.hpp:13:11: note: suggested alternative: 'int'
 void Size(uint&, uint&, const lasd::Container&, bool, ulong);
           ^~~~
           int
zlasdtest/exercise2/../container/container.hpp:13:16: error: expected primary-expression before ',' token
 void Size(uint&, uint&, const lasd::Container&, bool, ulong);
                ^
zlasdtest/exercise2/../container/container.hpp:13:18: error: 'uint' was not declared in this scope
 void Size(uint&, uint&, const lasd::Container&, bool, ulong);
                  ^~~~
zlasdtest/exercise2/../container/container.hpp:13:18: note: suggested alternative: 'int'
 void Size(uint&, uint&, const lasd::Container&, bool, ulong);
                  ^~~~
                  int
zlasdtest/exercise2/../container/container.hpp:13:23: error: expected primary-expression before ',' token
 void Size(uint&, uint&, const lasd::Container&, bool, ulong);
                       ^
zlasdtest/exercise2/../container/container.hpp:13:25: error: expected primary-expression before 'const'
 void Size(uint&, uint&, const lasd::Container&, bool, ulong);
                         ^~~~~
zlasdtest/exercise2/../container/container.hpp:13:49: error: expected primary-expression before 'bool'
 void Size(uint&, uint&, const lasd::Container&, bool, ulong);
                                                 ^~~~
zlasdtest/exercise2/../container/container.hpp:13:55: error: 'ulong' was not declared in this scope
 void Size(uint&, uint&, const lasd::Container&, bool, ulong);
                                                       ^~~~~
zlasdtest/exercise2/../container/container.hpp:13:55: note: suggested alternative: 'long'
 void Size(uint&, uint&, const lasd::Container&, bool, ulong);
                                                       ^~~~~
                                                       long
zlasdtest/exercise2/../container/container.hpp:20:15: error: variable or field 'GetFront' declared void
 void GetFront(uint& testnum, uint& testerr, const lasd::LinearContainer<Data>& con, bool chk, const Data& val) {
               ^~~~
zlasdtest/exercise2/../container/container.hpp:20:15: error: 'uint' was not declared in this scope
zlasdtest/exercise2/../container/container.hpp:20:15: note: suggested alternative: 'int'
 void GetFront(uint& testnum, uint& testerr, const lasd::LinearContainer<Data>& con, bool chk, const Data& val) {
               ^~~~
               int
zlasdtest/exercise2/../container/container.hpp:20:21: error: 'testnum' was not declared in this scope
 void GetFront(uint& testnum, uint& testerr, const lasd::LinearContainer<Data>& con, bool chk, const Data& val) {
                     ^~~~~~~
zlasdtest/exercise2/../container/container.hpp:20:21: note: suggested alternative: 'tempnam'
 void GetFront(uint& testnum, uint& testerr, const lasd::LinearContainer<Data>& con, bool chk, const Data& val) {
                     ^~~~~~~
                     tempnam
zlasdtest/exercise2/../container/container.hpp:20:30: error: 'uint' was not declared in this scope
 void GetFront(uint& testnum, uint& testerr, const lasd::LinearContainer<Data>& con, bool chk, const Data& val) {
                              ^~~~
zlasdtest/exercise2/../container/container.hpp:20:30: note: suggested alternative: 'int'
 void GetFront(uint& testnum, uint& testerr, const lasd::LinearContainer<Data>& con, bool chk, const Data& val) {
                              ^~~~
                              int
zlasdtest/exercise2/../container/container.hpp:20:36: error: 'testerr' was not declared in this scope
 void GetFront(uint& testnum, uint& testerr, const lasd::LinearContainer<Data>& con, bool chk, const Data& val) {
                                    ^~~~~~~
zlasdtest/exercise2/../container/container.hpp:20:36: note: suggested alternative: 'stderr'
 void GetFront(uint& testnum, uint& testerr, const lasd::LinearContainer<Data>& con, bool chk, const Data& val) {
                                    ^~~~~~~
                                    stderr
zlasdtest/exercise2/../container/container.hpp:20:45: error: expected primary-expression before 'const'
 void GetFront(uint& testnum, uint& testerr, const lasd::LinearContainer<Data>& con, bool chk, const Data& val) {
                                             ^~~~~
zlasdtest/exercise2/../container/container.hpp:20:85: error: expected primary-expression before 'bool'
 void GetFront(uint& testnum, uint& testerr, const lasd::LinearContainer<Data>& con, bool chk, const Data& val) {
                                                                                     ^~~~
zlasdtest/exercise2/../container/container.hpp:20:95: error: expected primary-expression before 'const'
 void GetFront(uint& testnum, uint& testerr, const lasd::LinearContainer<Data>& con, bool chk, const Data& val) {
                                                                                               ^~~~~
zlasdtest/exercise2/../container/container.hpp:36:15: error: variable or field 'SetFront' declared void
 void SetFront(uint& testnum, uint& testerr, const lasd::LinearContainer<Data>& con, bool chk, const Data& val) {
               ^~~~
zlasdtest/exercise2/../container/container.hpp:36:15: error: 'uint' was not declared in this scope
zlasdtest/exercise2/../container/container.hpp:36:15: note: suggested alternative: 'int'
 void SetFront(uint& testnum, uint& testerr, const lasd::LinearContainer<Data>& con, bool chk, const Data& val) {
               ^~~~
               int
zlasdtest/exercise2/../container/container.hpp:36:21: error: 'testnum' was not declared in this scope
 void SetFront(uint& testnum, uint& testerr, const lasd::LinearContainer<Data>& con, bool chk, const Data& val) {
                     ^~~~~~~
zlasdtest/exercise2/../container/container.hpp:36:21: note: suggested alternative: 'tempnam'
 void SetFront(uint& testnum, uint& testerr, const lasd::LinearContainer<Data>& con, bool chk, const Data& val) {
                     ^~~~~~~
                     tempnam
zlasdtest/exercise2/../container/container.hpp:36:30: error: 'uint' was not declared in this scope
 void SetFront(uint& testnum, uint& testerr, const lasd::LinearContainer<Data>& con, bool chk, const Data& val) {
                              ^~~~
zlasdtest/exercise2/../container/container.hpp:36:30: note: suggested alternative: 'int'
 void SetFront(uint& testnum, uint& testerr, const lasd::LinearContainer<Data>& con, bool chk, const Data& val) {
                              ^~~~
                              int
zlasdtest/exercise2/../container/container.hpp:36:36: error: 'testerr' was not declared in this scope
 void SetFront(uint& testnum, uint& testerr, const lasd::LinearContainer<Data>& con, bool chk, const Data& val) {
                                    ^~~~~~~
zlasdtest/exercise2/../container/container.hpp:36:36: note: suggested alternative: 'stderr'
 void SetFront(uint& testnum, uint& testerr, const lasd::LinearContainer<Data>& con, bool chk, const Data& val) {
                                    ^~~~~~~
                                    stderr
zlasdtest/exercise2/../container/container.hpp:36:45: error: expected primary-expression before 'const'
 void SetFront(uint& testnum, uint& testerr, const lasd::LinearContainer<Data>& con, bool chk, const Data& val) {
                                             ^~~~~
zlasdtest/exercise2/../container/container.hpp:36:85: error: expected primary-expression before 'bool'
 void SetFront(uint& testnum, uint& testerr, const lasd::LinearContainer<Data>& con, bool chk, const Data& val) {
                                                                                     ^~~~
zlasdtest/exercise2/../container/container.hpp:36:95: error: expected primary-expression before 'const'
 void SetFront(uint& testnum, uint& testerr, const lasd::LinearContainer<Data>& con, bool chk, const Data& val) {
                                                                                               ^~~~~
zlasdtest/exercise2/../container/container.hpp:53:14: error: variable or field 'GetBack' declared void
 void GetBack(uint& testnum, uint& testerr, const lasd::LinearContainer<Data>& con, bool chk, const Data& val) {
              ^~~~
zlasdtest/exercise2/../container/container.hpp:53:14: error: 'uint' was not declared in this scope
zlasdtest/exercise2/../container/container.hpp:53:14: note: suggested alternative: 'int'
 void GetBack(uint& testnum, uint& testerr, const lasd::LinearContainer<Data>& con, bool chk, const Data& val) {
              ^~~~
              int
zlasdtest/exercise2/../container/container.hpp:53:20: error: 'testnum' was not declared in this scope
 void GetBack(uint& testnum, uint& testerr, const lasd::LinearContainer<Data>& con, bool chk, const Data& val) {
                    ^~~~~~~
zlasdtest/exercise2/../container/container.hpp:53:20: note: suggested alternative: 'tempnam'
 void GetBack(uint& testnum, uint& testerr, const lasd::LinearContainer<Data>& con, bool chk, const Data& val) {
                    ^~~~~~~
                    tempnam
zlasdtest/exercise2/../container/container.hpp:53:29: error: 'uint' was not declared in this scope
 void GetBack(uint& testnum, uint& testerr, const lasd::LinearContainer<Data>& con, bool chk, const Data& val) {
                             ^~~~
zlasdtest/exercise2/../container/container.hpp:53:29: note: suggested alternative: 'int'
 void GetBack(uint& testnum, uint& testerr, const lasd::LinearContainer<Data>& con, bool chk, const Data& val) {
                             ^~~~
                             int
zlasdtest/exercise2/../container/container.hpp:53:35: error: 'testerr' was not declared in this scope
 void GetBack(uint& testnum, uint& testerr, const lasd::LinearContainer<Data>& con, bool chk, const Data& val) {
                                   ^~~~~~~
zlasdtest/exercise2/../container/container.hpp:53:35: note: suggested alternative: 'stderr'
 void GetBack(uint& testnum, uint& testerr, const lasd::LinearContainer<Data>& con, bool chk, const Data& val) {
                                   ^~~~~~~
                                   stderr
zlasdtest/exercise2/../container/container.hpp:53:44: error: expected primary-expression before 'const'
 void GetBack(uint& testnum, uint& testerr, const lasd::LinearContainer<Data>& con, bool chk, const Data& val) {
                                            ^~~~~
zlasdtest/exercise2/../container/container.hpp:53:84: error: expected primary-expression before 'bool'
 void GetBack(uint& testnum, uint& testerr, const lasd::LinearContainer<Data>& con, bool chk, const Data& val) {
                                                                                    ^~~~
zlasdtest/exercise2/../container/container.hpp:53:94: error: expected primary-expression before 'const'
 void GetBack(uint& testnum, uint& testerr, const lasd::LinearContainer<Data>& con, bool chk, const Data& val) {
                                                                                              ^~~~~
zlasdtest/exercise2/../container/container.hpp:69:14: error: variable or field 'SetBack' declared void
 void SetBack(uint& testnum, uint& testerr, const lasd::LinearContainer<Data>& con, bool chk, const Data& val) {
              ^~~~
zlasdtest/exercise2/../container/container.hpp:69:14: error: 'uint' was not declared in this scope
zlasdtest/exercise2/../container/container.hpp:69:14: note: suggested alternative: 'int'
 void SetBack(uint& testnum, uint& testerr, const lasd::LinearContainer<Data>& con, bool chk, const Data& val) {
              ^~~~
              int
zlasdtest/exercise2/../container/container.hpp:69:20: error: 'testnum' was not declared in this scope
 void SetBack(uint& testnum, uint& testerr, const lasd::LinearContainer<Data>& con, bool chk, const Data& val) {
                    ^~~~~~~
zlasdtest/exercise2/../container/container.hpp:69:20: note: suggested alternative: 'tempnam'
 void SetBack(uint& testnum, uint& testerr, const lasd::LinearContainer<Data>& con, bool chk, const Data& val) {
                    ^~~~~~~
                    tempnam
zlasdtest/exercise2/../container/container.hpp:69:29: error: 'uint' was not declared in this scope
 void SetBack(uint& testnum, uint& testerr, const lasd::LinearContainer<Data>& con, bool chk, const Data& val) {
                             ^~~~
zlasdtest/exercise2/../container/container.hpp:69:29: note: suggested alternative: 'int'
 void SetBack(uint& testnum, uint& testerr, const lasd::LinearContainer<Data>& con, bool chk, const Data& val) {
                             ^~~~
                             int
zlasdtest/exercise2/../container/container.hpp:69:35: error: 'testerr' was not declared in this scope
 void SetBack(uint& testnum, uint& testerr, const lasd::LinearContainer<Data>& con, bool chk, const Data& val) {
                                   ^~~~~~~
zlasdtest/exercise2/../container/container.hpp:69:35: note: suggested alternative: 'stderr'
 void SetBack(uint& testnum, uint& testerr, const lasd::LinearContainer<Data>& con, bool chk, const Data& val) {
                                   ^~~~~~~
                                   stderr
zlasdtest/exercise2/../container/container.hpp:69:44: error: expected primary-expression before 'const'
 void SetBack(uint& testnum, uint& testerr, const lasd::LinearContainer<Data>& con, bool chk, const Data& val) {
                                            ^~~~~
zlasdtest/exercise2/../container/container.hpp:69:84: error: expected primary-expression before 'bool'
 void SetBack(uint& testnum, uint& testerr, const lasd::LinearContainer<Data>& con, bool chk, const Data& val) {
                                                                                    ^~~~
zlasdtest/exercise2/../container/container.hpp:69:94: error: expected primary-expression before 'const'
 void SetBack(uint& testnum, uint& testerr, const lasd::LinearContainer<Data>& con, bool chk, const Data& val) {
                                                                                              ^~~~~
zlasdtest/exercise2/../container/container.hpp:86:12: error: variable or field 'SetAt' declared void
 void SetAt(uint& testnum, uint& testerr, lasd::LinearContainer<Data>& con, bool chk, const ulong& ind, const Data& val) {
            ^~~~
zlasdtest/exercise2/../container/container.hpp:86:12: error: 'uint' was not declared in this scope
zlasdtest/exercise2/../container/container.hpp:86:12: note: suggested alternative: 'int'
 void SetAt(uint& testnum, uint& testerr, lasd::LinearContainer<Data>& con, bool chk, const ulong& ind, const Data& val) {
            ^~~~
            int
zlasdtest/exercise2/../container/container.hpp:86:18: error: 'testnum' was not declared in this scope
 void SetAt(uint& testnum, uint& testerr, lasd::LinearContainer<Data>& con, bool chk, const ulong& ind, const Data& val) {
                  ^~~~~~~
zlasdtest/exercise2/../container/container.hpp:86:18: note: suggested alternative: 'tempnam'
 void SetAt(uint& testnum, uint& testerr, lasd::LinearContainer<Data>& con, bool chk, const ulong& ind, const Data& val) {
                  ^~~~~~~
                  tempnam
zlasdtest/exercise2/../container/container.hpp:86:27: error: 'uint' was not declared in this scope
 void SetAt(uint& testnum, uint& testerr, lasd::LinearContainer<Data>& con, bool chk, const ulong& ind, const Data& val) {
                           ^~~~
zlasdtest/exercise2/../container/container.hpp:86:27: note: suggested alternative: 'int'
 void SetAt(uint& testnum, uint& testerr, lasd::LinearContainer<Data>& con, bool chk, const ulong& ind, const Data& val) {
                           ^~~~
                           int
zlasdtest/exercise2/../container/container.hpp:86:33: error: 'testerr' was not declared in this scope
 void SetAt(uint& testnum, uint& testerr, lasd::LinearContainer<Data>& con, bool chk, const ulong& ind, const Data& val) {
                                 ^~~~~~~
zlasdtest/exercise2/../container/container.hpp:86:33: note: suggested alternative: 'stderr'
 void SetAt(uint& testnum, uint& testerr, lasd::LinearContainer<Data>& con, bool chk, const ulong& ind, const Data& val) {
                                 ^~~~~~~
                                 stderr
zlasdtest/exercise2/../container/container.hpp:86:69: error: expected primary-expression before '&' token
 void SetAt(uint& testnum, uint& testerr, lasd::LinearContainer<Data>& con, bool chk, const ulong& ind, const Data& val) {
                                                                     ^
zlasdtest/exercise2/../container/container.hpp:86:71: error: 'con' was not declared in this scope
 void SetAt(uint& testnum, uint& testerr, lasd::LinearContainer<Data>& con, bool chk, const ulong& ind, const Data& val) {
                                                                       ^~~
zlasdtest/exercise2/../container/container.hpp:86:71: note: suggested alternative: 'lconv'
 void SetAt(uint& testnum, uint& testerr, lasd::LinearContainer<Data>& con, bool chk, const ulong& ind, const Data& val) {
                                                                       ^~~
                                                                       lconv
zlasdtest/exercise2/../container/container.hpp:86:76: error: expected primary-expression before 'bool'
 void SetAt(uint& testnum, uint& testerr, lasd::LinearContainer<Data>& con, bool chk, const ulong& ind, const Data& val) {
                                                                            ^~~~
zlasdtest/exercise2/../container/container.hpp:86:86: error: expected primary-expression before 'const'
 void SetAt(uint& testnum, uint& testerr, lasd::LinearContainer<Data>& con, bool chk, const ulong& ind, const Data& val) {
                                                                                      ^~~~~
zlasdtest/exercise2/../container/container.hpp:86:104: error: expected primary-expression before 'const'
 void SetAt(uint& testnum, uint& testerr, lasd::LinearContainer<Data>& con, bool chk, const ulong& ind, const Data& val) {
                                                                                                        ^~~~~
zlasdtest/exercise2/../container/container.hpp:103:12: error: variable or field 'GetAt' declared void
 void GetAt(uint& testnum, uint& testerr, lasd::LinearContainer<Data>& con, bool chk, const ulong& ind, const Data& val) {
            ^~~~
zlasdtest/exercise2/../container/container.hpp:103:12: error: 'uint' was not declared in this scope
zlasdtest/exercise2/../container/container.hpp:103:12: note: suggested alternative: 'int'
 void GetAt(uint& testnum, uint& testerr, lasd::LinearContainer<Data>& con, bool chk, const ulong& ind, const Data& val) {
            ^~~~
            int
zlasdtest/exercise2/../container/container.hpp:103:18: error: 'testnum' was not declared in this scope
 void GetAt(uint& testnum, uint& testerr, lasd::LinearContainer<Data>& con, bool chk, const ulong& ind, const Data& val) {
                  ^~~~~~~
zlasdtest/exercise2/../container/container.hpp:103:18: note: suggested alternative: 'tempnam'
 void GetAt(uint& testnum, uint& testerr, lasd::LinearContainer<Data>& con, bool chk, const ulong& ind, const Data& val) {
                  ^~~~~~~
                  tempnam
zlasdtest/exercise2/../container/container.hpp:103:27: error: 'uint' was not declared in this scope
 void GetAt(uint& testnum, uint& testerr, lasd::LinearContainer<Data>& con, bool chk, const ulong& ind, const Data& val) {
                           ^~~~
zlasdtest/exercise2/../container/container.hpp:103:27: note: suggested alternative: 'int'
 void GetAt(uint& testnum, uint& testerr, lasd::LinearContainer<Data>& con, bool chk, const ulong& ind, const Data& val) {
                           ^~~~
                           int
zlasdtest/exercise2/../container/container.hpp:103:33: error: 'testerr' was not declared in this scope
 void GetAt(uint& testnum, uint& testerr, lasd::LinearContainer<Data>& con, bool chk, const ulong& ind, const Data& val) {
                                 ^~~~~~~
zlasdtest/exercise2/../container/container.hpp:103:33: note: suggested alternative: 'stderr'
 void GetAt(uint& testnum, uint& testerr, lasd::LinearContainer<Data>& con, bool chk, const ulong& ind, const Data& val) {
                                 ^~~~~~~
                                 stderr
zlasdtest/exercise2/../container/container.hpp:103:69: error: expected primary-expression before '&' token
 void GetAt(uint& testnum, uint& testerr, lasd::LinearContainer<Data>& con, bool chk, const ulong& ind, const Data& val) {
                                                                     ^
zlasdtest/exercise2/../container/container.hpp:103:71: error: 'con' was not declared in this scope
 void GetAt(uint& testnum, uint& testerr, lasd::LinearContainer<Data>& con, bool chk, const ulong& ind, const Data& val) {
                                                                       ^~~
zlasdtest/exercise2/../container/container.hpp:103:71: note: suggested alternative: 'lconv'
 void GetAt(uint& testnum, uint& testerr, lasd::LinearContainer<Data>& con, bool chk, const ulong& ind, const Data& val) {
                                                                       ^~~
                                                                       lconv
zlasdtest/exercise2/../container/container.hpp:103:76: error: expected primary-expression before 'bool'
 void GetAt(uint& testnum, uint& testerr, lasd::LinearContainer<Data>& con, bool chk, const ulong& ind, const Data& val) {
                                                                            ^~~~
zlasdtest/exercise2/../container/container.hpp:103:86: error: expected primary-expression before 'const'
 void GetAt(uint& testnum, uint& testerr, lasd::LinearContainer<Data>& con, bool chk, const ulong& ind, const Data& val) {
                                                                                      ^~~~~
zlasdtest/exercise2/../container/container.hpp:103:104: error: expected primary-expression before 'const'
 void GetAt(uint& testnum, uint& testerr, lasd::LinearContainer<Data>& con, bool chk, const ulong& ind, const Data& val) {
                                                                                                        ^~~~~
In file included from zlasdtest/exercise2/simpletest.cpp:6:
zlasdtest/exercise2/../container/container.hpp:123:13: error: variable or field 'Exists' declared void
 void Exists(uint& testnum, uint& testerr, const lasd::TestableContainer<Data>& con, bool chk, const Data& val) {
             ^~~~
zlasdtest/exercise2/../container/container.hpp:123:13: error: 'uint' was not declared in this scope
zlasdtest/exercise2/../container/container.hpp:123:13: note: suggested alternative: 'int'
 void Exists(uint& testnum, uint& testerr, const lasd::TestableContainer<Data>& con, bool chk, const Data& val) {
             ^~~~
             int
zlasdtest/exercise2/../container/container.hpp:123:19: error: 'testnum' was not declared in this scope
 void Exists(uint& testnum, uint& testerr, const lasd::TestableContainer<Data>& con, bool chk, const Data& val) {
                   ^~~~~~~
zlasdtest/exercise2/../container/container.hpp:123:19: note: suggested alternative: 'tempnam'
 void Exists(uint& testnum, uint& testerr, const lasd::TestableContainer<Data>& con, bool chk, const Data& val) {
                   ^~~~~~~
                   tempnam
zlasdtest/exercise2/../container/container.hpp:123:28: error: 'uint' was not declared in this scope
 void Exists(uint& testnum, uint& testerr, const lasd::TestableContainer<Data>& con, bool chk, const Data& val) {
                            ^~~~
zlasdtest/exercise2/../container/container.hpp:123:28: note: suggested alternative: 'int'
 void Exists(uint& testnum, uint& testerr, const lasd::TestableContainer<Data>& con, bool chk, const Data& val) {
                            ^~~~
                            int
zlasdtest/exercise2/../container/container.hpp:123:34: error: 'testerr' was not declared in this scope
 void Exists(uint& testnum, uint& testerr, const lasd::TestableContainer<Data>& con, bool chk, const Data& val) {
                                  ^~~~~~~
zlasdtest/exercise2/../container/container.hpp:123:34: note: suggested alternative: 'stderr'
 void Exists(uint& testnum, uint& testerr, const lasd::TestableContainer<Data>& con, bool chk, const Data& val) {
                                  ^~~~~~~
                                  stderr
zlasdtest/exercise2/../container/container.hpp:123:43: error: expected primary-expression before 'const'
 void Exists(uint& testnum, uint& testerr, const lasd::TestableContainer<Data>& con, bool chk, const Data& val) {
                                           ^~~~~
zlasdtest/exercise2/../container/container.hpp:123:85: error: expected primary-expression before 'bool'
 void Exists(uint& testnum, uint& testerr, const lasd::TestableContainer<Data>& con, bool chk, const Data& val) {
                                                                                     ^~~~
zlasdtest/exercise2/../container/container.hpp:123:95: error: expected primary-expression before 'const'
 void Exists(uint& testnum, uint& testerr, const lasd::TestableContainer<Data>& con, bool chk, const Data& val) {
                                                                                               ^~~~~
zlasdtest/exercise2/../container/container.hpp:136:18: error: variable or field 'MapPreOrder' declared void
 void MapPreOrder(uint& testnum, uint& testerr, lasd::MappableContainer<Data>& con, bool chk, typename lasd::MappableContainer<Data>::MapFunctor fun, const Parameter& inipar) {
                  ^~~~
zlasdtest/exercise2/../container/container.hpp:136:18: error: 'uint' was not declared in this scope
zlasdtest/exercise2/../container/container.hpp:136:18: note: suggested alternative: 'int'
 void MapPreOrder(uint& testnum, uint& testerr, lasd::MappableContainer<Data>& con, bool chk, typename lasd::MappableContainer<Data>::MapFunctor fun, const Parameter& inipar) {
                  ^~~~
                  int
zlasdtest/exercise2/../container/container.hpp:136:24: error: 'testnum' was not declared in this scope
 void MapPreOrder(uint& testnum, uint& testerr, lasd::MappableContainer<Data>& con, bool chk, typename lasd::MappableContainer<Data>::MapFunctor fun, const Parameter& inipar) {
                        ^~~~~~~
zlasdtest/exercise2/../container/container.hpp:136:24: note: suggested alternative: 'tempnam'
 void MapPreOrder(uint& testnum, uint& testerr, lasd::MappableContainer<Data>& con, bool chk, typename lasd::MappableContainer<Data>::MapFunctor fun, const Parameter& inipar) {
                        ^~~~~~~
                        tempnam
zlasdtest/exercise2/../container/container.hpp:136:33: error: 'uint' was not declared in this scope
 void MapPreOrder(uint& testnum, uint& testerr, lasd::MappableContainer<Data>& con, bool chk, typename lasd::MappableContainer<Data>::MapFunctor fun, const Parameter& inipar) {
                                 ^~~~
zlasdtest/exercise2/../container/container.hpp:136:33: note: suggested alternative: 'int'
 void MapPreOrder(uint& testnum, uint& testerr, lasd::MappableContainer<Data>& con, bool chk, typename lasd::MappableContainer<Data>::MapFunctor fun, const Parameter& inipar) {
                                 ^~~~
                                 int
zlasdtest/exercise2/../container/container.hpp:136:39: error: 'testerr' was not declared in this scope
 void MapPreOrder(uint& testnum, uint& testerr, lasd::MappableContainer<Data>& con, bool chk, typename lasd::MappableContainer<Data>::MapFunctor fun, const Parameter& inipar) {
                                       ^~~~~~~
zlasdtest/exercise2/../container/container.hpp:136:39: note: suggested alternative: 'stderr'
 void MapPreOrder(uint& testnum, uint& testerr, lasd::MappableContainer<Data>& con, bool chk, typename lasd::MappableContainer<Data>::MapFunctor fun, const Parameter& inipar) {
                                       ^~~~~~~
                                       stderr
zlasdtest/exercise2/../container/container.hpp:136:77: error: expected primary-expression before '&' token
 void MapPreOrder(uint& testnum, uint& testerr, lasd::MappableContainer<Data>& con, bool chk, typename lasd::MappableContainer<Data>::MapFunctor fun, const Parameter& inipar) {
                                                                             ^
zlasdtest/exercise2/../container/container.hpp:136:79: error: 'con' was not declared in this scope
 void MapPreOrder(uint& testnum, uint& testerr, lasd::MappableContainer<Data>& con, bool chk, typename lasd::MappableContainer<Data>::MapFunctor fun, const Parameter& inipar) {
                                                                               ^~~
zlasdtest/exercise2/../container/container.hpp:136:79: note: suggested alternative: 'lconv'
 void MapPreOrder(uint& testnum, uint& testerr, lasd::MappableContainer<Data>& con, bool chk, typename lasd::MappableContainer<Data>::MapFunctor fun, const Parameter& inipar) {
                                                                               ^~~
                                                                               lconv
zlasdtest/exercise2/../container/container.hpp:136:84: error: expected primary-expression before 'bool'
 void MapPreOrder(uint& testnum, uint& testerr, lasd::MappableContainer<Data>& con, bool chk, typename lasd::MappableContainer<Data>::MapFunctor fun, const Parameter& inipar) {
                                                                                    ^~~~
zlasdtest/exercise2/../container/container.hpp:136:145: error: expected '(' before 'fun'
 void MapPreOrder(uint& testnum, uint& testerr, lasd::MappableContainer<Data>& con, bool chk, typename lasd::MappableContainer<Data>::MapFunctor fun, const Parameter& inipar) {
                                                                                                                                                 ^~~
                                                                                                                                                 (
zlasdtest/exercise2/../container/container.hpp:136:150: error: expected primary-expression before 'const'
 void MapPreOrder(uint& testnum, uint& testerr, lasd::MappableContainer<Data>& con, bool chk, typename lasd::MappableContainer<Data>::MapFunctor fun, const Parameter& inipar) {
                                                                                                                                                      ^~~~~
zlasdtest/exercise2/../container/container.hpp:151:19: error: variable or field 'MapPostOrder' declared void
 void MapPostOrder(uint& testnum, uint& testerr, lasd::MappableContainer<Data>& con, bool chk, typename lasd::MappableContainer<Data>::MapFunctor fun, const Parameter& inipar) {
                   ^~~~
zlasdtest/exercise2/../container/container.hpp:151:19: error: 'uint' was not declared in this scope
zlasdtest/exercise2/../container/container.hpp:151:19: note: suggested alternative: 'int'
 void MapPostOrder(uint& testnum, uint& testerr, lasd::MappableContainer<Data>& con, bool chk, typename lasd::MappableContainer<Data>::MapFunctor fun, const Parameter& inipar) {
                   ^~~~
                   int
zlasdtest/exercise2/../container/container.hpp:151:25: error: 'testnum' was not declared in this scope
 void MapPostOrder(uint& testnum, uint& testerr, lasd::MappableContainer<Data>& con, bool chk, typename lasd::MappableContainer<Data>::MapFunctor fun, const Parameter& inipar) {
                         ^~~~~~~
zlasdtest/exercise2/../container/container.hpp:151:25: note: suggested alternative: 'tempnam'
 void MapPostOrder(uint& testnum, uint& testerr, lasd::MappableContainer<Data>& con, bool chk, typename lasd::MappableContainer<Data>::MapFunctor fun, const Parameter& inipar) {
                         ^~~~~~~
                         tempnam
zlasdtest/exercise2/../container/container.hpp:151:34: error: 'uint' was not declared in this scope
 void MapPostOrder(uint& testnum, uint& testerr, lasd::MappableContainer<Data>& con, bool chk, typename lasd::MappableContainer<Data>::MapFunctor fun, const Parameter& inipar) {
                                  ^~~~
zlasdtest/exercise2/../container/container.hpp:151:34: note: suggested alternative: 'int'
 void MapPostOrder(uint& testnum, uint& testerr, lasd::MappableContainer<Data>& con, bool chk, typename lasd::MappableContainer<Data>::MapFunctor fun, const Parameter& inipar) {
                                  ^~~~
                                  int
zlasdtest/exercise2/../container/container.hpp:151:40: error: 'testerr' was not declared in this scope
 void MapPostOrder(uint& testnum, uint& testerr, lasd::MappableContainer<Data>& con, bool chk, typename lasd::MappableContainer<Data>::MapFunctor fun, const Parameter& inipar) {
                                        ^~~~~~~
zlasdtest/exercise2/../container/container.hpp:151:40: note: suggested alternative: 'stderr'
 void MapPostOrder(uint& testnum, uint& testerr, lasd::MappableContainer<Data>& con, bool chk, typename lasd::MappableContainer<Data>::MapFunctor fun, const Parameter& inipar) {
                                        ^~~~~~~
                                        stderr
zlasdtest/exercise2/../container/container.hpp:151:78: error: expected primary-expression before '&' token
 void MapPostOrder(uint& testnum, uint& testerr, lasd::MappableContainer<Data>& con, bool chk, typename lasd::MappableContainer<Data>::MapFunctor fun, const Parameter& inipar) {
                                                                              ^
zlasdtest/exercise2/../container/container.hpp:151:80: error: 'con' was not declared in this scope
 void MapPostOrder(uint& testnum, uint& testerr, lasd::MappableContainer<Data>& con, bool chk, typename lasd::MappableContainer<Data>::MapFunctor fun, const Parameter& inipar) {
                                                                                ^~~
zlasdtest/exercise2/../container/container.hpp:151:80: note: suggested alternative: 'lconv'
 void MapPostOrder(uint& testnum, uint& testerr, lasd::MappableContainer<Data>& con, bool chk, typename lasd::MappableContainer<Data>::MapFunctor fun, const Parameter& inipar) {
                                                                                ^~~
                                                                                lconv
zlasdtest/exercise2/../container/container.hpp:151:85: error: expected primary-expression before 'bool'
 void MapPostOrder(uint& testnum, uint& testerr, lasd::MappableContainer<Data>& con, bool chk, typename lasd::MappableContainer<Data>::MapFunctor fun, const Parameter& inipar) {
                                                                                     ^~~~
zlasdtest/exercise2/../container/container.hpp:151:146: error: expected '(' before 'fun'
 void MapPostOrder(uint& testnum, uint& testerr, lasd::MappableContainer<Data>& con, bool chk, typename lasd::MappableContainer<Data>::MapFunctor fun, const Parameter& inipar) {
                                                                                                                                                  ^~~
                                                                                                                                                  (
zlasdtest/exercise2/../container/container.hpp:151:151: error: expected primary-expression before 'const'
 void MapPostOrder(uint& testnum, uint& testerr, lasd::MappableContainer<Data>& con, bool chk, typename lasd::MappableContainer<Data>::MapFunctor fun, const Parameter& inipar) {
                                                                                                                                                       ^~~~~
zlasdtest/exercise2/../container/container.hpp:212:19: error: variable or field 'FoldPreOrder' declared void
 void FoldPreOrder(uint& testnum, uint& testerr, const lasd::FoldableContainer<Data>& con, bool chk, typename lasd::FoldableContainer<Data>::FoldFunctor fun, const Parameter& inipar, const Value& inival, const Value& finval) {
                   ^~~~
zlasdtest/exercise2/../container/container.hpp:212:19: error: 'uint' was not declared in this scope
zlasdtest/exercise2/../container/container.hpp:212:19: note: suggested alternative: 'int'
 void FoldPreOrder(uint& testnum, uint& testerr, const lasd::FoldableContainer<Data>& con, bool chk, typename lasd::FoldableContainer<Data>::FoldFunctor fun, const Parameter& inipar, const Value& inival, const Value& finval) {
                   ^~~~
                   int
zlasdtest/exercise2/../container/container.hpp:212:25: error: 'testnum' was not declared in this scope
 void FoldPreOrder(uint& testnum, uint& testerr, const lasd::FoldableContainer<Data>& con, bool chk, typename lasd::FoldableContainer<Data>::FoldFunctor fun, const Parameter& inipar, const Value& inival, const Value& finval) {
                         ^~~~~~~
zlasdtest/exercise2/../container/container.hpp:212:25: note: suggested alternative: 'tempnam'
 void FoldPreOrder(uint& testnum, uint& testerr, const lasd::FoldableContainer<Data>& con, bool chk, typename lasd::FoldableContainer<Data>::FoldFunctor fun, const Parameter& inipar, const Value& inival, const Value& finval) {
                         ^~~~~~~
                         tempnam
zlasdtest/exercise2/../container/container.hpp:212:34: error: 'uint' was not declared in this scope
 void FoldPreOrder(uint& testnum, uint& testerr, const lasd::FoldableContainer<Data>& con, bool chk, typename lasd::FoldableContainer<Data>::FoldFunctor fun, const Parameter& inipar, const Value& inival, const Value& finval) {
                                  ^~~~
zlasdtest/exercise2/../container/container.hpp:212:34: note: suggested alternative: 'int'
 void FoldPreOrder(uint& testnum, uint& testerr, const lasd::FoldableContainer<Data>& con, bool chk, typename lasd::FoldableContainer<Data>::FoldFunctor fun, const Parameter& inipar, const Value& inival, const Value& finval) {
                                  ^~~~
                                  int
zlasdtest/exercise2/../container/container.hpp:212:40: error: 'testerr' was not declared in this scope
 void FoldPreOrder(uint& testnum, uint& testerr, const lasd::FoldableContainer<Data>& con, bool chk, typename lasd::FoldableContainer<Data>::FoldFunctor fun, const Parameter& inipar, const Value& inival, const Value& finval) {
                                        ^~~~~~~
zlasdtest/exercise2/../container/container.hpp:212:40: note: suggested alternative: 'stderr'
 void FoldPreOrder(uint& testnum, uint& testerr, const lasd::FoldableContainer<Data>& con, bool chk, typename lasd::FoldableContainer<Data>::FoldFunctor fun, const Parameter& inipar, const Value& inival, const Value& finval) {
                                        ^~~~~~~
                                        stderr
zlasdtest/exercise2/../container/container.hpp:212:49: error: expected primary-expression before 'const'
 void FoldPreOrder(uint& testnum, uint& testerr, const lasd::FoldableContainer<Data>& con, bool chk, typename lasd::FoldableContainer<Data>::FoldFunctor fun, const Parameter& inipar, const Value& inival, const Value& finval) {
                                                 ^~~~~
zlasdtest/exercise2/../container/container.hpp:212:91: error: expected primary-expression before 'bool'
 void FoldPreOrder(uint& testnum, uint& testerr, const lasd::FoldableContainer<Data>& con, bool chk, typename lasd::FoldableContainer<Data>::FoldFunctor fun, const Parameter& inipar, const Value& inival, const Value& finval) {
                                                                                           ^~~~
zlasdtest/exercise2/../container/container.hpp:212:153: error: expected '(' before 'fun'
 void FoldPreOrder(uint& testnum, uint& testerr, const lasd::FoldableContainer<Data>& con, bool chk, typename lasd::FoldableContainer<Data>::FoldFunctor fun, const Parameter& inipar, const Value& inival, const Value& finval) {
                                                                                                                                                         ^~~
                                                                                                                                                         (
zlasdtest/exercise2/../container/container.hpp:212:158: error: expected primary-expression before 'const'
 void FoldPreOrder(uint& testnum, uint& testerr, const lasd::FoldableContainer<Data>& con, bool chk, typename lasd::FoldableContainer<Data>::FoldFunctor fun, const Parameter& inipar, const Value& inival, const Value& finval) {
                                                                                                                                                              ^~~~~
zlasdtest/exercise2/../container/container.hpp:212:183: error: expected primary-expression before 'const'
 void FoldPreOrder(uint& testnum, uint& testerr, const lasd::FoldableContainer<Data>& con, bool chk, typename lasd::FoldableContainer<Data>::FoldFunctor fun, const Parameter& inipar, const Value& inival, const Value& finval) {
                                                                                                                                                                                       ^~~~~
zlasdtest/exercise2/../container/container.hpp:212:204: error: expected primary-expression before 'const'
 void FoldPreOrder(uint& testnum, uint& testerr, const lasd::FoldableContainer<Data>& con, bool chk, typename lasd::FoldableContainer<Data>::FoldFunctor fun, const Parameter& inipar, const Value& inival, const Value& finval) {
                                                                                                                                                                                                            ^~~~~
zlasdtest/exercise2/../container/container.hpp:229:20: error: variable or field 'FoldPostOrder' declared void
 void FoldPostOrder(uint& testnum, uint& testerr, const lasd::FoldableContainer<Data>& con, bool chk, typename lasd::FoldableContainer<Data>::FoldFunctor fun, const Parameter& inipar, const Value& inival, const Value& finval) {
                    ^~~~
zlasdtest/exercise2/../container/container.hpp:229:20: error: 'uint' was not declared in this scope
zlasdtest/exercise2/../container/container.hpp:229:20: note: suggested alternative: 'int'
 void FoldPostOrder(uint& testnum, uint& testerr, const lasd::FoldableContainer<Data>& con, bool chk, typename lasd::FoldableContainer<Data>::FoldFunctor fun, const Parameter& inipar, const Value& inival, const Value& finval) {
                    ^~~~
                    int
zlasdtest/exercise2/../container/container.hpp:229:26: error: 'testnum' was not declared in this scope
 void FoldPostOrder(uint& testnum, uint& testerr, const lasd::FoldableContainer<Data>& con, bool chk, typename lasd::FoldableContainer<Data>::FoldFunctor fun, const Parameter& inipar, const Value& inival, const Value& finval) {
                          ^~~~~~~
zlasdtest/exercise2/../container/container.hpp:229:26: note: suggested alternative: 'tempnam'
 void FoldPostOrder(uint& testnum, uint& testerr, const lasd::FoldableContainer<Data>& con, bool chk, typename lasd::FoldableContainer<Data>::FoldFunctor fun, const Parameter& inipar, const Value& inival, const Value& finval) {
                          ^~~~~~~
                          tempnam
zlasdtest/exercise2/../container/container.hpp:229:35: error: 'uint' was not declared in this scope
 void FoldPostOrder(uint& testnum, uint& testerr, const lasd::FoldableContainer<Data>& con, bool chk, typename lasd::FoldableContainer<Data>::FoldFunctor fun, const Parameter& inipar, const Value& inival, const Value& finval) {
                                   ^~~~
zlasdtest/exercise2/../container/container.hpp:229:35: note: suggested alternative: 'int'
 void FoldPostOrder(uint& testnum, uint& testerr, const lasd::FoldableContainer<Data>& con, bool chk, typename lasd::FoldableContainer<Data>::FoldFunctor fun, const Parameter& inipar, const Value& inival, const Value& finval) {
                                   ^~~~
                                   int
zlasdtest/exercise2/../container/container.hpp:229:41: error: 'testerr' was not declared in this scope
 void FoldPostOrder(uint& testnum, uint& testerr, const lasd::FoldableContainer<Data>& con, bool chk, typename lasd::FoldableContainer<Data>::FoldFunctor fun, const Parameter& inipar, const Value& inival, const Value& finval) {
                                         ^~~~~~~
zlasdtest/exercise2/../container/container.hpp:229:41: note: suggested alternative: 'stderr'
 void FoldPostOrder(uint& testnum, uint& testerr, const lasd::FoldableContainer<Data>& con, bool chk, typename lasd::FoldableContainer<Data>::FoldFunctor fun, const Parameter& inipar, const Value& inival, const Value& finval) {
                                         ^~~~~~~
                                         stderr
zlasdtest/exercise2/../container/container.hpp:229:50: error: expected primary-expression before 'const'
 void FoldPostOrder(uint& testnum, uint& testerr, const lasd::FoldableContainer<Data>& con, bool chk, typename lasd::FoldableContainer<Data>::FoldFunctor fun, const Parameter& inipar, const Value& inival, const Value& finval) {
                                                  ^~~~~
zlasdtest/exercise2/../container/container.hpp:229:92: error: expected primary-expression before 'bool'
 void FoldPostOrder(uint& testnum, uint& testerr, const lasd::FoldableContainer<Data>& con, bool chk, typename lasd::FoldableContainer<Data>::FoldFunctor fun, const Parameter& inipar, const Value& inival, const Value& finval) {
                                                                                            ^~~~
zlasdtest/exercise2/../container/container.hpp:229:154: error: expected '(' before 'fun'
 void FoldPostOrder(uint& testnum, uint& testerr, const lasd::FoldableContainer<Data>& con, bool chk, typename lasd::FoldableContainer<Data>::FoldFunctor fun, const Parameter& inipar, const Value& inival, const Value& finval) {
                                                                                                                                                          ^~~
                                                                                                                                                          (
zlasdtest/exercise2/../container/container.hpp:229:159: error: expected primary-expression before 'const'
 void FoldPostOrder(uint& testnum, uint& testerr, const lasd::FoldableContainer<Data>& con, bool chk, typename lasd::FoldableContainer<Data>::FoldFunctor fun, const Parameter& inipar, const Value& inival, const Value& finval) {
                                                                                                                                                               ^~~~~
zlasdtest/exercise2/../container/container.hpp:229:184: error: expected primary-expression before 'const'
 void FoldPostOrder(uint& testnum, uint& testerr, const lasd::FoldableContainer<Data>& con, bool chk, typename lasd::FoldableContainer<Data>::FoldFunctor fun, const Parameter& inipar, const Value& inival, const Value& finval) {
                                                                                                                                                                                        ^~~~~
zlasdtest/exercise2/../container/container.hpp:229:205: error: expected primary-expression before 'const'
 void FoldPostOrder(uint& testnum, uint& testerr, const lasd::FoldableContainer<Data>& con, bool chk, typename lasd::FoldableContainer<Data>::FoldFunctor fun, const Parameter& inipar, const Value& inival, const Value& finval) {
                                                                                                                                                                                                             ^~~~~
zlasdtest/exercise2/../container/container.hpp:264:17: error: variable or field 'MapBreadth' declared void
 void MapBreadth(uint& testnum, uint& testerr, lasd::BreadthMappableContainer<Data>& con, bool chk, typename lasd::BreadthMappableContainer<Data>::MapFunctor fun, const Parameter& inipar) {
                 ^~~~
zlasdtest/exercise2/../container/container.hpp:264:17: error: 'uint' was not declared in this scope
zlasdtest/exercise2/../container/container.hpp:264:17: note: suggested alternative: 'int'
 void MapBreadth(uint& testnum, uint& testerr, lasd::BreadthMappableContainer<Data>& con, bool chk, typename lasd::BreadthMappableContainer<Data>::MapFunctor fun, const Parameter& inipar) {
                 ^~~~
                 int
zlasdtest/exercise2/../container/container.hpp:264:23: error: 'testnum' was not declared in this scope
 void MapBreadth(uint& testnum, uint& testerr, lasd::BreadthMappableContainer<Data>& con, bool chk, typename lasd::BreadthMappableContainer<Data>::MapFunctor fun, const Parameter& inipar) {
                       ^~~~~~~
zlasdtest/exercise2/../container/container.hpp:264:23: note: suggested alternative: 'tempnam'
 void MapBreadth(uint& testnum, uint& testerr, lasd::BreadthMappableContainer<Data>& con, bool chk, typename lasd::BreadthMappableContainer<Data>::MapFunctor fun, const Parameter& inipar) {
                       ^~~~~~~
                       tempnam
zlasdtest/exercise2/../container/container.hpp:264:32: error: 'uint' was not declared in this scope
 void MapBreadth(uint& testnum, uint& testerr, lasd::BreadthMappableContainer<Data>& con, bool chk, typename lasd::BreadthMappableContainer<Data>::MapFunctor fun, const Parameter& inipar) {
                                ^~~~
zlasdtest/exercise2/../container/container.hpp:264:32: note: suggested alternative: 'int'
 void MapBreadth(uint& testnum, uint& testerr, lasd::BreadthMappableContainer<Data>& con, bool chk, typename lasd::BreadthMappableContainer<Data>::MapFunctor fun, const Parameter& inipar) {
                                ^~~~
                                int
zlasdtest/exercise2/../container/container.hpp:264:38: error: 'testerr' was not declared in this scope
 void MapBreadth(uint& testnum, uint& testerr, lasd::BreadthMappableContainer<Data>& con, bool chk, typename lasd::BreadthMappableContainer<Data>::MapFunctor fun, const Parameter& inipar) {
                                      ^~~~~~~
zlasdtest/exercise2/../container/container.hpp:264:38: note: suggested alternative: 'stderr'
 void MapBreadth(uint& testnum, uint& testerr, lasd::BreadthMappableContainer<Data>& con, bool chk, typename lasd::BreadthMappableContainer<Data>::MapFunctor fun, const Parameter& inipar) {
                                      ^~~~~~~
                                      stderr
zlasdtest/exercise2/../container/container.hpp:264:83: error: expected primary-expression before '&' token
 void MapBreadth(uint& testnum, uint& testerr, lasd::BreadthMappableContainer<Data>& con, bool chk, typename lasd::BreadthMappableContainer<Data>::MapFunctor fun, const Parameter& inipar) {
                                                                                   ^
zlasdtest/exercise2/../container/container.hpp:264:85: error: 'con' was not declared in this scope
 void MapBreadth(uint& testnum, uint& testerr, lasd::BreadthMappableContainer<Data>& con, bool chk, typename lasd::BreadthMappableContainer<Data>::MapFunctor fun, const Parameter& inipar) {
                                                                                     ^~~
zlasdtest/exercise2/../container/container.hpp:264:85: note: suggested alternative: 'lconv'
 void MapBreadth(uint& testnum, uint& testerr, lasd::BreadthMappableContainer<Data>& con, bool chk, typename lasd::BreadthMappableContainer<Data>::MapFunctor fun, const Parameter& inipar) {
                                                                                     ^~~
                                                                                     lconv
zlasdtest/exercise2/../container/container.hpp:264:90: error: expected primary-expression before 'bool'
 void MapBreadth(uint& testnum, uint& testerr, lasd::BreadthMappableContainer<Data>& con, bool chk, typename lasd::BreadthMappableContainer<Data>::MapFunctor fun, const Parameter& inipar) {
                                                                                          ^~~~
zlasdtest/exercise2/../container/container.hpp:264:158: error: expected '(' before 'fun'
 void MapBreadth(uint& testnum, uint& testerr, lasd::BreadthMappableContainer<Data>& con, bool chk, typename lasd::BreadthMappableContainer<Data>::MapFunctor fun, const Parameter& inipar) {
                                                                                                                                                              ^~~
                                                                                                                                                              (
zlasdtest/exercise2/../container/container.hpp:264:163: error: expected primary-expression before 'const'
 void MapBreadth(uint& testnum, uint& testerr, lasd::BreadthMappableContainer<Data>& con, bool chk, typename lasd::BreadthMappableContainer<Data>::MapFunctor fun, const Parameter& inipar) {
                                                                                                                                                                   ^~~~~
zlasdtest/exercise2/../container/container.hpp:283:18: error: variable or field 'FoldBreadth' declared void
 void FoldBreadth(uint& testnum, uint& testerr, const lasd::BreadthFoldableContainer<Data>& con, bool chk, typename lasd::BreadthFoldableContainer<Data>::FoldFunctor fun, const Parameter& inipar, const Value& inival, const Value& finval) {
                  ^~~~
zlasdtest/exercise2/../container/container.hpp:283:18: error: 'uint' was not declared in this scope
zlasdtest/exercise2/../container/container.hpp:283:18: note: suggested alternative: 'int'
 void FoldBreadth(uint& testnum, uint& testerr, const lasd::BreadthFoldableContainer<Data>& con, bool chk, typename lasd::BreadthFoldableContainer<Data>::FoldFunctor fun, const Parameter& inipar, const Value& inival, const Value& finval) {
                  ^~~~
                  int
zlasdtest/exercise2/../container/container.hpp:283:24: error: 'testnum' was not declared in this scope
 void FoldBreadth(uint& testnum, uint& testerr, const lasd::BreadthFoldableContainer<Data>& con, bool chk, typename lasd::BreadthFoldableContainer<Data>::FoldFunctor fun, const Parameter& inipar, const Value& inival, const Value& finval) {
                        ^~~~~~~
zlasdtest/exercise2/../container/container.hpp:283:24: note: suggested alternative: 'tempnam'
 void FoldBreadth(uint& testnum, uint& testerr, const lasd::BreadthFoldableContainer<Data>& con, bool chk, typename lasd::BreadthFoldableContainer<Data>::FoldFunctor fun, const Parameter& inipar, const Value& inival, const Value& finval) {
                        ^~~~~~~
                        tempnam
zlasdtest/exercise2/../container/container.hpp:283:33: error: 'uint' was not declared in this scope
 void FoldBreadth(uint& testnum, uint& testerr, const lasd::BreadthFoldableContainer<Data>& con, bool chk, typename lasd::BreadthFoldableContainer<Data>::FoldFunctor fun, const Parameter& inipar, const Value& inival, const Value& finval) {
                                 ^~~~
zlasdtest/exercise2/../container/container.hpp:283:33: note: suggested alternative: 'int'
 void FoldBreadth(uint& testnum, uint& testerr, const lasd::BreadthFoldableContainer<Data>& con, bool chk, typename lasd::BreadthFoldableContainer<Data>::FoldFunctor fun, const Parameter& inipar, const Value& inival, const Value& finval) {
                                 ^~~~
                                 int
zlasdtest/exercise2/../container/container.hpp:283:39: error: 'testerr' was not declared in this scope
 void FoldBreadth(uint& testnum, uint& testerr, const lasd::BreadthFoldableContainer<Data>& con, bool chk, typename lasd::BreadthFoldableContainer<Data>::FoldFunctor fun, const Parameter& inipar, const Value& inival, const Value& finval) {
                                       ^~~~~~~
zlasdtest/exercise2/../container/container.hpp:283:39: note: suggested alternative: 'stderr'
 void FoldBreadth(uint& testnum, uint& testerr, const lasd::BreadthFoldableContainer<Data>& con, bool chk, typename lasd::BreadthFoldableContainer<Data>::FoldFunctor fun, const Parameter& inipar, const Value& inival, const Value& finval) {
                                       ^~~~~~~
                                       stderr
zlasdtest/exercise2/../container/container.hpp:283:48: error: expected primary-expression before 'const'
 void FoldBreadth(uint& testnum, uint& testerr, const lasd::BreadthFoldableContainer<Data>& con, bool chk, typename lasd::BreadthFoldableContainer<Data>::FoldFunctor fun, const Parameter& inipar, const Value& inival, const Value& finval) {
                                                ^~~~~
zlasdtest/exercise2/../container/container.hpp:283:97: error: expected primary-expression before 'bool'
 void FoldBreadth(uint& testnum, uint& testerr, const lasd::BreadthFoldableContainer<Data>& con, bool chk, typename lasd::BreadthFoldableContainer<Data>::FoldFunctor fun, const Parameter& inipar, const Value& inival, const Value& finval) {
                                                                                                 ^~~~
zlasdtest/exercise2/../container/container.hpp:283:166: error: expected '(' before 'fun'
 void FoldBreadth(uint& testnum, uint& testerr, const lasd::BreadthFoldableContainer<Data>& con, bool chk, typename lasd::BreadthFoldableContainer<Data>::FoldFunctor fun, const Parameter& inipar, const Value& inival, const Value& finval) {
                                                                                                                                                                      ^~~
                                                                                                                                                                      (
zlasdtest/exercise2/../container/container.hpp:283:171: error: expected primary-expression before 'const'
 void FoldBreadth(uint& testnum, uint& testerr, const lasd::BreadthFoldableContainer<Data>& con, bool chk, typename lasd::BreadthFoldableContainer<Data>::FoldFunctor fun, const Parameter& inipar, const Value& inival, const Value& finval) {
                                                                                                                                                                           ^~~~~
zlasdtest/exercise2/../container/container.hpp:283:196: error: expected primary-expression before 'const'
 void FoldBreadth(uint& testnum, uint& testerr, const lasd::BreadthFoldableContainer<Data>& con, bool chk, typename lasd::BreadthFoldableContainer<Data>::FoldFunctor fun, const Parameter& inipar, const Value& inival, const Value& finval) {
                                                                                                                                                                                                    ^~~~~
zlasdtest/exercise2/../container/container.hpp:283:217: error: expected primary-expression before 'const'
 void FoldBreadth(uint& testnum, uint& testerr, const lasd::BreadthFoldableContainer<Data>& con, bool chk, typename lasd::BreadthFoldableContainer<Data>::FoldFunctor fun, const Parameter& inipar, const Value& inival, const Value& finval) {
                                                                                                                                                                                                                         ^~~~~
In file included from zlasdtest/exercise2/simpletest.cpp:8:
zlasdtest/exercise2/../stack/stack.hpp:10:12: error: variable or field 'PushC' declared void
 void PushC(uint& testnum, uint& testerr, lasd::Stack<Data>& stk, const Data& val) {
            ^~~~
zlasdtest/exercise2/../stack/stack.hpp:10:12: error: 'uint' was not declared in this scope
zlasdtest/exercise2/../stack/stack.hpp:10:12: note: suggested alternative: 'int'
 void PushC(uint& testnum, uint& testerr, lasd::Stack<Data>& stk, const Data& val) {
            ^~~~
            int
zlasdtest/exercise2/../stack/stack.hpp:10:18: error: 'testnum' was not declared in this scope
 void PushC(uint& testnum, uint& testerr, lasd::Stack<Data>& stk, const Data& val) {
                  ^~~~~~~
zlasdtest/exercise2/../stack/stack.hpp:10:18: note: suggested alternative: 'tempnam'
 void PushC(uint& testnum, uint& testerr, lasd::Stack<Data>& stk, const Data& val) {
                  ^~~~~~~
                  tempnam
zlasdtest/exercise2/../stack/stack.hpp:10:27: error: 'uint' was not declared in this scope
 void PushC(uint& testnum, uint& testerr, lasd::Stack<Data>& stk, const Data& val) {
                           ^~~~
zlasdtest/exercise2/../stack/stack.hpp:10:27: note: suggested alternative: 'int'
 void PushC(uint& testnum, uint& testerr, lasd::Stack<Data>& stk, const Data& val) {
                           ^~~~
                           int
zlasdtest/exercise2/../stack/stack.hpp:10:33: error: 'testerr' was not declared in this scope
 void PushC(uint& testnum, uint& testerr, lasd::Stack<Data>& stk, const Data& val) {
                                 ^~~~~~~
zlasdtest/exercise2/../stack/stack.hpp:10:33: note: suggested alternative: 'stderr'
 void PushC(uint& testnum, uint& testerr, lasd::Stack<Data>& stk, const Data& val) {
                                 ^~~~~~~
                                 stderr
zlasdtest/exercise2/../stack/stack.hpp:10:59: error: expected primary-expression before '&' token
 void PushC(uint& testnum, uint& testerr, lasd::Stack<Data>& stk, const Data& val) {
                                                           ^
zlasdtest/exercise2/../stack/stack.hpp:10:61: error: 'stk' was not declared in this scope
 void PushC(uint& testnum, uint& testerr, lasd::Stack<Data>& stk, const Data& val) {
                                                             ^~~
zlasdtest/exercise2/../stack/stack.hpp:10:61: note: suggested alternative: 'std'
 void PushC(uint& testnum, uint& testerr, lasd::Stack<Data>& stk, const Data& val) {
                                                             ^~~
                                                             std
zlasdtest/exercise2/../stack/stack.hpp:10:66: error: expected primary-expression before 'const'
 void PushC(uint& testnum, uint& testerr, lasd::Stack<Data>& stk, const Data& val) {
                                                                  ^~~~~
zlasdtest/exercise2/../stack/stack.hpp:25:12: error: variable or field 'PushM' declared void
 void PushM(uint& testnum, uint& testerr, lasd::Stack<Data>& stk, Data val) {
            ^~~~
zlasdtest/exercise2/../stack/stack.hpp:25:12: error: 'uint' was not declared in this scope
zlasdtest/exercise2/../stack/stack.hpp:25:12: note: suggested alternative: 'int'
 void PushM(uint& testnum, uint& testerr, lasd::Stack<Data>& stk, Data val) {
            ^~~~
            int
zlasdtest/exercise2/../stack/stack.hpp:25:18: error: 'testnum' was not declared in this scope
 void PushM(uint& testnum, uint& testerr, lasd::Stack<Data>& stk, Data val) {
                  ^~~~~~~
zlasdtest/exercise2/../stack/stack.hpp:25:18: note: suggested alternative: 'tempnam'
 void PushM(uint& testnum, uint& testerr, lasd::Stack<Data>& stk, Data val) {
                  ^~~~~~~
                  tempnam
zlasdtest/exercise2/../stack/stack.hpp:25:27: error: 'uint' was not declared in this scope
 void PushM(uint& testnum, uint& testerr, lasd::Stack<Data>& stk, Data val) {
                           ^~~~
zlasdtest/exercise2/../stack/stack.hpp:25:27: note: suggested alternative: 'int'
 void PushM(uint& testnum, uint& testerr, lasd::Stack<Data>& stk, Data val) {
                           ^~~~
                           int
zlasdtest/exercise2/../stack/stack.hpp:25:33: error: 'testerr' was not declared in this scope
 void PushM(uint& testnum, uint& testerr, lasd::Stack<Data>& stk, Data val) {
                                 ^~~~~~~
zlasdtest/exercise2/../stack/stack.hpp:25:33: note: suggested alternative: 'stderr'
 void PushM(uint& testnum, uint& testerr, lasd::Stack<Data>& stk, Data val) {
                                 ^~~~~~~
                                 stderr
zlasdtest/exercise2/../stack/stack.hpp:25:59: error: expected primary-expression before '&' token
 void PushM(uint& testnum, uint& testerr, lasd::Stack<Data>& stk, Data val) {
                                                           ^
zlasdtest/exercise2/../stack/stack.hpp:25:61: error: 'stk' was not declared in this scope
 void PushM(uint& testnum, uint& testerr, lasd::Stack<Data>& stk, Data val) {
                                                             ^~~
zlasdtest/exercise2/../stack/stack.hpp:25:61: note: suggested alternative: 'std'
 void PushM(uint& testnum, uint& testerr, lasd::Stack<Data>& stk, Data val) {
                                                             ^~~
                                                             std
zlasdtest/exercise2/../stack/stack.hpp:25:71: error: expected primary-expression before 'val'
 void PushM(uint& testnum, uint& testerr, lasd::Stack<Data>& stk, Data val) {
                                                                       ^~~
zlasdtest/exercise2/../stack/stack.hpp:40:10: error: variable or field 'Top' declared void
 void Top(uint& testnum, uint& testerr, lasd::Stack<Data>& stk, bool chk, const Data& val) {
          ^~~~
zlasdtest/exercise2/../stack/stack.hpp:40:10: error: 'uint' was not declared in this scope
zlasdtest/exercise2/../stack/stack.hpp:40:10: note: suggested alternative: 'int'
 void Top(uint& testnum, uint& testerr, lasd::Stack<Data>& stk, bool chk, const Data& val) {
          ^~~~
          int
zlasdtest/exercise2/../stack/stack.hpp:40:16: error: 'testnum' was not declared in this scope
 void Top(uint& testnum, uint& testerr, lasd::Stack<Data>& stk, bool chk, const Data& val) {
                ^~~~~~~
zlasdtest/exercise2/../stack/stack.hpp:40:16: note: suggested alternative: 'tempnam'
 void Top(uint& testnum, uint& testerr, lasd::Stack<Data>& stk, bool chk, const Data& val) {
                ^~~~~~~
                tempnam
zlasdtest/exercise2/../stack/stack.hpp:40:25: error: 'uint' was not declared in this scope
 void Top(uint& testnum, uint& testerr, lasd::Stack<Data>& stk, bool chk, const Data& val) {
                         ^~~~
zlasdtest/exercise2/../stack/stack.hpp:40:25: note: suggested alternative: 'int'
 void Top(uint& testnum, uint& testerr, lasd::Stack<Data>& stk, bool chk, const Data& val) {
                         ^~~~
                         int
zlasdtest/exercise2/../stack/stack.hpp:40:31: error: 'testerr' was not declared in this scope
 void Top(uint& testnum, uint& testerr, lasd::Stack<Data>& stk, bool chk, const Data& val) {
                               ^~~~~~~
zlasdtest/exercise2/../stack/stack.hpp:40:31: note: suggested alternative: 'stderr'
 void Top(uint& testnum, uint& testerr, lasd::Stack<Data>& stk, bool chk, const Data& val) {
                               ^~~~~~~
                               stderr
zlasdtest/exercise2/../stack/stack.hpp:40:57: error: expected primary-expression before '&' token
 void Top(uint& testnum, uint& testerr, lasd::Stack<Data>& stk, bool chk, const Data& val) {
                                                         ^
zlasdtest/exercise2/../stack/stack.hpp:40:59: error: 'stk' was not declared in this scope
 void Top(uint& testnum, uint& testerr, lasd::Stack<Data>& stk, bool chk, const Data& val) {
                                                           ^~~
zlasdtest/exercise2/../stack/stack.hpp:40:59: note: suggested alternative: 'std'
 void Top(uint& testnum, uint& testerr, lasd::Stack<Data>& stk, bool chk, const Data& val) {
                                                           ^~~
                                                           std
zlasdtest/exercise2/../stack/stack.hpp:40:64: error: expected primary-expression before 'bool'
 void Top(uint& testnum, uint& testerr, lasd::Stack<Data>& stk, bool chk, const Data& val) {
                                                                ^~~~
zlasdtest/exercise2/../stack/stack.hpp:40:74: error: expected primary-expression before 'const'
 void Top(uint& testnum, uint& testerr, lasd::Stack<Data>& stk, bool chk, const Data& val) {
                                                                          ^~~~~
zlasdtest/exercise2/../stack/stack.hpp:56:10: error: variable or field 'Pop' declared void
 void Pop(uint& testnum, uint& testerr, lasd::Stack<Data>& stk, bool chk) {
          ^~~~
zlasdtest/exercise2/../stack/stack.hpp:56:10: error: 'uint' was not declared in this scope
zlasdtest/exercise2/../stack/stack.hpp:56:10: note: suggested alternative: 'int'
 void Pop(uint& testnum, uint& testerr, lasd::Stack<Data>& stk, bool chk) {
          ^~~~
          int
zlasdtest/exercise2/../stack/stack.hpp:56:16: error: 'testnum' was not declared in this scope
 void Pop(uint& testnum, uint& testerr, lasd::Stack<Data>& stk, bool chk) {
                ^~~~~~~
zlasdtest/exercise2/../stack/stack.hpp:56:16: note: suggested alternative: 'tempnam'
 void Pop(uint& testnum, uint& testerr, lasd::Stack<Data>& stk, bool chk) {
                ^~~~~~~
                tempnam
zlasdtest/exercise2/../stack/stack.hpp:56:25: error: 'uint' was not declared in this scope
 void Pop(uint& testnum, uint& testerr, lasd::Stack<Data>& stk, bool chk) {
                         ^~~~
zlasdtest/exercise2/../stack/stack.hpp:56:25: note: suggested alternative: 'int'
 void Pop(uint& testnum, uint& testerr, lasd::Stack<Data>& stk, bool chk) {
                         ^~~~
                         int
zlasdtest/exercise2/../stack/stack.hpp:56:31: error: 'testerr' was not declared in this scope
 void Pop(uint& testnum, uint& testerr, lasd::Stack<Data>& stk, bool chk) {
                               ^~~~~~~
zlasdtest/exercise2/../stack/stack.hpp:56:31: note: suggested alternative: 'stderr'
 void Pop(uint& testnum, uint& testerr, lasd::Stack<Data>& stk, bool chk) {
                               ^~~~~~~
                               stderr
zlasdtest/exercise2/../stack/stack.hpp:56:57: error: expected primary-expression before '&' token
 void Pop(uint& testnum, uint& testerr, lasd::Stack<Data>& stk, bool chk) {
                                                         ^
zlasdtest/exercise2/../stack/stack.hpp:56:59: error: 'stk' was not declared in this scope
 void Pop(uint& testnum, uint& testerr, lasd::Stack<Data>& stk, bool chk) {
                                                           ^~~
zlasdtest/exercise2/../stack/stack.hpp:56:59: note: suggested alternative: 'std'
 void Pop(uint& testnum, uint& testerr, lasd::Stack<Data>& stk, bool chk) {
                                                           ^~~
                                                           std
zlasdtest/exercise2/../stack/stack.hpp:56:64: error: expected primary-expression before 'bool'
 void Pop(uint& testnum, uint& testerr, lasd::Stack<Data>& stk, bool chk) {
                                                                ^~~~
zlasdtest/exercise2/../stack/stack.hpp:73:14: error: variable or field 'TopNPop' declared void
 void TopNPop(uint& testnum, uint& testerr, lasd::Stack<Data>& stk, bool chk, const Data& val) {
              ^~~~
zlasdtest/exercise2/../stack/stack.hpp:73:14: error: 'uint' was not declared in this scope
zlasdtest/exercise2/../stack/stack.hpp:73:14: note: suggested alternative: 'int'
 void TopNPop(uint& testnum, uint& testerr, lasd::Stack<Data>& stk, bool chk, const Data& val) {
              ^~~~
              int
zlasdtest/exercise2/../stack/stack.hpp:73:20: error: 'testnum' was not declared in this scope
 void TopNPop(uint& testnum, uint& testerr, lasd::Stack<Data>& stk, bool chk, const Data& val) {
                    ^~~~~~~
zlasdtest/exercise2/../stack/stack.hpp:73:20: note: suggested alternative: 'tempnam'
 void TopNPop(uint& testnum, uint& testerr, lasd::Stack<Data>& stk, bool chk, const Data& val) {
                    ^~~~~~~
                    tempnam
zlasdtest/exercise2/../stack/stack.hpp:73:29: error: 'uint' was not declared in this scope
 void TopNPop(uint& testnum, uint& testerr, lasd::Stack<Data>& stk, bool chk, const Data& val) {
                             ^~~~
zlasdtest/exercise2/../stack/stack.hpp:73:29: note: suggested alternative: 'int'
 void TopNPop(uint& testnum, uint& testerr, lasd::Stack<Data>& stk, bool chk, const Data& val) {
                             ^~~~
                             int
zlasdtest/exercise2/../stack/stack.hpp:73:35: error: 'testerr' was not declared in this scope
 void TopNPop(uint& testnum, uint& testerr, lasd::Stack<Data>& stk, bool chk, const Data& val) {
                                   ^~~~~~~
zlasdtest/exercise2/../stack/stack.hpp:73:35: note: suggested alternative: 'stderr'
 void TopNPop(uint& testnum, uint& testerr, lasd::Stack<Data>& stk, bool chk, const Data& val) {
                                   ^~~~~~~
                                   stderr
zlasdtest/exercise2/../stack/stack.hpp:73:61: error: expected primary-expression before '&' token
 void TopNPop(uint& testnum, uint& testerr, lasd::Stack<Data>& stk, bool chk, const Data& val) {
                                                             ^
zlasdtest/exercise2/../stack/stack.hpp:73:63: error: 'stk' was not declared in this scope
 void TopNPop(uint& testnum, uint& testerr, lasd::Stack<Data>& stk, bool chk, const Data& val) {
                                                               ^~~
zlasdtest/exercise2/../stack/stack.hpp:73:63: note: suggested alternative: 'std'
 void TopNPop(uint& testnum, uint& testerr, lasd::Stack<Data>& stk, bool chk, const Data& val) {
                                                               ^~~
                                                               std
zlasdtest/exercise2/../stack/stack.hpp:73:68: error: expected primary-expression before 'bool'
 void TopNPop(uint& testnum, uint& testerr, lasd::Stack<Data>& stk, bool chk, const Data& val) {
                                                                    ^~~~
zlasdtest/exercise2/../stack/stack.hpp:73:78: error: expected primary-expression before 'const'
 void TopNPop(uint& testnum, uint& testerr, lasd::Stack<Data>& stk, bool chk, const Data& val) {
                                                                              ^~~~~
zlasdtest/exercise2/../stack/stack.hpp:89:17: error: variable or field 'EqualStack' declared void
 void EqualStack(uint& testnum, uint& testerr, const Stk& stk1, const Stk& stk2, bool chk) {
                 ^~~~
zlasdtest/exercise2/../stack/stack.hpp:89:17: error: 'uint' was not declared in this scope
zlasdtest/exercise2/../stack/stack.hpp:89:17: note: suggested alternative: 'int'
 void EqualStack(uint& testnum, uint& testerr, const Stk& stk1, const Stk& stk2, bool chk) {
                 ^~~~
                 int
zlasdtest/exercise2/../stack/stack.hpp:89:23: error: 'testnum' was not declared in this scope
 void EqualStack(uint& testnum, uint& testerr, const Stk& stk1, const Stk& stk2, bool chk) {
                       ^~~~~~~
zlasdtest/exercise2/../stack/stack.hpp:89:23: note: suggested alternative: 'tempnam'
 void EqualStack(uint& testnum, uint& testerr, const Stk& stk1, const Stk& stk2, bool chk) {
                       ^~~~~~~
                       tempnam
zlasdtest/exercise2/../stack/stack.hpp:89:32: error: 'uint' was not declared in this scope
 void EqualStack(uint& testnum, uint& testerr, const Stk& stk1, const Stk& stk2, bool chk) {
                                ^~~~
zlasdtest/exercise2/../stack/stack.hpp:89:32: note: suggested alternative: 'int'
 void EqualStack(uint& testnum, uint& testerr, const Stk& stk1, const Stk& stk2, bool chk) {
                                ^~~~
                                int
zlasdtest/exercise2/../stack/stack.hpp:89:38: error: 'testerr' was not declared in this scope
 void EqualStack(uint& testnum, uint& testerr, const Stk& stk1, const Stk& stk2, bool chk) {
                                      ^~~~~~~
zlasdtest/exercise2/../stack/stack.hpp:89:38: note: suggested alternative: 'stderr'
 void EqualStack(uint& testnum, uint& testerr, const Stk& stk1, const Stk& stk2, bool chk) {
                                      ^~~~~~~
                                      stderr
zlasdtest/exercise2/../stack/stack.hpp:89:47: error: expected primary-expression before 'const'
 void EqualStack(uint& testnum, uint& testerr, const Stk& stk1, const Stk& stk2, bool chk) {
                                               ^~~~~
zlasdtest/exercise2/../stack/stack.hpp:89:64: error: expected primary-expression before 'const'
 void EqualStack(uint& testnum, uint& testerr, const Stk& stk1, const Stk& stk2, bool chk) {
                                                                ^~~~~
zlasdtest/exercise2/../stack/stack.hpp:89:81: error: expected primary-expression before 'bool'
 void EqualStack(uint& testnum, uint& testerr, const Stk& stk1, const Stk& stk2, bool chk) {
                                                                                 ^~~~
zlasdtest/exercise2/../stack/stack.hpp:102:20: error: variable or field 'NonEqualStack' declared void
 void NonEqualStack(uint& testnum, uint& testerr, const Stk& stk1, const Stk& stk2, bool chk) {
                    ^~~~
zlasdtest/exercise2/../stack/stack.hpp:102:20: error: 'uint' was not declared in this scope
zlasdtest/exercise2/../stack/stack.hpp:102:20: note: suggested alternative: 'int'
 void NonEqualStack(uint& testnum, uint& testerr, const Stk& stk1, const Stk& stk2, bool chk) {
                    ^~~~
                    int
zlasdtest/exercise2/../stack/stack.hpp:102:26: error: 'testnum' was not declared in this scope
 void NonEqualStack(uint& testnum, uint& testerr, const Stk& stk1, const Stk& stk2, bool chk) {
                          ^~~~~~~
zlasdtest/exercise2/../stack/stack.hpp:102:26: note: suggested alternative: 'tempnam'
 void NonEqualStack(uint& testnum, uint& testerr, const Stk& stk1, const Stk& stk2, bool chk) {
                          ^~~~~~~
                          tempnam
zlasdtest/exercise2/../stack/stack.hpp:102:35: error: 'uint' was not declared in this scope
 void NonEqualStack(uint& testnum, uint& testerr, const Stk& stk1, const Stk& stk2, bool chk) {
                                   ^~~~
zlasdtest/exercise2/../stack/stack.hpp:102:35: note: suggested alternative: 'int'
 void NonEqualStack(uint& testnum, uint& testerr, const Stk& stk1, const Stk& stk2, bool chk) {
                                   ^~~~
                                   int
zlasdtest/exercise2/../stack/stack.hpp:102:41: error: 'testerr' was not declared in this scope
 void NonEqualStack(uint& testnum, uint& testerr, const Stk& stk1, const Stk& stk2, bool chk) {
                                         ^~~~~~~
zlasdtest/exercise2/../stack/stack.hpp:102:41: note: suggested alternative: 'stderr'
 void NonEqualStack(uint& testnum, uint& testerr, const Stk& stk1, const Stk& stk2, bool chk) {
                                         ^~~~~~~
                                         stderr
zlasdtest/exercise2/../stack/stack.hpp:102:50: error: expected primary-expression before 'const'
 void NonEqualStack(uint& testnum, uint& testerr, const Stk& stk1, const Stk& stk2, bool chk) {
                                                  ^~~~~
zlasdtest/exercise2/../stack/stack.hpp:102:67: error: expected primary-expression before 'const'
 void NonEqualStack(uint& testnum, uint& testerr, const Stk& stk1, const Stk& stk2, bool chk) {
                                                                   ^~~~~
zlasdtest/exercise2/../stack/stack.hpp:102:84: error: expected primary-expression before 'bool'
 void NonEqualStack(uint& testnum, uint& testerr, const Stk& stk1, const Stk& stk2, bool chk) {
                                                                                    ^~~~
In file included from zlasdtest/exercise2/simpletest.cpp:12:
zlasdtest/exercise2/../queue/queue.hpp:10:15: error: variable or field 'EnqueueC' declared void
 void EnqueueC(uint& testnum, uint& testerr, lasd::Queue<Data>& que, const Data& val) {
               ^~~~
zlasdtest/exercise2/../queue/queue.hpp:10:15: error: 'uint' was not declared in this scope
zlasdtest/exercise2/../queue/queue.hpp:10:15: note: suggested alternative: 'int'
 void EnqueueC(uint& testnum, uint& testerr, lasd::Queue<Data>& que, const Data& val) {
               ^~~~
               int
zlasdtest/exercise2/../queue/queue.hpp:10:21: error: 'testnum' was not declared in this scope
 void EnqueueC(uint& testnum, uint& testerr, lasd::Queue<Data>& que, const Data& val) {
                     ^~~~~~~
zlasdtest/exercise2/../queue/queue.hpp:10:21: note: suggested alternative: 'tempnam'
 void EnqueueC(uint& testnum, uint& testerr, lasd::Queue<Data>& que, const Data& val) {
                     ^~~~~~~
                     tempnam
zlasdtest/exercise2/../queue/queue.hpp:10:30: error: 'uint' was not declared in this scope
 void EnqueueC(uint& testnum, uint& testerr, lasd::Queue<Data>& que, const Data& val) {
                              ^~~~
zlasdtest/exercise2/../queue/queue.hpp:10:30: note: suggested alternative: 'int'
 void EnqueueC(uint& testnum, uint& testerr, lasd::Queue<Data>& que, const Data& val) {
                              ^~~~
                              int
zlasdtest/exercise2/../queue/queue.hpp:10:36: error: 'testerr' was not declared in this scope
 void EnqueueC(uint& testnum, uint& testerr, lasd::Queue<Data>& que, const Data& val) {
                                    ^~~~~~~
zlasdtest/exercise2/../queue/queue.hpp:10:36: note: suggested alternative: 'stderr'
 void EnqueueC(uint& testnum, uint& testerr, lasd::Queue<Data>& que, const Data& val) {
                                    ^~~~~~~
                                    stderr
zlasdtest/exercise2/../queue/queue.hpp:10:62: error: expected primary-expression before '&' token
 void EnqueueC(uint& testnum, uint& testerr, lasd::Queue<Data>& que, const Data& val) {
                                                              ^
zlasdtest/exercise2/../queue/queue.hpp:10:64: error: 'que' was not declared in this scope
 void EnqueueC(uint& testnum, uint& testerr, lasd::Queue<Data>& que, const Data& val) {
                                                                ^~~
zlasdtest/exercise2/../queue/queue.hpp:10:69: error: expected primary-expression before 'const'
 void EnqueueC(uint& testnum, uint& testerr, lasd::Queue<Data>& que, const Data& val) {
                                                                     ^~~~~
zlasdtest/exercise2/../queue/queue.hpp:25:15: error: variable or field 'EnqueueM' declared void
 void EnqueueM(uint& testnum, uint& testerr, lasd::Queue<Data>& que, Data val) {
               ^~~~
zlasdtest/exercise2/../queue/queue.hpp:25:15: error: 'uint' was not declared in this scope
zlasdtest/exercise2/../queue/queue.hpp:25:15: note: suggested alternative: 'int'
 void EnqueueM(uint& testnum, uint& testerr, lasd::Queue<Data>& que, Data val) {
               ^~~~
               int
zlasdtest/exercise2/../queue/queue.hpp:25:21: error: 'testnum' was not declared in this scope
 void EnqueueM(uint& testnum, uint& testerr, lasd::Queue<Data>& que, Data val) {
                     ^~~~~~~
zlasdtest/exercise2/../queue/queue.hpp:25:21: note: suggested alternative: 'tempnam'
 void EnqueueM(uint& testnum, uint& testerr, lasd::Queue<Data>& que, Data val) {
                     ^~~~~~~
                     tempnam
zlasdtest/exercise2/../queue/queue.hpp:25:30: error: 'uint' was not declared in this scope
 void EnqueueM(uint& testnum, uint& testerr, lasd::Queue<Data>& que, Data val) {
                              ^~~~
zlasdtest/exercise2/../queue/queue.hpp:25:30: note: suggested alternative: 'int'
 void EnqueueM(uint& testnum, uint& testerr, lasd::Queue<Data>& que, Data val) {
                              ^~~~
                              int
zlasdtest/exercise2/../queue/queue.hpp:25:36: error: 'testerr' was not declared in this scope
 void EnqueueM(uint& testnum, uint& testerr, lasd::Queue<Data>& que, Data val) {
                                    ^~~~~~~
zlasdtest/exercise2/../queue/queue.hpp:25:36: note: suggested alternative: 'stderr'
 void EnqueueM(uint& testnum, uint& testerr, lasd::Queue<Data>& que, Data val) {
                                    ^~~~~~~
                                    stderr
zlasdtest/exercise2/../queue/queue.hpp:25:62: error: expected primary-expression before '&' token
 void EnqueueM(uint& testnum, uint& testerr, lasd::Queue<Data>& que, Data val) {
                                                              ^
zlasdtest/exercise2/../queue/queue.hpp:25:64: error: 'que' was not declared in this scope
 void EnqueueM(uint& testnum, uint& testerr, lasd::Queue<Data>& que, Data val) {
                                                                ^~~
zlasdtest/exercise2/../queue/queue.hpp:25:74: error: expected primary-expression before 'val'
 void EnqueueM(uint& testnum, uint& testerr, lasd::Queue<Data>& que, Data val) {
                                                                          ^~~
zlasdtest/exercise2/../queue/queue.hpp:40:11: error: variable or field 'Head' declared void
 void Head(uint& testnum, uint& testerr, lasd::Queue<Data>& que, bool chk, const Data& val) {
           ^~~~
zlasdtest/exercise2/../queue/queue.hpp:40:11: error: 'uint' was not declared in this scope
zlasdtest/exercise2/../queue/queue.hpp:40:11: note: suggested alternative: 'int'
 void Head(uint& testnum, uint& testerr, lasd::Queue<Data>& que, bool chk, const Data& val) {
           ^~~~
           int
zlasdtest/exercise2/../queue/queue.hpp:40:17: error: 'testnum' was not declared in this scope
 void Head(uint& testnum, uint& testerr, lasd::Queue<Data>& que, bool chk, const Data& val) {
                 ^~~~~~~
zlasdtest/exercise2/../queue/queue.hpp:40:17: note: suggested alternative: 'tempnam'
 void Head(uint& testnum, uint& testerr, lasd::Queue<Data>& que, bool chk, const Data& val) {
                 ^~~~~~~
                 tempnam
zlasdtest/exercise2/../queue/queue.hpp:40:26: error: 'uint' was not declared in this scope
 void Head(uint& testnum, uint& testerr, lasd::Queue<Data>& que, bool chk, const Data& val) {
                          ^~~~
zlasdtest/exercise2/../queue/queue.hpp:40:26: note: suggested alternative: 'int'
 void Head(uint& testnum, uint& testerr, lasd::Queue<Data>& que, bool chk, const Data& val) {
                          ^~~~
                          int
zlasdtest/exercise2/../queue/queue.hpp:40:32: error: 'testerr' was not declared in this scope
 void Head(uint& testnum, uint& testerr, lasd::Queue<Data>& que, bool chk, const Data& val) {
                                ^~~~~~~
zlasdtest/exercise2/../queue/queue.hpp:40:32: note: suggested alternative: 'stderr'
 void Head(uint& testnum, uint& testerr, lasd::Queue<Data>& que, bool chk, const Data& val) {
                                ^~~~~~~
                                stderr
zlasdtest/exercise2/../queue/queue.hpp:40:58: error: expected primary-expression before '&' token
 void Head(uint& testnum, uint& testerr, lasd::Queue<Data>& que, bool chk, const Data& val) {
                                                          ^
zlasdtest/exercise2/../queue/queue.hpp:40:60: error: 'que' was not declared in this scope
 void Head(uint& testnum, uint& testerr, lasd::Queue<Data>& que, bool chk, const Data& val) {
                                                            ^~~
zlasdtest/exercise2/../queue/queue.hpp:40:65: error: expected primary-expression before 'bool'
 void Head(uint& testnum, uint& testerr, lasd::Queue<Data>& que, bool chk, const Data& val) {
                                                                 ^~~~
zlasdtest/exercise2/../queue/queue.hpp:40:75: error: expected primary-expression before 'const'
 void Head(uint& testnum, uint& testerr, lasd::Queue<Data>& que, bool chk, const Data& val) {
                                                                           ^~~~~
zlasdtest/exercise2/../queue/queue.hpp:56:14: error: variable or field 'Dequeue' declared void
 void Dequeue(uint& testnum, uint& testerr, lasd::Queue<Data>& que, bool chk) {
              ^~~~
zlasdtest/exercise2/../queue/queue.hpp:56:14: error: 'uint' was not declared in this scope
zlasdtest/exercise2/../queue/queue.hpp:56:14: note: suggested alternative: 'int'
 void Dequeue(uint& testnum, uint& testerr, lasd::Queue<Data>& que, bool chk) {
              ^~~~
              int
zlasdtest/exercise2/../queue/queue.hpp:56:20: error: 'testnum' was not declared in this scope
 void Dequeue(uint& testnum, uint& testerr, lasd::Queue<Data>& que, bool chk) {
                    ^~~~~~~
zlasdtest/exercise2/../queue/queue.hpp:56:20: note: suggested alternative: 'tempnam'
 void Dequeue(uint& testnum, uint& testerr, lasd::Queue<Data>& que, bool chk) {
                    ^~~~~~~
                    tempnam
zlasdtest/exercise2/../queue/queue.hpp:56:29: error: 'uint' was not declared in this scope
 void Dequeue(uint& testnum, uint& testerr, lasd::Queue<Data>& que, bool chk) {
                             ^~~~
zlasdtest/exercise2/../queue/queue.hpp:56:29: note: suggested alternative: 'int'
 void Dequeue(uint& testnum, uint& testerr, lasd::Queue<Data>& que, bool chk) {
                             ^~~~
                             int
zlasdtest/exercise2/../queue/queue.hpp:56:35: error: 'testerr' was not declared in this scope
 void Dequeue(uint& testnum, uint& testerr, lasd::Queue<Data>& que, bool chk) {
                                   ^~~~~~~
zlasdtest/exercise2/../queue/queue.hpp:56:35: note: suggested alternative: 'stderr'
 void Dequeue(uint& testnum, uint& testerr, lasd::Queue<Data>& que, bool chk) {
                                   ^~~~~~~
                                   stderr
zlasdtest/exercise2/../queue/queue.hpp:56:61: error: expected primary-expression before '&' token
 void Dequeue(uint& testnum, uint& testerr, lasd::Queue<Data>& que, bool chk) {
                                                             ^
zlasdtest/exercise2/../queue/queue.hpp:56:63: error: 'que' was not declared in this scope
 void Dequeue(uint& testnum, uint& testerr, lasd::Queue<Data>& que, bool chk) {
                                                               ^~~
zlasdtest/exercise2/../queue/queue.hpp:56:68: error: expected primary-expression before 'bool'
 void Dequeue(uint& testnum, uint& testerr, lasd::Queue<Data>& que, bool chk) {
                                                                    ^~~~
zlasdtest/exercise2/../queue/queue.hpp:73:19: error: variable or field 'HeadNDequeue' declared void
 void HeadNDequeue(uint& testnum, uint& testerr, lasd::Queue<Data>& que, bool chk, const Data& val) {
                   ^~~~
zlasdtest/exercise2/../queue/queue.hpp:73:19: error: 'uint' was not declared in this scope
zlasdtest/exercise2/../queue/queue.hpp:73:19: note: suggested alternative: 'int'
 void HeadNDequeue(uint& testnum, uint& testerr, lasd::Queue<Data>& que, bool chk, const Data& val) {
                   ^~~~
                   int
zlasdtest/exercise2/../queue/queue.hpp:73:25: error: 'testnum' was not declared in this scope
 void HeadNDequeue(uint& testnum, uint& testerr, lasd::Queue<Data>& que, bool chk, const Data& val) {
                         ^~~~~~~
zlasdtest/exercise2/../queue/queue.hpp:73:25: note: suggested alternative: 'tempnam'
 void HeadNDequeue(uint& testnum, uint& testerr, lasd::Queue<Data>& que, bool chk, const Data& val) {
                         ^~~~~~~
                         tempnam
zlasdtest/exercise2/../queue/queue.hpp:73:34: error: 'uint' was not declared in this scope
 void HeadNDequeue(uint& testnum, uint& testerr, lasd::Queue<Data>& que, bool chk, const Data& val) {
                                  ^~~~
zlasdtest/exercise2/../queue/queue.hpp:73:34: note: suggested alternative: 'int'
 void HeadNDequeue(uint& testnum, uint& testerr, lasd::Queue<Data>& que, bool chk, const Data& val) {
                                  ^~~~
                                  int
zlasdtest/exercise2/../queue/queue.hpp:73:40: error: 'testerr' was not declared in this scope
 void HeadNDequeue(uint& testnum, uint& testerr, lasd::Queue<Data>& que, bool chk, const Data& val) {
                                        ^~~~~~~
zlasdtest/exercise2/../queue/queue.hpp:73:40: note: suggested alternative: 'stderr'
 void HeadNDequeue(uint& testnum, uint& testerr, lasd::Queue<Data>& que, bool chk, const Data& val) {
                                        ^~~~~~~
                                        stderr
zlasdtest/exercise2/../queue/queue.hpp:73:66: error: expected primary-expression before '&' token
 void HeadNDequeue(uint& testnum, uint& testerr, lasd::Queue<Data>& que, bool chk, const Data& val) {
                                                                  ^
zlasdtest/exercise2/../queue/queue.hpp:73:68: error: 'que' was not declared in this scope
 void HeadNDequeue(uint& testnum, uint& testerr, lasd::Queue<Data>& que, bool chk, const Data& val) {
                                                                    ^~~
zlasdtest/exercise2/../queue/queue.hpp:73:73: error: expected primary-expression before 'bool'
 void HeadNDequeue(uint& testnum, uint& testerr, lasd::Queue<Data>& que, bool chk, const Data& val) {
                                                                         ^~~~
zlasdtest/exercise2/../queue/queue.hpp:73:83: error: expected primary-expression before 'const'
 void HeadNDequeue(uint& testnum, uint& testerr, lasd::Queue<Data>& que, bool chk, const Data& val) {
                                                                                   ^~~~~
zlasdtest/exercise2/../queue/queue.hpp:89:17: error: variable or field 'EqualQueue' declared void
 void EqualQueue(uint& testnum, uint& testerr, const Que& que1, const Que& que2, bool chk) {
                 ^~~~
zlasdtest/exercise2/../queue/queue.hpp:89:17: error: 'uint' was not declared in this scope
zlasdtest/exercise2/../queue/queue.hpp:89:17: note: suggested alternative: 'int'
 void EqualQueue(uint& testnum, uint& testerr, const Que& que1, const Que& que2, bool chk) {
                 ^~~~
                 int
zlasdtest/exercise2/../queue/queue.hpp:89:23: error: 'testnum' was not declared in this scope
 void EqualQueue(uint& testnum, uint& testerr, const Que& que1, const Que& que2, bool chk) {
                       ^~~~~~~
zlasdtest/exercise2/../queue/queue.hpp:89:23: note: suggested alternative: 'tempnam'
 void EqualQueue(uint& testnum, uint& testerr, const Que& que1, const Que& que2, bool chk) {
                       ^~~~~~~
                       tempnam
zlasdtest/exercise2/../queue/queue.hpp:89:32: error: 'uint' was not declared in this scope
 void EqualQueue(uint& testnum, uint& testerr, const Que& que1, const Que& que2, bool chk) {
                                ^~~~
zlasdtest/exercise2/../queue/queue.hpp:89:32: note: suggested alternative: 'int'
 void EqualQueue(uint& testnum, uint& testerr, const Que& que1, const Que& que2, bool chk) {
                                ^~~~
                                int
zlasdtest/exercise2/../queue/queue.hpp:89:38: error: 'testerr' was not declared in this scope
 void EqualQueue(uint& testnum, uint& testerr, const Que& que1, const Que& que2, bool chk) {
                                      ^~~~~~~
zlasdtest/exercise2/../queue/queue.hpp:89:38: note: suggested alternative: 'stderr'
 void EqualQueue(uint& testnum, uint& testerr, const Que& que1, const Que& que2, bool chk) {
                                      ^~~~~~~
                                      stderr
zlasdtest/exercise2/../queue/queue.hpp:89:47: error: expected primary-expression before 'const'
 void EqualQueue(uint& testnum, uint& testerr, const Que& que1, const Que& que2, bool chk) {
                                               ^~~~~
zlasdtest/exercise2/../queue/queue.hpp:89:64: error: expected primary-expression before 'const'
 void EqualQueue(uint& testnum, uint& testerr, const Que& que1, const Que& que2, bool chk) {
                                                                ^~~~~
zlasdtest/exercise2/../queue/queue.hpp:89:81: error: expected primary-expression before 'bool'
 void EqualQueue(uint& testnum, uint& testerr, const Que& que1, const Que& que2, bool chk) {
                                                                                 ^~~~
zlasdtest/exercise2/../queue/queue.hpp:102:20: error: variable or field 'NonEqualQueue' declared void
 void NonEqualQueue(uint& testnum, uint& testerr, const Que& que1, const Que& que2, bool chk) {
                    ^~~~
zlasdtest/exercise2/../queue/queue.hpp:102:20: error: 'uint' was not declared in this scope
zlasdtest/exercise2/../queue/queue.hpp:102:20: note: suggested alternative: 'int'
 void NonEqualQueue(uint& testnum, uint& testerr, const Que& que1, const Que& que2, bool chk) {
                    ^~~~
                    int
zlasdtest/exercise2/../queue/queue.hpp:102:26: error: 'testnum' was not declared in this scope
 void NonEqualQueue(uint& testnum, uint& testerr, const Que& que1, const Que& que2, bool chk) {
                          ^~~~~~~
zlasdtest/exercise2/../queue/queue.hpp:102:26: note: suggested alternative: 'tempnam'
 void NonEqualQueue(uint& testnum, uint& testerr, const Que& que1, const Que& que2, bool chk) {
                          ^~~~~~~
                          tempnam
zlasdtest/exercise2/../queue/queue.hpp:102:35: error: 'uint' was not declared in this scope
 void NonEqualQueue(uint& testnum, uint& testerr, const Que& que1, const Que& que2, bool chk) {
                                   ^~~~
zlasdtest/exercise2/../queue/queue.hpp:102:35: note: suggested alternative: 'int'
 void NonEqualQueue(uint& testnum, uint& testerr, const Que& que1, const Que& que2, bool chk) {
                                   ^~~~
                                   int
zlasdtest/exercise2/../queue/queue.hpp:102:41: error: 'testerr' was not declared in this scope
 void NonEqualQueue(uint& testnum, uint& testerr, const Que& que1, const Que& que2, bool chk) {
                                         ^~~~~~~
zlasdtest/exercise2/../queue/queue.hpp:102:41: note: suggested alternative: 'stderr'
 void NonEqualQueue(uint& testnum, uint& testerr, const Que& que1, const Que& que2, bool chk) {
                                         ^~~~~~~
                                         stderr
zlasdtest/exercise2/../queue/queue.hpp:102:50: error: expected primary-expression before 'const'
 void NonEqualQueue(uint& testnum, uint& testerr, const Que& que1, const Que& que2, bool chk) {
                                                  ^~~~~
zlasdtest/exercise2/../queue/queue.hpp:102:67: error: expected primary-expression before 'const'
 void NonEqualQueue(uint& testnum, uint& testerr, const Que& que1, const Que& que2, bool chk) {
                                                                   ^~~~~
zlasdtest/exercise2/../queue/queue.hpp:102:84: error: expected primary-expression before 'bool'
 void NonEqualQueue(uint& testnum, uint& testerr, const Que& que1, const Que& que2, bool chk) {
                                                                                    ^~~~
zlasdtest/exercise2/simpletest.cpp:23:30: error: 'uint' has not been declared
 void stestStackInt(Stk& stk, uint& testnum, uint& testerr) {
                              ^~~~
zlasdtest/exercise2/simpletest.cpp:23:45: error: 'uint' has not been declared
 void stestStackInt(Stk& stk, uint& testnum, uint& testerr) {
                                             ^~~~
zlasdtest/exercise2/simpletest.cpp: In function 'void stestStackInt(Stk&, int&, int&)':
zlasdtest/exercise2/simpletest.cpp:24:3: error: 'uint' was not declared in this scope
   uint loctestnum = 0, loctesterr = 0;
   ^~~~
zlasdtest/exercise2/simpletest.cpp:24:3: note: suggested alternative: 'int'
   uint loctestnum = 0, loctesterr = 0;
   ^~~~
   int
zlasdtest/exercise2/simpletest.cpp:26:11: error: 'loctestnum' was not declared in this scope
     Empty(loctestnum, loctesterr, stk, true);
           ^~~~~~~~~~
zlasdtest/exercise2/simpletest.cpp:26:11: note: suggested alternative: 'testnum'
     Empty(loctestnum, loctesterr, stk, true);
           ^~~~~~~~~~
           testnum
zlasdtest/exercise2/simpletest.cpp:26:23: error: 'loctesterr' was not declared in this scope
     Empty(loctestnum, loctesterr, stk, true);
                       ^~~~~~~~~~
zlasdtest/exercise2/simpletest.cpp:26:23: note: suggested alternative: 'testerr'
     Empty(loctestnum, loctesterr, stk, true);
                       ^~~~~~~~~~
                       testerr
zlasdtest/exercise2/simpletest.cpp:68:5: error: 'loctestnum' was not declared in this scope
     loctestnum++; loctesterr++;
     ^~~~~~~~~~
zlasdtest/exercise2/simpletest.cpp:68:5: note: suggested alternative: 'testnum'
     loctestnum++; loctesterr++;
     ^~~~~~~~~~
     testnum
zlasdtest/exercise2/simpletest.cpp:68:19: error: 'loctesterr' was not declared in this scope
     loctestnum++; loctesterr++;
                   ^~~~~~~~~~
zlasdtest/exercise2/simpletest.cpp:68:19: note: suggested alternative: 'testerr'
     loctestnum++; loctesterr++;
                   ^~~~~~~~~~
                   testerr
zlasdtest/exercise2/simpletest.cpp:71:14: error: 'loctestnum' was not declared in this scope
   testnum += loctestnum;
              ^~~~~~~~~~
zlasdtest/exercise2/simpletest.cpp:71:14: note: suggested alternative: 'testnum'
   testnum += loctestnum;
              ^~~~~~~~~~
              testnum
zlasdtest/exercise2/simpletest.cpp:72:14: error: 'loctesterr' was not declared in this scope
   testerr += loctesterr;
              ^~~~~~~~~~
zlasdtest/exercise2/simpletest.cpp:72:14: note: suggested alternative: 'testerr'
   testerr += loctesterr;
              ^~~~~~~~~~
              testerr
zlasdtest/exercise2/simpletest.cpp: At global scope:
zlasdtest/exercise2/simpletest.cpp:75:20: error: variable or field 'stestStackInt' declared void
 void stestStackInt(uint& testnum, uint& testerr) {
                    ^~~~
zlasdtest/exercise2/simpletest.cpp:75:20: error: 'uint' was not declared in this scope
zlasdtest/exercise2/simpletest.cpp:75:20: note: suggested alternative: 'int'
 void stestStackInt(uint& testnum, uint& testerr) {
                    ^~~~
                    int
zlasdtest/exercise2/simpletest.cpp:75:26: error: 'testnum' was not declared in this scope
 void stestStackInt(uint& testnum, uint& testerr) {
                          ^~~~~~~
zlasdtest/exercise2/simpletest.cpp:75:26: note: suggested alternative: 'tempnam'
 void stestStackInt(uint& testnum, uint& testerr) {
                          ^~~~~~~
                          tempnam
zlasdtest/exercise2/simpletest.cpp:75:35: error: 'uint' was not declared in this scope
 void stestStackInt(uint& testnum, uint& testerr) {
                                   ^~~~
zlasdtest/exercise2/simpletest.cpp:75:35: note: suggested alternative: 'int'
 void stestStackInt(uint& testnum, uint& testerr) {
                                   ^~~~
                                   int
zlasdtest/exercise2/simpletest.cpp:75:41: error: 'testerr' was not declared in this scope
 void stestStackInt(uint& testnum, uint& testerr) {
                                         ^~~~~~~
zlasdtest/exercise2/simpletest.cpp:75:41: note: suggested alternative: 'stderr'
 void stestStackInt(uint& testnum, uint& testerr) {
                                         ^~~~~~~
                                         stderr
zlasdtest/exercise2/simpletest.cpp:88:32: error: 'uint' has not been declared
 void stestStackFloat(Stk& stk, uint& testnum, uint& testerr) {
                                ^~~~
zlasdtest/exercise2/simpletest.cpp:88:47: error: 'uint' has not been declared
 void stestStackFloat(Stk& stk, uint& testnum, uint& testerr) {
                                               ^~~~
zlasdtest/exercise2/simpletest.cpp: In function 'void stestStackFloat(Stk&, int&, int&)':
zlasdtest/exercise2/simpletest.cpp:89:3: error: 'uint' was not declared in this scope
   uint loctestnum = 0, loctesterr = 0;
   ^~~~
zlasdtest/exercise2/simpletest.cpp:89:3: note: suggested alternative: 'int'
   uint loctestnum = 0, loctesterr = 0;
   ^~~~
   int
zlasdtest/exercise2/simpletest.cpp:91:11: error: 'loctestnum' was not declared in this scope
     PushC(loctestnum, loctesterr, stk, 5.9);
           ^~~~~~~~~~
zlasdtest/exercise2/simpletest.cpp:91:11: note: suggested alternative: 'testnum'
     PushC(loctestnum, loctesterr, stk, 5.9);
           ^~~~~~~~~~
           testnum
zlasdtest/exercise2/simpletest.cpp:91:23: error: 'loctesterr' was not declared in this scope
     PushC(loctestnum, loctesterr, stk, 5.9);
                       ^~~~~~~~~~
zlasdtest/exercise2/simpletest.cpp:91:23: note: suggested alternative: 'testerr'
     PushC(loctestnum, loctesterr, stk, 5.9);
                       ^~~~~~~~~~
                       testerr
zlasdtest/exercise2/simpletest.cpp:104:5: error: 'loctestnum' was not declared in this scope
     loctestnum++; loctesterr++;
     ^~~~~~~~~~
zlasdtest/exercise2/simpletest.cpp:104:5: note: suggested alternative: 'testnum'
     loctestnum++; loctesterr++;
     ^~~~~~~~~~
     testnum
zlasdtest/exercise2/simpletest.cpp:104:19: error: 'loctesterr' was not declared in this scope
     loctestnum++; loctesterr++;
                   ^~~~~~~~~~
zlasdtest/exercise2/simpletest.cpp:104:19: note: suggested alternative: 'testerr'
     loctestnum++; loctesterr++;
                   ^~~~~~~~~~
                   testerr
zlasdtest/exercise2/simpletest.cpp:107:14: error: 'loctestnum' was not declared in this scope
   testnum += loctestnum;
              ^~~~~~~~~~
zlasdtest/exercise2/simpletest.cpp:107:14: note: suggested alternative: 'testnum'
   testnum += loctestnum;
              ^~~~~~~~~~
              testnum
zlasdtest/exercise2/simpletest.cpp:108:14: error: 'loctesterr' was not declared in this scope
   testerr += loctesterr;
              ^~~~~~~~~~
zlasdtest/exercise2/simpletest.cpp:108:14: note: suggested alternative: 'testerr'
   testerr += loctesterr;
              ^~~~~~~~~~
              testerr
zlasdtest/exercise2/simpletest.cpp: At global scope:
zlasdtest/exercise2/simpletest.cpp:111:22: error: variable or field 'stestStackFloat' declared void
 void stestStackFloat(uint& testnum, uint& testerr) {
                      ^~~~
zlasdtest/exercise2/simpletest.cpp:111:22: error: 'uint' was not declared in this scope
zlasdtest/exercise2/simpletest.cpp:111:22: note: suggested alternative: 'int'
 void stestStackFloat(uint& testnum, uint& testerr) {
                      ^~~~
                      int
zlasdtest/exercise2/simpletest.cpp:111:28: error: 'testnum' was not declared in this scope
 void stestStackFloat(uint& testnum, uint& testerr) {
                            ^~~~~~~
zlasdtest/exercise2/simpletest.cpp:111:28: note: suggested alternative: 'tempnam'
 void stestStackFloat(uint& testnum, uint& testerr) {
                            ^~~~~~~
                            tempnam
zlasdtest/exercise2/simpletest.cpp:111:37: error: 'uint' was not declared in this scope
 void stestStackFloat(uint& testnum, uint& testerr) {
                                     ^~~~
zlasdtest/exercise2/simpletest.cpp:111:37: note: suggested alternative: 'int'
 void stestStackFloat(uint& testnum, uint& testerr) {
                                     ^~~~
                                     int
zlasdtest/exercise2/simpletest.cpp:111:43: error: 'testerr' was not declared in this scope
 void stestStackFloat(uint& testnum, uint& testerr) {
                                           ^~~~~~~
zlasdtest/exercise2/simpletest.cpp:111:43: note: suggested alternative: 'stderr'
 void stestStackFloat(uint& testnum, uint& testerr) {
                                           ^~~~~~~
                                           stderr
zlasdtest/exercise2/simpletest.cpp:124:33: error: 'uint' has not been declared
 void stestStackString(Stk& stk, uint& testnum, uint& testerr) {
                                 ^~~~
zlasdtest/exercise2/simpletest.cpp:124:48: error: 'uint' has not been declared
 void stestStackString(Stk& stk, uint& testnum, uint& testerr) {
                                                ^~~~
zlasdtest/exercise2/simpletest.cpp: In function 'void stestStackString(Stk&, int&, int&)':
zlasdtest/exercise2/simpletest.cpp:125:3: error: 'uint' was not declared in this scope
   uint loctestnum = 0, loctesterr = 0;
   ^~~~
zlasdtest/exercise2/simpletest.cpp:125:3: note: suggested alternative: 'int'
   uint loctestnum = 0, loctesterr = 0;
   ^~~~
   int
zlasdtest/exercise2/simpletest.cpp:127:11: error: 'loctestnum' was not declared in this scope
     PushM(loctestnum, loctesterr, stk, string("A"));
           ^~~~~~~~~~
zlasdtest/exercise2/simpletest.cpp:127:11: note: suggested alternative: 'testnum'
     PushM(loctestnum, loctesterr, stk, string("A"));
           ^~~~~~~~~~
           testnum
zlasdtest/exercise2/simpletest.cpp:127:23: error: 'loctesterr' was not declared in this scope
     PushM(loctestnum, loctesterr, stk, string("A"));
                       ^~~~~~~~~~
zlasdtest/exercise2/simpletest.cpp:127:23: note: suggested alternative: 'testerr'
     PushM(loctestnum, loctesterr, stk, string("A"));
                       ^~~~~~~~~~
                       testerr
zlasdtest/exercise2/simpletest.cpp:138:5: error: 'loctestnum' was not declared in this scope
     loctestnum++; loctesterr++;
     ^~~~~~~~~~
zlasdtest/exercise2/simpletest.cpp:138:5: note: suggested alternative: 'testnum'
     loctestnum++; loctesterr++;
     ^~~~~~~~~~
     testnum
zlasdtest/exercise2/simpletest.cpp:138:19: error: 'loctesterr' was not declared in this scope
     loctestnum++; loctesterr++;
                   ^~~~~~~~~~
zlasdtest/exercise2/simpletest.cpp:138:19: note: suggested alternative: 'testerr'
     loctestnum++; loctesterr++;
                   ^~~~~~~~~~
                   testerr
zlasdtest/exercise2/simpletest.cpp:141:14: error: 'loctestnum' was not declared in this scope
   testnum += loctestnum;
              ^~~~~~~~~~
zlasdtest/exercise2/simpletest.cpp:141:14: note: suggested alternative: 'testnum'
   testnum += loctestnum;
              ^~~~~~~~~~
              testnum
zlasdtest/exercise2/simpletest.cpp:142:14: error: 'loctesterr' was not declared in this scope
   testerr += loctesterr;
              ^~~~~~~~~~
zlasdtest/exercise2/simpletest.cpp:142:14: note: suggested alternative: 'testerr'
   testerr += loctesterr;
              ^~~~~~~~~~
              testerr
zlasdtest/exercise2/simpletest.cpp: At global scope:
zlasdtest/exercise2/simpletest.cpp:145:23: error: variable or field 'stestStackString' declared void
 void stestStackString(uint& testnum, uint& testerr) {
                       ^~~~
zlasdtest/exercise2/simpletest.cpp:145:23: error: 'uint' was not declared in this scope
zlasdtest/exercise2/simpletest.cpp:145:23: note: suggested alternative: 'int'
 void stestStackString(uint& testnum, uint& testerr) {
                       ^~~~
                       int
zlasdtest/exercise2/simpletest.cpp:145:29: error: 'testnum' was not declared in this scope
 void stestStackString(uint& testnum, uint& testerr) {
                             ^~~~~~~
zlasdtest/exercise2/simpletest.cpp:145:29: note: suggested alternative: 'tempnam'
 void stestStackString(uint& testnum, uint& testerr) {
                             ^~~~~~~
                             tempnam
zlasdtest/exercise2/simpletest.cpp:145:38: error: 'uint' was not declared in this scope
 void stestStackString(uint& testnum, uint& testerr) {
                                      ^~~~
zlasdtest/exercise2/simpletest.cpp:145:38: note: suggested alternative: 'int'
 void stestStackString(uint& testnum, uint& testerr) {
                                      ^~~~
                                      int
zlasdtest/exercise2/simpletest.cpp:145:44: error: 'testerr' was not declared in this scope
 void stestStackString(uint& testnum, uint& testerr) {
                                            ^~~~~~~
zlasdtest/exercise2/simpletest.cpp:145:44: note: suggested alternative: 'stderr'
 void stestStackString(uint& testnum, uint& testerr) {
                                            ^~~~~~~
                                            stderr
zlasdtest/exercise2/simpletest.cpp:176:17: error: variable or field 'stestStack' declared void
 void stestStack(uint& testnum, uint& testerr) {
                 ^~~~
zlasdtest/exercise2/simpletest.cpp:176:17: error: 'uint' was not declared in this scope
zlasdtest/exercise2/simpletest.cpp:176:17: note: suggested alternative: 'int'
 void stestStack(uint& testnum, uint& testerr) {
                 ^~~~
                 int
zlasdtest/exercise2/simpletest.cpp:176:23: error: 'testnum' was not declared in this scope
 void stestStack(uint& testnum, uint& testerr) {
                       ^~~~~~~
zlasdtest/exercise2/simpletest.cpp:176:23: note: suggested alternative: 'tempnam'
 void stestStack(uint& testnum, uint& testerr) {
                       ^~~~~~~
                       tempnam
zlasdtest/exercise2/simpletest.cpp:176:32: error: 'uint' was not declared in this scope
 void stestStack(uint& testnum, uint& testerr) {
                                ^~~~
zlasdtest/exercise2/simpletest.cpp:176:32: note: suggested alternative: 'int'
 void stestStack(uint& testnum, uint& testerr) {
                                ^~~~
                                int
zlasdtest/exercise2/simpletest.cpp:176:38: error: 'testerr' was not declared in this scope
 void stestStack(uint& testnum, uint& testerr) {
                                      ^~~~~~~
zlasdtest/exercise2/simpletest.cpp:176:38: note: suggested alternative: 'stderr'
 void stestStack(uint& testnum, uint& testerr) {
                                      ^~~~~~~
                                      stderr
zlasdtest/exercise2/simpletest.cpp:189:30: error: 'uint' has not been declared
 void stestQueueInt(Que& que, uint& testnum, uint& testerr) {
                              ^~~~
zlasdtest/exercise2/simpletest.cpp:189:45: error: 'uint' has not been declared
 void stestQueueInt(Que& que, uint& testnum, uint& testerr) {
                                             ^~~~
zlasdtest/exercise2/simpletest.cpp: In function 'void stestQueueInt(Que&, int&, int&)':
zlasdtest/exercise2/simpletest.cpp:190:3: error: 'uint' was not declared in this scope
   uint loctestnum = 0, loctesterr = 0;
   ^~~~
zlasdtest/exercise2/simpletest.cpp:190:3: note: suggested alternative: 'int'
   uint loctestnum = 0, loctesterr = 0;
   ^~~~
   int
zlasdtest/exercise2/simpletest.cpp:192:11: error: 'loctestnum' was not declared in this scope
     Empty(loctestnum, loctesterr, que, true);
           ^~~~~~~~~~
zlasdtest/exercise2/simpletest.cpp:192:11: note: suggested alternative: 'testnum'
     Empty(loctestnum, loctesterr, que, true);
           ^~~~~~~~~~
           testnum
zlasdtest/exercise2/simpletest.cpp:192:23: error: 'loctesterr' was not declared in this scope
     Empty(loctestnum, loctesterr, que, true);
                       ^~~~~~~~~~
zlasdtest/exercise2/simpletest.cpp:192:23: note: suggested alternative: 'testerr'
     Empty(loctestnum, loctesterr, que, true);
                       ^~~~~~~~~~
                       testerr
zlasdtest/exercise2/simpletest.cpp:234:5: error: 'loctestnum' was not declared in this scope
     loctestnum++; loctesterr++;
     ^~~~~~~~~~
zlasdtest/exercise2/simpletest.cpp:234:5: note: suggested alternative: 'testnum'
     loctestnum++; loctesterr++;
     ^~~~~~~~~~
     testnum
zlasdtest/exercise2/simpletest.cpp:234:19: error: 'loctesterr' was not declared in this scope
     loctestnum++; loctesterr++;
                   ^~~~~~~~~~
zlasdtest/exercise2/simpletest.cpp:234:19: note: suggested alternative: 'testerr'
     loctestnum++; loctesterr++;
                   ^~~~~~~~~~
                   testerr
zlasdtest/exercise2/simpletest.cpp:237:14: error: 'loctestnum' was not declared in this scope
   testnum += loctestnum;
              ^~~~~~~~~~
zlasdtest/exercise2/simpletest.cpp:237:14: note: suggested alternative: 'testnum'
   testnum += loctestnum;
              ^~~~~~~~~~
              testnum
zlasdtest/exercise2/simpletest.cpp:238:14: error: 'loctesterr' was not declared in this scope
   testerr += loctesterr;
              ^~~~~~~~~~
zlasdtest/exercise2/simpletest.cpp:238:14: note: suggested alternative: 'testerr'
   testerr += loctesterr;
              ^~~~~~~~~~
              testerr
zlasdtest/exercise2/simpletest.cpp: At global scope:
zlasdtest/exercise2/simpletest.cpp:241:20: error: variable or field 'stestQueueInt' declared void
 void stestQueueInt(uint& testnum, uint& testerr) {
                    ^~~~
zlasdtest/exercise2/simpletest.cpp:241:20: error: 'uint' was not declared in this scope
zlasdtest/exercise2/simpletest.cpp:241:20: note: suggested alternative: 'int'
 void stestQueueInt(uint& testnum, uint& testerr) {
                    ^~~~
                    int
zlasdtest/exercise2/simpletest.cpp:241:26: error: 'testnum' was not declared in this scope
 void stestQueueInt(uint& testnum, uint& testerr) {
                          ^~~~~~~
zlasdtest/exercise2/simpletest.cpp:241:26: note: suggested alternative: 'tempnam'
 void stestQueueInt(uint& testnum, uint& testerr) {
                          ^~~~~~~
                          tempnam
zlasdtest/exercise2/simpletest.cpp:241:35: error: 'uint' was not declared in this scope
 void stestQueueInt(uint& testnum, uint& testerr) {
                                   ^~~~
zlasdtest/exercise2/simpletest.cpp:241:35: note: suggested alternative: 'int'
 void stestQueueInt(uint& testnum, uint& testerr) {
                                   ^~~~
                                   int
zlasdtest/exercise2/simpletest.cpp:241:41: error: 'testerr' was not declared in this scope
 void stestQueueInt(uint& testnum, uint& testerr) {
                                         ^~~~~~~
zlasdtest/exercise2/simpletest.cpp:241:41: note: suggested alternative: 'stderr'
 void stestQueueInt(uint& testnum, uint& testerr) {
                                         ^~~~~~~
                                         stderr
zlasdtest/exercise2/simpletest.cpp:254:32: error: 'uint' has not been declared
 void stestQueueFloat(Que& que, uint& testnum, uint& testerr) {
                                ^~~~
zlasdtest/exercise2/simpletest.cpp:254:47: error: 'uint' has not been declared
 void stestQueueFloat(Que& que, uint& testnum, uint& testerr) {
                                               ^~~~
zlasdtest/exercise2/simpletest.cpp: In function 'void stestQueueFloat(Que&, int&, int&)':
zlasdtest/exercise2/simpletest.cpp:255:3: error: 'uint' was not declared in this scope
   uint loctestnum = 0, loctesterr = 0;
   ^~~~
zlasdtest/exercise2/simpletest.cpp:255:3: note: suggested alternative: 'int'
   uint loctestnum = 0, loctesterr = 0;
   ^~~~
   int
zlasdtest/exercise2/simpletest.cpp:257:16: error: 'loctestnum' was not declared in this scope
       EnqueueC(loctestnum, loctesterr, que, 5.9);
                ^~~~~~~~~~
zlasdtest/exercise2/simpletest.cpp:257:16: note: suggested alternative: 'testnum'
       EnqueueC(loctestnum, loctesterr, que, 5.9);
                ^~~~~~~~~~
                testnum
zlasdtest/exercise2/simpletest.cpp:257:28: error: 'loctesterr' was not declared in this scope
       EnqueueC(loctestnum, loctesterr, que, 5.9);
                            ^~~~~~~~~~
zlasdtest/exercise2/simpletest.cpp:257:28: note: suggested alternative: 'testerr'
       EnqueueC(loctestnum, loctesterr, que, 5.9);
                            ^~~~~~~~~~
                            testerr
zlasdtest/exercise2/simpletest.cpp:270:5: error: 'loctestnum' was not declared in this scope
     loctestnum++; loctesterr++;
     ^~~~~~~~~~
zlasdtest/exercise2/simpletest.cpp:270:5: note: suggested alternative: 'testnum'
     loctestnum++; loctesterr++;
     ^~~~~~~~~~
     testnum
zlasdtest/exercise2/simpletest.cpp:270:19: error: 'loctesterr' was not declared in this scope
     loctestnum++; loctesterr++;
                   ^~~~~~~~~~
zlasdtest/exercise2/simpletest.cpp:270:19: note: suggested alternative: 'testerr'
     loctestnum++; loctesterr++;
                   ^~~~~~~~~~
                   testerr
zlasdtest/exercise2/simpletest.cpp:273:14: error: 'loctestnum' was not declared in this scope
   testnum += loctestnum;
              ^~~~~~~~~~
zlasdtest/exercise2/simpletest.cpp:273:14: note: suggested alternative: 'testnum'
   testnum += loctestnum;
              ^~~~~~~~~~
              testnum
zlasdtest/exercise2/simpletest.cpp:274:14: error: 'loctesterr' was not declared in this scope
   testerr += loctesterr;
              ^~~~~~~~~~
zlasdtest/exercise2/simpletest.cpp:274:14: note: suggested alternative: 'testerr'
   testerr += loctesterr;
              ^~~~~~~~~~
              testerr
zlasdtest/exercise2/simpletest.cpp: At global scope:
zlasdtest/exercise2/simpletest.cpp:277:22: error: variable or field 'stestQueueFloat' declared void
 void stestQueueFloat(uint& testnum, uint& testerr) {
                      ^~~~
zlasdtest/exercise2/simpletest.cpp:277:22: error: 'uint' was not declared in this scope
zlasdtest/exercise2/simpletest.cpp:277:22: note: suggested alternative: 'int'
 void stestQueueFloat(uint& testnum, uint& testerr) {
                      ^~~~
                      int
zlasdtest/exercise2/simpletest.cpp:277:28: error: 'testnum' was not declared in this scope
 void stestQueueFloat(uint& testnum, uint& testerr) {
                            ^~~~~~~
zlasdtest/exercise2/simpletest.cpp:277:28: note: suggested alternative: 'tempnam'
 void stestQueueFloat(uint& testnum, uint& testerr) {
                            ^~~~~~~
                            tempnam
zlasdtest/exercise2/simpletest.cpp:277:37: error: 'uint' was not declared in this scope
 void stestQueueFloat(uint& testnum, uint& testerr) {
                                     ^~~~
zlasdtest/exercise2/simpletest.cpp:277:37: note: suggested alternative: 'int'
 void stestQueueFloat(uint& testnum, uint& testerr) {
                                     ^~~~
                                     int
zlasdtest/exercise2/simpletest.cpp:277:43: error: 'testerr' was not declared in this scope
 void stestQueueFloat(uint& testnum, uint& testerr) {
                                           ^~~~~~~
zlasdtest/exercise2/simpletest.cpp:277:43: note: suggested alternative: 'stderr'
 void stestQueueFloat(uint& testnum, uint& testerr) {
                                           ^~~~~~~
                                           stderr
zlasdtest/exercise2/simpletest.cpp:290:33: error: 'uint' has not been declared
 void stestQueueString(Que& que, uint& testnum, uint& testerr) {
                                 ^~~~
zlasdtest/exercise2/simpletest.cpp:290:48: error: 'uint' has not been declared
 void stestQueueString(Que& que, uint& testnum, uint& testerr) {
                                                ^~~~
zlasdtest/exercise2/simpletest.cpp: In function 'void stestQueueString(Que&, int&, int&)':
zlasdtest/exercise2/simpletest.cpp:291:3: error: 'uint' was not declared in this scope
   uint loctestnum = 0, loctesterr = 0;
   ^~~~
zlasdtest/exercise2/simpletest.cpp:291:3: note: suggested alternative: 'int'
   uint loctestnum = 0, loctesterr = 0;
   ^~~~
   int
zlasdtest/exercise2/simpletest.cpp:293:14: error: 'loctestnum' was not declared in this scope
     EnqueueM(loctestnum, loctesterr, que, string("A"));
              ^~~~~~~~~~
zlasdtest/exercise2/simpletest.cpp:293:14: note: suggested alternative: 'testnum'
     EnqueueM(loctestnum, loctesterr, que, string("A"));
              ^~~~~~~~~~
              testnum
zlasdtest/exercise2/simpletest.cpp:293:26: error: 'loctesterr' was not declared in this scope
     EnqueueM(loctestnum, loctesterr, que, string("A"));
                          ^~~~~~~~~~
zlasdtest/exercise2/simpletest.cpp:293:26: note: suggested alternative: 'testerr'
     EnqueueM(loctestnum, loctesterr, que, string("A"));
                          ^~~~~~~~~~
                          testerr
zlasdtest/exercise2/simpletest.cpp:304:5: error: 'loctestnum' was not declared in this scope
     loctestnum++; loctesterr++;
     ^~~~~~~~~~
zlasdtest/exercise2/simpletest.cpp:304:5: note: suggested alternative: 'testnum'
     loctestnum++; loctesterr++;
     ^~~~~~~~~~
     testnum
zlasdtest/exercise2/simpletest.cpp:304:19: error: 'loctesterr' was not declared in this scope
     loctestnum++; loctesterr++;
                   ^~~~~~~~~~
zlasdtest/exercise2/simpletest.cpp:304:19: note: suggested alternative: 'testerr'
     loctestnum++; loctesterr++;
                   ^~~~~~~~~~
                   testerr
zlasdtest/exercise2/simpletest.cpp:307:14: error: 'loctestnum' was not declared in this scope
   testnum += loctestnum;
              ^~~~~~~~~~
zlasdtest/exercise2/simpletest.cpp:307:14: note: suggested alternative: 'testnum'
   testnum += loctestnum;
              ^~~~~~~~~~
              testnum
zlasdtest/exercise2/simpletest.cpp:308:14: error: 'loctesterr' was not declared in this scope
   testerr += loctesterr;
              ^~~~~~~~~~
zlasdtest/exercise2/simpletest.cpp:308:14: note: suggested alternative: 'testerr'
   testerr += loctesterr;
              ^~~~~~~~~~
              testerr
zlasdtest/exercise2/simpletest.cpp: At global scope:
zlasdtest/exercise2/simpletest.cpp:311:23: error: variable or field 'stestQueueString' declared void
 void stestQueueString(uint& testnum, uint& testerr) {
                       ^~~~
zlasdtest/exercise2/simpletest.cpp:311:23: error: 'uint' was not declared in this scope
zlasdtest/exercise2/simpletest.cpp:311:23: note: suggested alternative: 'int'
 void stestQueueString(uint& testnum, uint& testerr) {
                       ^~~~
                       int
zlasdtest/exercise2/simpletest.cpp:311:29: error: 'testnum' was not declared in this scope
 void stestQueueString(uint& testnum, uint& testerr) {
                             ^~~~~~~
zlasdtest/exercise2/simpletest.cpp:311:29: note: suggested alternative: 'tempnam'
 void stestQueueString(uint& testnum, uint& testerr) {
                             ^~~~~~~
                             tempnam
zlasdtest/exercise2/simpletest.cpp:311:38: error: 'uint' was not declared in this scope
 void stestQueueString(uint& testnum, uint& testerr) {
                                      ^~~~
zlasdtest/exercise2/simpletest.cpp:311:38: note: suggested alternative: 'int'
 void stestQueueString(uint& testnum, uint& testerr) {
                                      ^~~~
                                      int
zlasdtest/exercise2/simpletest.cpp:311:44: error: 'testerr' was not declared in this scope
 void stestQueueString(uint& testnum, uint& testerr) {
                                            ^~~~~~~
zlasdtest/exercise2/simpletest.cpp:311:44: note: suggested alternative: 'stderr'
 void stestQueueString(uint& testnum, uint& testerr) {
                                            ^~~~~~~
                                            stderr
zlasdtest/exercise2/simpletest.cpp:342:17: error: variable or field 'stestQueue' declared void
 void stestQueue(uint& testnum, uint& testerr) {
                 ^~~~
zlasdtest/exercise2/simpletest.cpp:342:17: error: 'uint' was not declared in this scope
zlasdtest/exercise2/simpletest.cpp:342:17: note: suggested alternative: 'int'
 void stestQueue(uint& testnum, uint& testerr) {
                 ^~~~
                 int
zlasdtest/exercise2/simpletest.cpp:342:23: error: 'testnum' was not declared in this scope
 void stestQueue(uint& testnum, uint& testerr) {
                       ^~~~~~~
zlasdtest/exercise2/simpletest.cpp:342:23: note: suggested alternative: 'tempnam'
 void stestQueue(uint& testnum, uint& testerr) {
                       ^~~~~~~
                       tempnam
zlasdtest/exercise2/simpletest.cpp:342:32: error: 'uint' was not declared in this scope
 void stestQueue(uint& testnum, uint& testerr) {
                                ^~~~
zlasdtest/exercise2/simpletest.cpp:342:32: note: suggested alternative: 'int'
 void stestQueue(uint& testnum, uint& testerr) {
                                ^~~~
                                int
zlasdtest/exercise2/simpletest.cpp:342:38: error: 'testerr' was not declared in this scope
 void stestQueue(uint& testnum, uint& testerr) {
                                      ^~~~~~~
zlasdtest/exercise2/simpletest.cpp:342:38: note: suggested alternative: 'stderr'
 void stestQueue(uint& testnum, uint& testerr) {
                                      ^~~~~~~
                                      stderr
zlasdtest/exercise2/simpletest.cpp: In function 'void testSimpleExercise2()':
zlasdtest/exercise2/simpletest.cpp:355:3: error: 'uint' was not declared in this scope
   uint testnum = 0, testerr = 0;
   ^~~~
zlasdtest/exercise2/simpletest.cpp:355:3: note: suggested alternative: 'int'
   uint testnum = 0, testerr = 0;
   ^~~~
   int
zlasdtest/exercise2/simpletest.cpp:356:14: error: 'testnum' was not declared in this scope
   stestStack(testnum, testerr);
              ^~~~~~~
zlasdtest/exercise2/simpletest.cpp:356:14: note: suggested alternative: 'tempnam'
   stestStack(testnum, testerr);
              ^~~~~~~
              tempnam
zlasdtest/exercise2/simpletest.cpp:356:23: error: 'testerr' was not declared in this scope
   stestStack(testnum, testerr);
                       ^~~~~~~
zlasdtest/exercise2/simpletest.cpp:356:23: note: suggested alternative: 'stderr'
   stestStack(testnum, testerr);
                       ^~~~~~~
                       stderr
zlasdtest/exercise2/simpletest.cpp:356:3: error: 'stestStack' was not declared in this scope
   stestStack(testnum, testerr);
   ^~~~~~~~~~
zlasdtest/exercise2/simpletest.cpp:356:3: note: suggested alternative: 'stestStackInt'
   stestStack(testnum, testerr);
   ^~~~~~~~~~
   stestStackInt
zlasdtest/exercise2/simpletest.cpp:357:3: error: 'stestQueue' was not declared in this scope
   stestQueue(testnum, testerr);
   ^~~~~~~~~~
zlasdtest/exercise2/simpletest.cpp:357:3: note: suggested alternative: 'stestQueueInt'
   stestQueue(testnum, testerr);
   ^~~~~~~~~~
   stestQueueInt
zlasdtest/container/container.cpp:12:12: error: variable or field 'Empty' declared void
 void Empty(uint& testnum, uint& testerr, const lasd::Container& con, bool chk) {
            ^~~~
zlasdtest/container/container.cpp:12:12: error: 'uint' was not declared in this scope
zlasdtest/container/container.cpp:12:12: note: suggested alternative: 'int'
 void Empty(uint& testnum, uint& testerr, const lasd::Container& con, bool chk) {
            ^~~~
            int
zlasdtest/container/container.cpp:12:18: error: 'testnum' was not declared in this scope
 void Empty(uint& testnum, uint& testerr, const lasd::Container& con, bool chk) {
                  ^~~~~~~
zlasdtest/container/container.cpp:12:18: note: suggested alternative: 'tempnam'
 void Empty(uint& testnum, uint& testerr, const lasd::Container& con, bool chk) {
                  ^~~~~~~
                  tempnam
zlasdtest/container/container.cpp:12:27: error: 'uint' was not declared in this scope
 void Empty(uint& testnum, uint& testerr, const lasd::Container& con, bool chk) {
                           ^~~~
zlasdtest/container/container.cpp:12:27: note: suggested alternative: 'int'
 void Empty(uint& testnum, uint& testerr, const lasd::Container& con, bool chk) {
                           ^~~~
                           int
zlasdtest/container/container.cpp:12:33: error: 'testerr' was not declared in this scope
 void Empty(uint& testnum, uint& testerr, const lasd::Container& con, bool chk) {
                                 ^~~~~~~
zlasdtest/container/container.cpp:12:33: note: suggested alternative: 'stderr'
 void Empty(uint& testnum, uint& testerr, const lasd::Container& con, bool chk) {
                                 ^~~~~~~
                                 stderr
zlasdtest/container/container.cpp:12:42: error: expected primary-expression before 'const'
 void Empty(uint& testnum, uint& testerr, const lasd::Container& con, bool chk) {
                                          ^~~~~
zlasdtest/container/container.cpp:12:70: error: expected primary-expression before 'bool'
 void Empty(uint& testnum, uint& testerr, const lasd::Container& con, bool chk) {
                                                                      ^~~~
zlasdtest/container/container.cpp:20:11: error: variable or field 'Size' declared void
 void Size(uint& testnum, uint& testerr, const lasd::Container& con, bool chk, ulong siz) {
           ^~~~
zlasdtest/container/container.cpp:20:11: error: 'uint' was not declared in this scope
zlasdtest/container/container.cpp:20:11: note: suggested alternative: 'int'
 void Size(uint& testnum, uint& testerr, const lasd::Container& con, bool chk, ulong siz) {
           ^~~~
           int
zlasdtest/container/container.cpp:20:17: error: 'testnum' was not declared in this scope
 void Size(uint& testnum, uint& testerr, const lasd::Container& con, bool chk, ulong siz) {
                 ^~~~~~~
zlasdtest/container/container.cpp:20:17: note: suggested alternative: 'tempnam'
 void Size(uint& testnum, uint& testerr, const lasd::Container& con, bool chk, ulong siz) {
                 ^~~~~~~
                 tempnam
zlasdtest/container/container.cpp:20:26: error: 'uint' was not declared in this scope
 void Size(uint& testnum, uint& testerr, const lasd::Container& con, bool chk, ulong siz) {
                          ^~~~
zlasdtest/container/container.cpp:20:26: note: suggested alternative: 'int'
 void Size(uint& testnum, uint& testerr, const lasd::Container& con, bool chk, ulong siz) {
                          ^~~~
                          int
zlasdtest/container/container.cpp:20:32: error: 'testerr' was not declared in this scope
 void Size(uint& testnum, uint& testerr, const lasd::Container& con, bool chk, ulong siz) {
                                ^~~~~~~
zlasdtest/container/container.cpp:20:32: note: suggested alternative: 'stderr'
 void Size(uint& testnum, uint& testerr, const lasd::Container& con, bool chk, ulong siz) {
                                ^~~~~~~
                                stderr
zlasdtest/container/container.cpp:20:41: error: expected primary-expression before 'const'
 void Size(uint& testnum, uint& testerr, const lasd::Container& con, bool chk, ulong siz) {
                                         ^~~~~
zlasdtest/container/container.cpp:20:69: error: expected primary-expression before 'bool'
 void Size(uint& testnum, uint& testerr, const lasd::Container& con, bool chk, ulong siz) {
                                                                     ^~~~
zlasdtest/container/container.cpp:20:79: error: 'ulong' was not declared in this scope
 void Size(uint& testnum, uint& testerr, const lasd::Container& con, bool chk, ulong siz) {
                                                                               ^~~~~
zlasdtest/container/container.cpp:20:79: note: suggested alternative: 'long'
 void Size(uint& testnum, uint& testerr, const lasd::Container& con, bool chk, ulong siz) {
                                                                               ^~~~~
                                                                               long
